[embed-swap] confirmed model=thenlper/gte-large dim=1024
[embed-swap] core module file: /Users/bunny/.openclaw/workspace/cashew/papers/locomo-run/cashew-gte/core/embedding_service.py
[2026-05-08 09:37:12] START embed-swap conv=conv-26 model=thenlper/gte-large dim=1024
[2026-05-08 09:37:12] results -> /Users/bunny/.openclaw/workspace/cashew/papers/locomo-run/results-gte-large.jsonl
[2026-05-08 09:37:12] dbs -> /Users/bunny/.openclaw/workspace/cashew/papers/locomo-run/dbs-gte
[2026-05-08 09:37:12] qa count = 199
[2026-05-08 09:37:12] db path = /Users/bunny/.openclaw/workspace/cashew/papers/locomo-run/dbs-gte/conv-26-A.db
[2026-05-08 09:37:12] resume: 0 questions already in results
[2026-05-08 09:37:12] existing nodes in db: 0
Warning: You are sending unauthenticated requests to the HF Hub. Please set a HF_TOKEN to enable higher rate limits and faster downloads.
WARNING:huggingface_hub.utils._http:Warning: You are sending unauthenticated requests to the HF Hub. Please set a HF_TOKEN to enable higher rate limits and faster downloads.
Loading weights:   0%|          | 0/391 [00:00<?, ?it/s]Loading weights: 100%|██████████| 391/391 [00:00<00:00, 19976.53it/s]
[1mBertModel LOAD REPORT[0m from: thenlper/gte-large
Key                     | Status     |  | 
------------------------+------------+--+-
embeddings.position_ids | UNEXPECTED |  | 

[3mNotes:
- UNEXPECTED[3m	:can be ignored when loading from different task/architecture; not ok if you expect identical arch.[0m
[2026-05-08 09:37:23] ingest s1: new_nodes=9 new_edges=27 delta=9
[2026-05-08 09:37:33] ingest s2: new_nodes=10 new_edges=30 delta=10
[2026-05-08 09:37:46] ingest s3: new_nodes=14 new_edges=42 delta=14
[2026-05-08 09:37:59] ingest s4: new_nodes=11 new_edges=33 delta=11
[2026-05-08 09:38:07] ingest s5: new_nodes=7 new_edges=21 delta=7
[2026-05-08 09:38:20] ingest s6: new_nodes=8 new_edges=24 delta=8
[2026-05-08 09:38:32] ingest s7: new_nodes=11 new_edges=33 delta=11
[2026-05-08 09:38:47] ingest s8: new_nodes=18 new_edges=54 delta=18
[2026-05-08 09:38:58] ingest s9: new_nodes=9 new_edges=27 delta=9
[2026-05-08 09:39:13] ingest s10: new_nodes=12 new_edges=36 delta=12
[2026-05-08 09:39:24] ingest s11: new_nodes=10 new_edges=30 delta=10
[2026-05-08 09:39:34] ingest s12: new_nodes=7 new_edges=21 delta=7
[2026-05-08 09:39:48] ingest s13: new_nodes=13 new_edges=39 delta=13
[2026-05-08 09:40:05] ingest s14: new_nodes=14 new_edges=42 delta=14
[2026-05-08 09:40:17] ingest s15: new_nodes=10 new_edges=30 delta=10
[2026-05-08 09:40:32] ingest s16: new_nodes=15 new_edges=45 delta=15
[2026-05-08 09:40:48] ingest s17: new_nodes=14 new_edges=42 delta=14
[2026-05-08 09:40:59] ingest s18: new_nodes=10 new_edges=30 delta=10
[2026-05-08 09:41:08] ingest s19: new_nodes=8 new_edges=24 delta=8
[2026-05-08 09:41:08] ingest complete in 236.3s
[2026-05-08 09:41:08] after ingest: nodes=210 embeddings=210
[2026-05-08 09:41:10] q0 cat2 F1=1.00 EM=1 pred='7 May 2023' gold='7 May 2023'
[2026-05-08 09:41:13] q1 cat2 F1=0.00 EM=0 pred='Last year (relative to when the memory was recorded; no spec' gold='2022'
[2026-05-08 09:41:17] q2 cat3 F1=0.33 EM=0 pred='Counseling and mental health.' gold='Psychology, counseling certification'
[2026-05-08 09:41:20] q3 cat1 F1=0.00 EM=0 pred='Counseling and mental health careers.' gold='Adoption agencies'
[2026-05-08 09:41:23] q4 cat1 F1=0.18 EM=0 pred='Caroline is a transgender woman, originally from Sweden, who' gold='Transgender woman'
[2026-05-08 09:41:26] q5 cat2 F1=0.50 EM=0 pred='Late May 2023' gold='The sunday before 25 May 2023'
[2026-05-08 09:41:28] q6 cat2 F1=1.00 EM=1 pred='June 2023' gold='June 2023'
[2026-05-08 09:41:33] q7 cat1 F1=0.00 EM=0 pred='Caroline went through a difficult breakup at some point afte' gold='Single'
[2026-05-08 09:41:36] q8 cat2 F1=0.50 EM=0 pred='Early June 2023' gold='The week before 9 June 2023'
[2026-05-08 09:41:39] q9 cat2 F1=0.00 EM=0 pred="The retrieved memory doesn't contain a specific date for whe" gold='The week before 9 June 2023'
[2026-05-08 09:41:41] q10 cat2 F1=0.00 EM=0 pred='approximately 2019' gold='4 years'
[2026-05-08 09:41:44] q11 cat1 F1=1.00 EM=1 pred='Sweden' gold='Sweden'
[2026-05-08 09:41:46] q12 cat2 F1=0.33 EM=0 pred='Approximately May 2013 (roughly 10 years before June 2023).' gold='10 years ago'
[2026-05-08 09:41:49] q13 cat1 F1=0.29 EM=0 pred='Counseling and mental health, motivated by her own personal ' gold='counseling or mental health for Transgender people'
[2026-05-08 09:41:53] q14 cat3 F1=0.05 EM=0 pred="Based on the memory, likely not — Caroline's counseling care" gold='Likely no'
[2026-05-08 09:41:57] q15 cat1 F1=0.40 EM=0 pred='Running, reading, playing violin, pottery, and painting.' gold='pottery, camping, painting, swimming'
[2026-05-08 09:41:58] q16 cat2 F1=0.80 EM=0 pred='July 2023' gold='2 July 2023'
[2026-05-08 09:42:01] q17 cat2 F1=1.00 EM=1 pred='July 2023' gold='July 2023'
[2026-05-08 09:42:04] q18 cat1 F1=1.00 EM=1 pred='The forest, the mountains, and the beach.' gold='beach, mountains, forest'
[2026-05-08 09:42:08] q19 cat1 F1=0.12 EM=0 pred="Melanie's kids love learning about animals, nature, and enjo" gold='dinosaurs, nature'
[2026-05-08 09:42:10] q20 cat2 F1=0.67 EM=0 pred='7 July 2023' gold='5 July 2023'
[2026-05-08 09:42:13] q21 cat2 F1=0.50 EM=0 pred='Early July 2023' gold='The week before 6 July 2023'
[2026-05-08 09:42:15] q22 cat3 F1=0.27 EM=0 pred='Yes — her library includes "classics," which Dr. Seuss fits,' gold="Yes, since she collects classic children's books"
[2026-05-08 09:42:19] q23 cat1 F1=0.21 EM=0 pred="Melanie's favourite childhood book is **Charlotte's Web**. S" gold='"Nothing is Impossible", "Charlotte\'s Web"'
[2026-05-08 09:42:22] q24 cat1 F1=0.29 EM=0 pred='Melanie paints, practices pottery, plays clarinet, plays vio' gold='Running, pottery'
[2026-05-08 09:42:24] q25 cat2 F1=1.00 EM=1 pred='10 July 2023' gold='10 July 2023'
[2026-05-08 09:42:27] q26 cat2 F1=0.00 EM=0 pred="The memory doesn't contain a specific date for when Melanie " gold='2022'
[2026-05-08 09:42:30] q27 cat3 F1=0.14 EM=0 pred='No information available.' gold='LIkely no; though she likes reading, she wants to '
[2026-05-08 09:42:33] q28 cat2 F1=0.50 EM=0 pred='7 July 2023' gold='The friday before 15 July 2023'
[2026-05-08 09:42:35] q29 cat2 F1=0.50 EM=0 pred='7 July 2023' gold='The Friday before 15 July 2023'
[2026-05-08 09:42:38] q30 cat3 F1=0.13 EM=0 pred='No information available.' gold='Likely no, she does not refer to herself as part o'
[2026-05-08 09:42:42] q31 cat2 F1=0.50 EM=0 pred='19 June 2023' gold='The week before 27 June 2023'
[2026-05-08 09:42:46] q32 cat1 F1=0.15 EM=0 pred='Caroline attended an LGBTQ+ pride parade in late June 2023, ' gold='Pride parade, school speech, support group'
[2026-05-08 09:42:50] q33 cat2 F1=0.25 EM=0 pred='11 August 2023' gold='The week before 3 July 2023'
[2026-05-08 09:42:53] q34 cat1 F1=0.07 EM=0 pred='Caroline **gave a talk about her transgender journey at a sc' gold='Mentoring program, school speech'
[2026-05-08 09:42:56] q35 cat2 F1=0.35 EM=0 pred='The week of 19–25 June 2023 (mountain trip), and separately ' gold='two weekends before 17 July 2023'
[2026-05-08 09:42:59] q36 cat2 F1=0.57 EM=0 pred='July 2023' gold='The weekend before 17 July 2023'
[2026-05-08 09:43:02] q37 cat1 F1=0.00 EM=0 pred='A sunflower, and she is planning additional paintings inspir' gold='sunset'
[2026-05-08 09:43:05] q38 cat1 F1=0.22 EM=0 pred='Games, food, and outdoor time outings; beach camping; hiking' gold='Pottery, painting, camping, museum, swimming, hiki'
[2026-05-08 09:43:08] q39 cat1 F1=0.28 EM=0 pred='Caroline volunteers for the LGBTQ+ community, participates i' gold='Joining activist group, going to pride parades, pa'
[2026-05-08 09:43:11] q40 cat1 F1=0.00 EM=0 pred='Once or twice (her family goes to the beach "only once or tw' gold='2'
[2026-05-08 09:43:13] q41 cat2 F1=0.50 EM=0 pred='18 July 2023' gold='The Tuesday before 20 July 2023'
[2026-05-08 09:43:16] q42 cat3 F1=0.35 EM=0 pred='National park — Melanie loves nature, camping, hiking, and f' gold='National park; she likes the outdoors'
[2026-05-08 09:43:20] q43 cat1 F1=0.15 EM=0 pred='Abstract and visual art centered on trans identity, self-acc' gold='abstract art'
[2026-05-08 09:43:22] q44 cat2 F1=0.80 EM=0 pred='13 August 2023' gold='13 August'
[2026-05-08 09:43:24] q45 cat2 F1=0.50 EM=0 pred='11 August 2023' gold='The Friday before 14 August 2023'
[2026-05-08 09:43:28] q46 cat3 F1=0.11 EM=0 pred='Yes — Melanie "expressed consistent emotional support for Ca' gold='Yes, she is supportive'
[2026-05-08 09:43:30] q47 cat1 F1=0.22 EM=0 pred='Friends, family, and role models — including a close support' gold='Her mentors, family, and friends'
[2026-05-08 09:43:33] q48 cat1 F1=0.18 EM=0 pred='Melanie made a **decorative plate with flowers** and **a bow' gold='bowls, cup'
[2026-05-08 09:43:37] q49 cat2 F1=0.67 EM=0 pred='Summer 2022' gold='2022'
[2026-05-08 09:43:41] q50 cat3 F1=0.00 EM=0 pred='Left-leaning / progressive — she "actively supports LGBTQ ri' gold='Liberal'
[2026-05-08 09:43:46] q51 cat1 F1=0.18 EM=0 pred='Melanie has painted: a sunflower, a sunset-inspired piece, a' gold='Horse, sunset, sunrise'
[2026-05-08 09:43:48] q52 cat1 F1=0.21 EM=0 pred='Melanie has a black dog named **Oliver** and a cat named **B' gold='Oliver, Luna, Bailey'
[2026-05-08 09:43:50] q53 cat2 F1=0.57 EM=0 pred='August 2023' gold='The week of 23 August 2023'
[2026-05-08 09:43:54] q54 cat2 F1=0.00 EM=0 pred="The memory doesn't include a specific date for when Caroline" gold='The week before 23 August 2023'
[2026-05-08 09:43:58] q55 cat1 F1=0.06 EM=0 pred='Nature / landscapes — both Caroline and Melanie have been ac' gold='Sunsets'
[2026-05-08 09:44:01] q56 cat1 F1=0.00 EM=0 pred='A **cross and heart necklace** (gifted by her grandmother, r' gold='Rainbow flag, transgender symbol'
[2026-05-08 09:44:03] q57 cat2 F1=0.57 EM=0 pred='August 2023' gold='The week before 25 August 2023'
[2026-05-08 09:44:06] q58 cat2 F1=0.15 EM=0 pred="The retrieved memory doesn't specify a date for when Melanie" gold='24 August 2023'
[2026-05-08 09:44:12] q59 cat3 F1=0.09 EM=0 pred='Based on the memory, Caroline owns a necklace with a cross a' gold='Somewhat, but not extremely religious'
[2026-05-08 09:44:15] q60 cat1 F1=0.27 EM=0 pred='Melanie plays **violin** and **clarinet** (started clarinet ' gold='clarinet and violin'
[2026-05-08 09:44:19] q61 cat1 F1=1.00 EM=1 pred="'Summer Sounds' and Matt Patterson." gold='Summer Sounds, Matt Patterson'
[2026-05-08 09:44:23] q62 cat2 F1=1.00 EM=1 pred='27 August 2023' gold='27 August 2023'
[2026-05-08 09:44:26] q63 cat2 F1=1.00 EM=1 pred='September 2023' gold='September 2023'
[2026-05-08 09:44:31] q64 cat3 F1=0.17 EM=0 pred="Yes — Melanie's musical tastes span classical composers (Bac" gold="Yes; it's classical music"
[2026-05-08 09:44:35] q65 cat1 F1=0.18 EM=0 pred='Some friendships changed — some close friends remained suppo' gold='Changes to her body, losing unsupportive friends'
[2026-05-08 09:44:37] q66 cat1 F1=0.00 EM=0 pred='Explores forests and connects with nature.' gold='Roast marshmallows, tell stories'
[2026-05-08 09:44:41] q67 cat2 F1=0.50 EM=0 pred='~9 September 2023' gold='The weekend before 13 September 2023'
[2026-05-08 09:44:44] q68 cat2 F1=0.00 EM=0 pred='7 years' gold='Since 2016'
[2026-05-08 09:44:48] q69 cat3 F1=0.00 EM=0 pred='Based on the memory, Melanie would likely say Caroline is **' gold='Thoughtful, authentic, driven'
[2026-05-08 09:44:51] q70 cat1 F1=0.12 EM=0 pred='Caroline attended:\n- A **transgender conference** on **July ' gold='Poetry reading, conference'
[2026-05-08 09:44:53] q71 cat1 F1=0.00 EM=0 pred='No information available.' gold='"Becoming Nicole"'
[2026-05-08 09:44:56] q72 cat2 F1=0.00 EM=0 pred='2022/2023' gold='2022'
[2026-05-08 09:45:00] q73 cat2 F1=1.00 EM=1 pred='September 2023' gold='September 2023'
[2026-05-08 09:45:03] q74 cat2 F1=0.57 EM=0 pred='October 2023' gold='The weekend before 20 October 2023'
[2026-05-08 09:45:05] q75 cat1 F1=0.00 EM=0 pred='At least three children, including a youngest daughter.' gold='3'
[2026-05-08 09:45:07] q76 cat1 F1=0.55 EM=0 pred='Around 19 October 2023 (the day after the road trip).' gold='19 October 2023'
[2026-05-08 09:45:12] q77 cat3 F1=0.03 EM=0 pred="Based on Melanie's history — she loves camping trips and nat" gold='Likely no; since this one went badly'
[2026-05-08 09:45:14] q78 cat1 F1=0.18 EM=0 pred='Wooden family figurines (21 October 2023) and pink running s' gold='Figurines, shoes'
[2026-05-08 09:45:17] q79 cat2 F1=0.50 EM=0 pred='20 October 2023' gold='The Friday before 22 October 2023'
[2026-05-08 09:45:19] q80 cat2 F1=1.00 EM=1 pred='21 October 2023' gold='21 October 2023'
[2026-05-08 09:45:22] q81 cat3 F1=0.20 EM=0 pred='No information available.' gold="No; she's in the process of adopting children."
[2026-05-08 09:45:25] q82 cat4 F1=0.80 EM=0 pred='Mental health awareness.' gold='mental health'
[2026-05-08 09:45:26] q83 cat4 F1=0.00 EM=0 pred='No information available.' gold='self-care is important'
[2026-05-08 09:45:29] q84 cat4 F1=0.27 EM=0 pred='Melanie practices daily self-care through running, reading, ' gold='by carving out some me-time each day for activitie'
[2026-05-08 09:45:32] q85 cat4 F1=0.00 EM=0 pred='Planning a special trip with Melanie focused on nature and c' gold='researching adoption agencies'
[2026-05-08 09:45:35] q86 cat4 F1=0.50 EM=0 pred='LGBTQ+ adoptions' gold='LGBTQ+ individuals'
[2026-05-08 09:45:37] q87 cat4 F1=0.47 EM=0 pred='Because it "supports LGBTQ+ adoptions due to its inclusivity' gold='because of their inclusivity and support for LGBTQ'
[2026-05-08 09:45:39] q88 cat4 F1=0.00 EM=0 pred='Applying to adopt, though feeling both excited and nervous, ' gold='creating a family for kids who need one'
[2026-05-08 09:45:41] q89 cat4 F1=0.10 EM=0 pred='Melanie expressed "consistent emotional support for Caroline' gold='she thinks Caroline is doing something amazing and'
[2026-05-08 09:45:44] q90 cat4 F1=0.32 EM=0 pred='About 5 years as of June 2023 (married around 2018).' gold='Mel and her husband have been married for 5 years.'
[2026-05-08 09:45:46] q91 cat4 F1=0.60 EM=0 pred='Love, faith, and strength, and a reminder of her roots.' gold='love, faith, and strength'
[2026-05-08 09:45:49] q92 cat4 F1=1.00 EM=1 pred='Sweden' gold='Sweden'
[2026-05-08 09:45:51] q93 cat4 F1=0.40 EM=0 pred='A necklace with a cross and heart.' gold='necklace'
[2026-05-08 09:45:54] q94 cat4 F1=0.12 EM=0 pred="No information available.\n\n(The memory describes Melanie's p" gold='art and self-expression'
[2026-05-08 09:45:56] q95 cat4 F1=0.71 EM=0 pred='Explored nature, went hiking, roasted marshmallows, and shar' gold='explored nature, roasted marshmallows, and went on'
[2026-05-08 09:46:01] q96 cat4 F1=0.45 EM=0 pred='Counseling for trans people, focusing on self-acceptance and' gold='working with trans people, helping them accept the'
[2026-05-08 09:46:04] q97 cat4 F1=0.30 EM=0 pred='An LGBTQ+ counseling workshop on Friday, 23 June 2023, which' gold='LGBTQ+ counseling workshop'
[2026-05-08 09:46:07] q98 cat4 F1=0.67 EM=0 pred='The workshop "covered therapeutic methods for working with t' gold='therapeutic methods and how to best work with tran'
[2026-05-08 09:46:09] q99 cat4 F1=0.43 EM=0 pred='Her own personal journey receiving mental health support, an' gold='her own journey and the support she received, and '
[2026-05-08 09:46:12] q100 cat4 F1=0.18 EM=0 pred='A safe, loving home for children who need it — and a more ac' gold='a safe and inviting place for people to grow'
[2026-05-08 09:46:15] q101 cat4 F1=0.11 EM=0 pred='Yes — Melanie made a bowl with a black and white flower desi' gold='Yes'
[2026-05-08 09:46:18] q102 cat4 F1=0.57 EM=0 pred='Classics, multicultural stories, and educational books.' gold="kids' books - classics, stories from different cul"
[2026-05-08 09:46:20] q103 cat4 F1=1.00 EM=1 pred="Charlotte's Web" gold='"Charlotte\'s Web"'
[2026-05-08 09:46:22] q104 cat4 F1=0.00 EM=0 pred='No information available.' gold='"Becoming Nicole"'
[2026-05-08 09:46:24] q105 cat4 F1=0.00 EM=0 pred='Hope and a sense of connection.' gold='Lessons on self-acceptance and finding support'
[2026-05-08 09:46:27] q106 cat4 F1=1.00 EM=1 pred='Running.' gold='Running'
[2026-05-08 09:46:30] q107 cat4 F1=0.55 EM=0 pred='To de-stress and improve her mental health.' gold='To de-stress and clear her mind'
[2026-05-08 09:46:32] q108 cat4 F1=0.86 EM=0 pred='Her **mental health and headspace**.' gold='Her mental health'
[2026-05-08 09:46:37] q109 cat4 F1=0.10 EM=0 pred="Melanie's kids made a cup with a dog face on it, and Melanie" gold='pots'
[2026-05-08 09:46:39] q110 cat4 F1=1.00 EM=1 pred='A cup with a dog face on it.' gold='a cup with a dog face on it'
[2026-05-08 09:46:42] q111 cat4 F1=0.40 EM=0 pred='Painting (specifically nature-inspired paintings).' gold='painting'
[2026-05-08 09:46:44] q112 cat4 F1=1.00 EM=1 pred='A sunset with a palm tree.' gold='a sunset with a palm tree'
[2026-05-08 09:46:47] q113 cat4 F1=0.00 EM=0 pred='Caroline found the council meeting "inspiring and emotional.' gold='many people wanting to create loving homes for chi'
[2026-05-08 09:46:50] q114 cat4 F1=0.00 EM=0 pred='No information available.\n\n(The memory attributes the sunflo' gold='warmth and happiness'
[2026-05-08 09:46:53] q115 cat4 F1=0.60 EM=0 pred="Flowers were an important part of Melanie's wedding decor an" gold='They remind her to appreciate the small moments an'
[2026-05-08 09:46:56] q116 cat4 F1=0.21 EM=0 pred='A beach sunset she visited last week — she was "inspired by ' gold='visiting an LGBTQ center and wanting to capture un'
[2026-05-08 09:46:58] q117 cat4 F1=1.00 EM=1 pred='Once or twice a year.' gold='once or twice a year'
[2026-05-08 09:47:00] q118 cat4 F1=0.00 EM=0 pred='They **explored a forest and went hiking**.' gold='Perseid meteor shower'
[2026-05-08 09:47:03] q119 cat4 F1=0.44 EM=0 pred='A profound sense of smallness and awe.' gold='in awe of the universe'
[2026-05-08 09:47:07] q120 cat4 F1=0.40 EM=0 pred="Her daughter's birthday." gold="Melanie's daughter"
[2026-05-08 09:47:09] q121 cat4 F1=1.00 EM=1 pred='Matt Patterson' gold='Matt Patterson'
[2026-05-08 09:47:11] q122 cat4 F1=0.00 EM=0 pred='No information available.' gold='She wanted to catch the eye and make people smile.'
[2026-05-08 09:47:13] q123 cat4 F1=0.67 EM=0 pred='A guinea pig named Oscar.' gold='guinea pig'
[2026-05-08 09:47:16] q124 cat4 F1=0.24 EM=0 pred='A dog named Oliver and a cat (named either Bailey or Luna — ' gold='Two cats and a dog'
[2026-05-08 09:47:19] q125 cat4 F1=1.00 EM=1 pred="In Melanie's slipper." gold="In Melanie's slipper"
[2026-05-08 09:47:22] q126 cat4 F1=0.67 EM=0 pred='Horseback riding through fields.' gold='Horseback riding'
[2026-05-08 09:47:29] q127 cat4 F1=0.67 EM=0 pred='A stained glass window depicting time and change.' gold='a stained glass window'
[2026-05-08 09:47:32] q128 cat4 F1=0.67 EM=0 pred='A rainbow Pride sidewalk mural.' gold='a rainbow sidewalk'
[2026-05-08 09:47:35] q129 cat4 F1=1.00 EM=1 pred="'Brave' by Sara Bareilles" gold='Brave by Sara Bareilles'
[2026-05-08 09:47:38] q130 cat4 F1=1.00 EM=1 pred='Bach and Mozart.' gold='Bach and Mozart'
[2026-05-08 09:47:43] q131 cat4 F1=0.80 EM=0 pred="Ed Sheeran ('Perfect')." gold='Ed Sheeran'
[2026-05-08 09:47:45] q132 cat4 F1=0.50 EM=0 pred='Seven years.' gold='7 years'
[2026-05-08 09:47:47] q133 cat4 F1=0.00 EM=0 pred='No information available.' gold='A sign stating that someone is not being able to l'
[2026-05-08 09:47:50] q134 cat4 F1=0.59 EM=0 pred='Find an adoption agency or lawyer, gather references/financi' gold='Do research, find an adoption agency or lawyer, ga'
[2026-05-08 09:47:53] q135 cat4 F1=0.27 EM=0 pred='Melanie went on a hike to relax and recover after a road tri' gold='She got hurt and had to take a break from pottery.'
[2026-05-08 09:47:56] q136 cat4 F1=0.00 EM=0 pred='No information available.' gold='Read a book and paint.'
[2026-05-08 09:47:58] q137 cat4 F1=0.00 EM=0 pred='No information available.' gold='A painting inspired by sunsets with a pink sky.'
[2026-05-08 09:48:00] q138 cat4 F1=0.00 EM=0 pred='No information available.' gold='An abstract painting with blue streaks on a wall.'
[2026-05-08 09:48:03] q139 cat4 F1=0.31 EM=0 pred='Transgender poetry.' gold='It was a transgender poetry reading where transgen'
[2026-05-08 09:48:05] q140 cat4 F1=0.00 EM=0 pred='No information available.' gold='"Trans Lives Matter"'
[2026-05-08 09:48:07] q141 cat4 F1=0.11 EM=0 pred='Emotional expression, a way to explore her gender identity, ' gold='Freedom and being true to herself.'
[2026-05-08 09:48:10] q142 cat4 F1=0.00 EM=0 pred='Both feel the other "makes life\'s struggles more bearable."' gold='An ongoing adventure of learning and growing.'
[2026-05-08 09:48:13] q143 cat4 F1=0.17 EM=0 pred="Melanie's son was in a car accident during the road trip; he" gold='He got into an accident'
[2026-05-08 09:48:15] q144 cat4 F1=0.36 EM=0 pred='He was okay.' gold='He was scared but reassured by his family'
[2026-05-08 09:48:18] q145 cat4 F1=0.07 EM=0 pred='Melanie felt that "life is precious and that family must be ' gold='They are important and mean the world to her'
[2026-05-08 09:48:21] q146 cat4 F1=0.00 EM=0 pred="Melanie's children enjoyed the Grand Canyon visit despite th" gold='They were scared but resilient'
[2026-05-08 09:48:23] q147 cat4 F1=0.22 EM=0 pred='Frightened, and reinforced in her belief that life is precio' gold='Grateful and thankful for her family'
[2026-05-08 09:48:26] q148 cat4 F1=0.00 EM=0 pred='No information available.' gold='She was happy and thankful'
[2026-05-08 09:48:29] q149 cat4 F1=0.33 EM=0 pred='Motivation, joy, love, and support.' gold='Strength and motivation'
[2026-05-08 09:48:31] q150 cat4 F1=0.22 EM=0 pred='Melanie\'s family provided "strong emotional support" and she' gold='She appreciated them a lot'
[2026-05-08 09:48:41] q151 cat4 F1=0.32 EM=0 pred='Melanie went on a hike with family the day after the road tr' gold='Went on a nature walk or hike'
[2026-05-08 09:48:43] q152 cat5 F1=1.00 EM=1 pred='Not mentioned in the conversation' gold='Not mentioned in the conversation'
[2026-05-08 09:48:46] q153 cat5 F1=1.00 EM=1 pred='Not mentioned in the conversation' gold='Not mentioned in the conversation'
[2026-05-08 09:48:48] q154 cat5 F1=1.00 EM=1 pred='Not mentioned in the conversation' gold='Not mentioned in the conversation'
[2026-05-08 09:48:50] q155 cat5 F1=1.00 EM=1 pred='Not mentioned in the conversation' gold='Not mentioned in the conversation'
[2026-05-08 09:48:53] q156 cat5 F1=1.00 EM=1 pred='Not mentioned in the conversation' gold='Not mentioned in the conversation'
[2026-05-08 09:48:56] q157 cat5 F1=1.00 EM=1 pred='Not mentioned in the conversation' gold='Not mentioned in the conversation'
[2026-05-08 09:48:58] q158 cat5 F1=1.00 EM=1 pred='Not mentioned in the conversation' gold='Not mentioned in the conversation'
[2026-05-08 09:49:01] q159 cat5 F1=1.00 EM=1 pred='Not mentioned in the conversation' gold='Not mentioned in the conversation'
[2026-05-08 09:49:03] q160 cat5 F1=1.00 EM=1 pred='Not mentioned in the conversation' gold='Not mentioned in the conversation'
[2026-05-08 09:49:06] q161 cat5 F1=1.00 EM=1 pred='Not mentioned in the conversation' gold='Not mentioned in the conversation'
[2026-05-08 09:49:08] q162 cat5 F1=1.00 EM=1 pred='Not mentioned in the conversation' gold='Not mentioned in the conversation'
[2026-05-08 09:49:11] q163 cat5 F1=1.00 EM=1 pred='Not mentioned in the conversation' gold='Not mentioned in the conversation'
[2026-05-08 09:49:13] q164 cat5 F1=1.00 EM=1 pred='Not mentioned in the conversation' gold='Not mentioned in the conversation'
[2026-05-08 09:49:15] q165 cat5 F1=1.00 EM=1 pred='Not mentioned in the conversation' gold='Not mentioned in the conversation'
[2026-05-08 09:49:19] q166 cat5 F1=1.00 EM=1 pred='Not mentioned in the conversation' gold='Not mentioned in the conversation'
[2026-05-08 09:49:21] q167 cat5 F1=1.00 EM=1 pred='No' gold='No'
[2026-05-08 09:49:24] q168 cat5 F1=1.00 EM=1 pred='Not mentioned in the conversation' gold='Not mentioned in the conversation'
[2026-05-08 09:49:28] q169 cat5 F1=1.00 EM=1 pred='Not mentioned in the conversation' gold='Not mentioned in the conversation'
[2026-05-08 09:49:30] q170 cat5 F1=1.00 EM=1 pred='Not mentioned in the conversation' gold='Not mentioned in the conversation'
[2026-05-08 09:49:33] q171 cat5 F1=1.00 EM=1 pred='Not mentioned in the conversation' gold='Not mentioned in the conversation'
[2026-05-08 09:49:36] q172 cat5 F1=1.00 EM=1 pred='Not mentioned in the conversation' gold='Not mentioned in the conversation'
[2026-05-08 09:49:41] q173 cat5 F1=1.00 EM=1 pred='Not mentioned in the conversation' gold='Not mentioned in the conversation'
[2026-05-08 09:49:44] q174 cat5 F1=1.00 EM=1 pred='Not mentioned in the conversation' gold='Not mentioned in the conversation'
[2026-05-08 09:49:47] q175 cat5 F1=1.00 EM=1 pred='Not mentioned in the conversation' gold='Not mentioned in the conversation'
[2026-05-08 09:49:51] q176 cat5 F1=1.00 EM=1 pred='Not mentioned in the conversation' gold='Not mentioned in the conversation'
[2026-05-08 09:49:54] q177 cat5 F1=1.00 EM=1 pred='Not mentioned in the conversation' gold='Not mentioned in the conversation'
[2026-05-08 09:49:56] q178 cat5 F1=1.00 EM=1 pred='No' gold='No'
[2026-05-08 09:49:59] q179 cat5 F1=1.00 EM=1 pred='Not mentioned in the conversation' gold='Not mentioned in the conversation'
[2026-05-08 09:50:02] q180 cat5 F1=1.00 EM=1 pred='Not mentioned in the conversation' gold='Not mentioned in the conversation'
[2026-05-08 09:50:05] q181 cat5 F1=1.00 EM=1 pred='Not mentioned in the conversation' gold='Not mentioned in the conversation'
[2026-05-08 09:50:07] q182 cat5 F1=1.00 EM=1 pred='Not mentioned in the conversation' gold='Not mentioned in the conversation'
[2026-05-08 09:50:10] q183 cat5 F1=1.00 EM=1 pred='Not mentioned in the conversation' gold='Not mentioned in the conversation'
[2026-05-08 09:50:12] q184 cat5 F1=1.00 EM=1 pred='Not mentioned in the conversation' gold='Not mentioned in the conversation'
[2026-05-08 09:50:15] q185 cat5 F1=1.00 EM=1 pred='Not mentioned in the conversation' gold='Not mentioned in the conversation'
[2026-05-08 09:50:17] q186 cat5 F1=1.00 EM=1 pred='Not mentioned in the conversation' gold='Not mentioned in the conversation'
[2026-05-08 09:50:20] q187 cat5 F1=1.00 EM=1 pred='Not mentioned in the conversation' gold='Not mentioned in the conversation'
[2026-05-08 09:50:23] q188 cat5 F1=1.00 EM=1 pred='Not mentioned in the conversation' gold='Not mentioned in the conversation'
[2026-05-08 09:50:25] q189 cat5 F1=1.00 EM=1 pred='Not mentioned in the conversation' gold='Not mentioned in the conversation'
[2026-05-08 09:50:29] q190 cat5 F1=1.00 EM=1 pred='Not mentioned in the conversation' gold='Not mentioned in the conversation'
[2026-05-08 09:50:32] q191 cat5 F1=1.00 EM=1 pred='Not mentioned in the conversation' gold='Not mentioned in the conversation'
[2026-05-08 09:50:34] q192 cat5 F1=1.00 EM=1 pred='Not mentioned in the conversation' gold='Not mentioned in the conversation'
[2026-05-08 09:50:37] q193 cat5 F1=1.00 EM=1 pred='Not mentioned in the conversation' gold='Not mentioned in the conversation'
[2026-05-08 09:50:40] q194 cat5 F1=1.00 EM=1 pred='Not mentioned in the conversation' gold='Not mentioned in the conversation'
[2026-05-08 09:50:44] q195 cat5 F1=1.00 EM=1 pred='Not mentioned in the conversation' gold='Not mentioned in the conversation'
[2026-05-08 09:50:46] q196 cat5 F1=1.00 EM=1 pred='Not mentioned in the conversation' gold='Not mentioned in the conversation'
[2026-05-08 09:50:48] q197 cat5 F1=1.00 EM=1 pred='Not mentioned in the conversation' gold='Not mentioned in the conversation'
[2026-05-08 09:50:51] q198 cat5 F1=1.00 EM=1 pred='Not mentioned in the conversation' gold='Not mentioned in the conversation'
[2026-05-08 09:50:51] DONE
