[2026-05-08T23:27:05.883366+00:00] copied /Users/bunny/.openclaw/workspace/cashew/papers/locomo-run/dbs-gte-clean/dbs/conv-26-A.db -> /Users/bunny/.openclaw/workspace/cashew/papers/locomo-run/qe-ablation/cashew-uniform-gte/conv-26.db
[2026-05-08T23:27:05.888001+00:00] conv=conv-26 questions=199 qe=False embed=thenlper/gte-large src=/Users/bunny/.openclaw/workspace/cashew/papers/locomo-run/dbs-gte-clean/dbs/conv-26-A.db
[2026-05-08T23:27:10.651969+00:00] q0 cat2 F1=1.00 EM=1 chars=1847 pred='7 May 2023'
[2026-05-08T23:27:16.918116+00:00] q1 cat2 F1=0.67 EM=0 chars=1944 pred='circa 2022'
[2026-05-08T23:27:21.717330+00:00] q2 cat3 F1=0.33 EM=0 chars=2046 pred='Counseling and mental health.'
[2026-05-08T23:27:30.834427+00:00] q3 cat1 F1=1.00 EM=1 chars=1877 pred='Adoption agencies.'
[2026-05-08T23:27:36.270402+00:00] q4 cat1 F1=0.20 EM=0 chars=1867 pred='Caroline is a transgender woman, a visual artist whose work '
[2026-05-08T23:27:42.619016+00:00] q5 cat2 F1=0.50 EM=0 chars=1889 pred='Late May 2023'
[2026-05-08T23:27:46.282814+00:00] q6 cat2 F1=1.00 EM=1 chars=2031 pred='June 2023'
[2026-05-08T23:27:50.984128+00:00] q7 cat1 F1=0.10 EM=0 chars=1829 pred='Single parent (pursuing adoption as a single parent); went t'
[2026-05-08T23:28:00.986962+00:00] q8 cat2 F1=0.50 EM=0 chars=1781 pred='Early June 2023'
[2026-05-08T23:28:05.244770+00:00] q9 cat2 F1=0.25 EM=0 chars=2016 pred='Early July 2023'
[2026-05-08T23:28:09.731710+00:00] q10 cat2 F1=0.20 EM=0 chars=2036 pred='Around 2019 (approximately four years before June 2023).'
[2026-05-08T23:28:14.337471+00:00] q11 cat1 F1=1.00 EM=1 chars=1967 pred='Sweden'
[2026-05-08T23:28:18.865229+00:00] q12 cat2 F1=0.20 EM=0 chars=1885 pred='Around 2005 (approximately 21 years before 2026).'
[2026-05-08T23:28:24.710547+00:00] q13 cat1 F1=0.50 EM=0 chars=2139 pred='Counseling or mental health work, specifically focused on wo'
[2026-05-08T23:28:30.082224+00:00] q14 cat3 F1=0.00 EM=0 chars=2237 pred='Probably not — her motivation is rooted in "her own experien'
[2026-05-08T23:28:35.991209+00:00] q15 cat1 F1=0.30 EM=0 chars=1764 pred='Running, reading, playing violin, hiking, exploring forests,'
[2026-05-08T23:28:40.669550+00:00] q16 cat2 F1=0.67 EM=0 chars=2042 pred='Early July 2023'
[2026-05-08T23:28:44.760644+00:00] q17 cat2 F1=1.00 EM=1 chars=2013 pred='July 2023'
[2026-05-08T23:28:50.255469+00:00] q18 cat1 F1=0.86 EM=0 chars=2031 pred='In the forest, the mountains, and the beach.'
[2026-05-08T23:28:56.009267+00:00] q19 cat1 F1=0.17 EM=0 chars=1864 pred='Getting excited learning new things about nature, playing ou'
[2026-05-08T23:29:02.984664+00:00] q20 cat2 F1=0.67 EM=0 chars=1736 pred='7 July 2023'
[2026-05-08T23:29:06.581828+00:00] q21 cat2 F1=0.50 EM=0 chars=1793 pred='Early July 2023'
[2026-05-08T23:29:11.379144+00:00] q22 cat3 F1=0.42 EM=0 chars=1839 pred="Yes — she is building a children's library stocked with clas"
[2026-05-08T23:29:17.557488+00:00] q23 cat1 F1=0.11 EM=0 chars=1817 pred="Charlotte's Web (childhood favorite) and a book with a gold "
[2026-05-08T23:29:22.231694+00:00] q24 cat1 F1=0.57 EM=0 chars=1849 pred='Pottery, painting, running, and playing clarinet.'
[2026-05-08T23:29:26.185801+00:00] q25 cat2 F1=1.00 EM=1 chars=2086 pred='10 July 2023'
[2026-05-08T23:29:30.616703+00:00] q26 cat2 F1=0.00 EM=0 chars=1811 pred='12 July 2023'
[2026-05-08T23:29:36.290566+00:00] q27 cat3 F1=0.14 EM=0 chars=2139 pred='No information available.'
[2026-05-08T23:29:40.609463+00:00] q28 cat2 F1=0.57 EM=0 chars=1922 pred='July 2023'
[2026-05-08T23:29:45.867465+00:00] q29 cat2 F1=0.57 EM=0 chars=2042 pred='July 2023'
[2026-05-08T23:29:50.600533+00:00] q30 cat3 F1=0.13 EM=0 chars=1893 pred='No information available.'
[2026-05-08T23:29:55.015489+00:00] q31 cat2 F1=0.50 EM=0 chars=2031 pred='19 June 2023'
[2026-05-08T23:30:00.387462+00:00] q32 cat1 F1=0.20 EM=0 chars=2001 pred='Caroline attended an LGBTQ support group (May 7, 2023), an L'
[2026-05-08T23:30:07.800697+00:00] q33 cat2 F1=0.25 EM=0 chars=2051 pred='11 August 2023'
[2026-05-08T23:30:12.536182+00:00] q34 cat1 F1=0.00 EM=0 chars=2023 pred='Caroline organized **a talent show for kids at the LGBTQ+ yo'
[2026-05-08T23:30:17.035021+00:00] q35 cat2 F1=0.44 EM=0 chars=2031 pred='5 July 2023'
[2026-05-08T23:30:20.872731+00:00] q36 cat2 F1=0.57 EM=0 chars=1866 pred='July 2023'
[2026-05-08T23:30:27.140822+00:00] q37 cat1 F1=0.00 EM=0 chars=1891 pred='A horse on a wooden wall, a sunflower, and a sunset-inspired'
[2026-05-08T23:30:32.250598+00:00] q38 cat1 F1=0.29 EM=0 chars=1794 pred='Camping in the mountains, exploring nature, roasting marshma'
[2026-05-08T23:30:39.466326+00:00] q39 cat1 F1=0.22 EM=0 chars=1883 pred='Caroline volunteers at an LGBTQ+ youth center, joined a ment'
[2026-05-08T23:30:45.513967+00:00] q40 cat1 F1=0.00 EM=0 chars=1647 pred='At least once — she went swimming with her kids on May 8, 20'
[2026-05-08T23:30:50.078006+00:00] q41 cat2 F1=0.50 EM=0 chars=1945 pred='18 July 2023'
[2026-05-08T23:30:54.930599+00:00] q42 cat3 F1=0.14 EM=0 chars=1907 pred='National park — Melanie loves hiking, exploring nature, and '
[2026-05-08T23:30:59.903036+00:00] q43 cat1 F1=0.25 EM=0 chars=1992 pred='Paintings (including abstract art) and stained glass art, co'
[2026-05-08T23:31:04.954738+00:00] q44 cat2 F1=0.80 EM=0 chars=1747 pred='13 August 2023'
[2026-05-08T23:31:09.987579+00:00] q45 cat2 F1=0.50 EM=0 chars=2103 pred='11 August 2023'
[2026-05-08T23:31:15.393606+00:00] q46 cat3 F1=0.24 EM=0 chars=1886 pred='Yes — Melanie is "a supporter of Caroline\'s LGBTQ advocacy w'
[2026-05-08T23:31:19.760666+00:00] q47 cat1 F1=1.00 EM=1 chars=2182 pred='Her **friends, family, and mentors**.'
[2026-05-08T23:31:25.477366+00:00] q48 cat1 F1=0.17 EM=0 chars=2042 pred='A cup with a dog face on it (kids), a bowl with a colorful p'
[2026-05-08T23:31:29.904847+00:00] q49 cat2 F1=0.67 EM=0 chars=2008 pred='Summer 2022'
[2026-05-08T23:31:35.029776+00:00] q50 cat3 F1=0.00 EM=0 chars=1837 pred='Progressive / left-leaning, given her passion for LGBTQ righ'
[2026-05-08T23:31:40.149966+00:00] q51 cat1 F1=0.19 EM=0 chars=1911 pred='Melanie has painted: a sunflower, autumn-themed paintings, a'
[2026-05-08T23:31:45.282985+00:00] q52 cat1 F1=0.35 EM=0 chars=1543 pred='Oliver (dog) and Bailey or Luna (cat) — the memory contains '
[2026-05-08T23:31:51.936146+00:00] q53 cat2 F1=0.57 EM=0 chars=1967 pred='August 2023'
[2026-05-08T23:31:56.781563+00:00] q54 cat2 F1=0.25 EM=0 chars=1876 pred='Late July 2023'
[2026-05-08T23:32:01.488562+00:00] q55 cat1 F1=1.00 EM=0 chars=1904 pred='A sunset.'
[2026-05-08T23:32:06.782694+00:00] q56 cat1 F1=0.33 EM=0 chars=2039 pred='Cross and heart necklace, rainbow flag, eagle imagery, and h'
[2026-05-08T23:32:11.561112+00:00] q57 cat2 F1=0.57 EM=0 chars=2014 pred='August 2023'
[2026-05-08T23:32:16.047472+00:00] q58 cat2 F1=1.00 EM=1 chars=2042 pred='24 August 2023'
[2026-05-08T23:32:23.077061+00:00] q59 cat3 F1=0.10 EM=0 chars=2009 pred='Based on the memory, Caroline owns a necklace with a cross a'
[2026-05-08T23:32:27.861775+00:00] q60 cat1 F1=0.67 EM=0 chars=1879 pred='Melanie plays **clarinet** and **violin**.'
[2026-05-08T23:32:32.527994+00:00] q61 cat1 F1=1.00 EM=1 chars=1794 pred='Summer Sounds and Matt Patterson.'
[2026-05-08T23:32:37.019225+00:00] q62 cat2 F1=1.00 EM=1 chars=1719 pred='27 August 2023'
[2026-05-08T23:32:42.374670+00:00] q63 cat2 F1=1.00 EM=1 chars=1790 pred='September 2023'
[2026-05-08T23:32:47.172244+00:00] q64 cat3 F1=0.18 EM=0 chars=1733 pred="Yes — Melanie's musical taste spans classical composers (Bac"
[2026-05-08T23:32:52.442504+00:00] q65 cat1 F1=0.16 EM=0 chars=2068 pred='Caroline lost some close friends who could not accept her, f'
[2026-05-08T23:32:57.093864+00:00] q66 cat1 F1=0.00 EM=0 chars=1985 pred='Explores nature, connects with each other.'
[2026-05-08T23:33:03.235671+00:00] q67 cat2 F1=0.22 EM=0 chars=2029 pred='Late summer/early fall 2023'
[2026-05-08T23:33:08.283476+00:00] q68 cat2 F1=0.00 EM=0 chars=1915 pred='7 years'
[2026-05-08T23:33:13.191686+00:00] q69 cat3 F1=0.11 EM=0 chars=2073 pred='Supportive, encouraging, and authentic — someone who makes "'
[2026-05-08T23:33:18.763338+00:00] q70 cat1 F1=0.32 EM=0 chars=1889 pred='Transgender conference (10 July 2023), transgender poetry re'
[2026-05-08T23:33:22.844155+00:00] q71 cat1 F1=0.00 EM=0 chars=2102 pred='The book Caroline recommended that Melanie read (while unabl'
[2026-05-08T23:33:27.743706+00:00] q72 cat2 F1=1.00 EM=1 chars=1803 pred='2022'
[2026-05-08T23:33:31.920193+00:00] q73 cat2 F1=1.00 EM=1 chars=1741 pred='September 2023'
[2026-05-08T23:33:36.161611+00:00] q74 cat2 F1=0.57 EM=0 chars=1866 pred='October 2023'
[2026-05-08T23:33:41.125295+00:00] q75 cat1 F1=0.00 EM=0 chars=1683 pred='At least three, including a youngest daughter who recently l'
[2026-05-08T23:33:45.912862+00:00] q76 cat1 F1=1.00 EM=1 chars=1946 pred='October 19, 2023'
[2026-05-08T23:33:51.283034+00:00] q77 cat3 F1=0.11 EM=0 chars=1957 pred='Likely yes — the accident "reinforced Melanie\'s belief that '
[2026-05-08T23:33:56.533485+00:00] q78 cat1 F1=0.17 EM=0 chars=1776 pred='Pink running sneakers and wooden family figurines (bought 21'
[2026-05-08T23:34:01.094390+00:00] q79 cat2 F1=0.50 EM=0 chars=1908 pred='20 October 2023'
[2026-05-08T23:34:04.808067+00:00] q80 cat2 F1=1.00 EM=1 chars=1675 pred='21 October 2023'
[2026-05-08T23:34:09.277946+00:00] q81 cat3 F1=0.20 EM=0 chars=2029 pred='No information available.'
[2026-05-08T23:34:14.888691+00:00] q82 cat4 F1=0.80 EM=0 chars=1999 pred='Mental health awareness.'
[2026-05-08T23:34:19.283933+00:00] q83 cat4 F1=0.00 EM=0 chars=1929 pred='Melanie found the charity race "rewarding and thought-provok'
[2026-05-08T23:34:24.329152+00:00] q84 cat4 F1=0.15 EM=0 chars=1794 pred='Melanie practices daily self-care through running, reading, '
[2026-05-08T23:34:28.409056+00:00] q85 cat4 F1=0.00 EM=0 chars=1871 pred='Caroline and Melanie made plans in August 2023 to arrange a '
[2026-05-08T23:34:32.989030+00:00] q86 cat4 F1=1.00 EM=1 chars=2107 pred='LGBTQ+ individuals'
[2026-05-08T23:34:37.767316+00:00] q87 cat4 F1=0.48 EM=0 chars=1962 pred='Because it **explicitly supports LGBTQ+ prospective parents*'
[2026-05-08T23:34:42.858339+00:00] q88 cat4 F1=0.38 EM=0 chars=1940 pred='Providing a safe, loving home for children who need it.'
[2026-05-08T23:34:46.669445+00:00] q89 cat4 F1=0.00 EM=0 chars=2034 pred='No information available.'
[2026-05-08T23:34:51.480323+00:00] q90 cat4 F1=0.13 EM=0 chars=1812 pred='Five years as of June 2023.'
[2026-05-08T23:34:56.774057+00:00] q91 cat4 F1=0.50 EM=0 chars=2058 pred='Love, faith, and strength; connects her to her roots and fam'
[2026-05-08T23:35:01.071511+00:00] q92 cat4 F1=1.00 EM=1 chars=2013 pred='Sweden'
[2026-05-08T23:35:04.891478+00:00] q93 cat4 F1=0.40 EM=0 chars=2025 pred='A necklace with a cross and a heart.'
[2026-05-08T23:35:10.431252+00:00] q94 cat4 F1=0.00 EM=0 chars=2036 pred='No information available.\n\n(The hand-painted bowl gifted to '
[2026-05-08T23:35:15.090395+00:00] q95 cat4 F1=0.53 EM=0 chars=2031 pred='Sat around a campfire, explored nature, roasted marshmallows'
[2026-05-08T23:35:20.097787+00:00] q96 cat4 F1=0.32 EM=0 chars=2304 pred='Counseling and mental health work focused on **working with '
[2026-05-08T23:35:24.155356+00:00] q97 cat4 F1=0.26 EM=0 chars=1813 pred='An LGBTQ+ counseling workshop on Friday 23 June 2023, where '
[2026-05-08T23:35:29.412173+00:00] q98 cat4 F1=0.71 EM=0 chars=2139 pred='Therapeutic methods and approaches for working with trans pe'
[2026-05-08T23:35:34.761734+00:00] q99 cat4 F1=0.29 EM=0 chars=2206 pred='Her own experience receiving mental health support during he'
[2026-05-08T23:35:39.670670+00:00] q100 cat4 F1=0.25 EM=0 chars=2115 pred="A safe, loving home for kids who haven't had one."
[2026-05-08T23:35:45.765636+00:00] q101 cat4 F1=0.10 EM=0 chars=1869 pred='Yes — Melanie made a bowl with a black and white flower desi'
[2026-05-08T23:35:49.958127+00:00] q102 cat4 F1=0.57 EM=0 chars=2038 pred='Classics, multicultural stories, and educational books.'
[2026-05-08T23:35:54.023381+00:00] q103 cat4 F1=1.00 EM=1 chars=1718 pred="Charlotte's Web"
[2026-05-08T23:35:58.467798+00:00] q104 cat4 F1=0.00 EM=0 chars=2057 pred='A book whose cover features a gold coin.'
[2026-05-08T23:36:03.361959+00:00] q105 cat4 F1=0.13 EM=0 chars=1991 pred='Self-acceptance and that tough times are temporary — hope an'
[2026-05-08T23:36:07.496535+00:00] q106 cat4 F1=0.33 EM=0 chars=1798 pred='Running (increasing her running distance).'
[2026-05-08T23:36:11.666734+00:00] q107 cat4 F1=0.00 EM=0 chars=1913 pred='Stress-relief and mental health strategy.'
[2026-05-08T23:36:16.584309+00:00] q108 cat4 F1=0.75 EM=0 chars=1814 pred='Her mental health and stress relief.'
[2026-05-08T23:36:21.403394+00:00] q109 cat4 F1=0.00 EM=0 chars=1947 pred='A cup with a dog face on it.'
[2026-05-08T23:36:26.655459+00:00] q110 cat4 F1=1.00 EM=1 chars=1915 pred='A cup with a dog face on it.'
[2026-05-08T23:36:31.099796+00:00] q111 cat4 F1=0.14 EM=0 chars=2042 pred='They paint together regularly, especially nature-inspired pa'
[2026-05-08T23:36:37.546247+00:00] q112 cat4 F1=0.28 EM=0 chars=1902 pred='No information available.\n\n(The memory notes they paint "nat'
[2026-05-08T23:36:43.437785+00:00] q113 cat4 F1=0.00 EM=0 chars=1950 pred='Caroline found it **inspiring and emotional**.'
[2026-05-08T23:36:48.159619+00:00] q114 cat4 F1=0.00 EM=0 chars=1974 pred='No information available.'
[2026-05-08T23:36:52.687645+00:00] q115 cat4 F1=0.60 EM=0 chars=1709 pred="Flowers were an important part of Melanie's wedding decor an"
[2026-05-08T23:36:57.175420+00:00] q116 cat4 F1=0.00 EM=0 chars=1937 pred='Her journey as a trans woman — the binary colors (red and bl'
[2026-05-08T23:37:02.418875+00:00] q117 cat4 F1=0.89 EM=0 chars=1793 pred='Roughly once or twice a year.'
[2026-05-08T23:37:08.204853+00:00] q118 cat4 F1=1.00 EM=1 chars=2054 pred='The Perseid meteor shower.'
[2026-05-08T23:37:16.043296+00:00] q119 cat4 F1=0.80 EM=0 chars=1804 pred='Tiny and deeply in awe of the universe.'
[2026-05-08T23:37:20.120843+00:00] q120 cat4 F1=0.40 EM=0 chars=1727 pred="Her daughter's birthday."
[2026-05-08T23:37:25.647344+00:00] q121 cat4 F1=1.00 EM=1 chars=1776 pred='Matt Patterson'
[2026-05-08T23:37:30.335055+00:00] q122 cat4 F1=0.09 EM=0 chars=2009 pred='She finds "warm sunset colors calming" and uses pottery as a'
[2026-05-08T23:37:34.515708+00:00] q123 cat4 F1=0.67 EM=0 chars=1709 pred='A guinea pig named Oscar.'
[2026-05-08T23:37:39.890111+00:00] q124 cat4 F1=0.22 EM=0 chars=1547 pred='Melanie has a black dog named Oliver and a cat (named Bailey'
[2026-05-08T23:37:45.592782+00:00] q125 cat4 F1=1.00 EM=1 chars=1690 pred="In Melanie's slipper."
[2026-05-08T23:37:49.506595+00:00] q126 cat4 F1=0.67 EM=0 chars=1754 pred='Horseback riding through fields.'
[2026-05-08T23:37:53.293030+00:00] q127 cat4 F1=0.38 EM=0 chars=2097 pred='A stained glass window representing her transgender journey '
[2026-05-08T23:37:57.636157+00:00] q128 cat4 F1=0.00 EM=0 chars=1757 pred='No information available.'
[2026-05-08T23:38:06.142995+00:00] q129 cat4 F1=1.00 EM=1 chars=2019 pred="'Brave' by Sara Bareilles"
[2026-05-08T23:38:10.361840+00:00] q130 cat4 F1=1.00 EM=1 chars=1775 pred='Bach and Mozart.'
[2026-05-08T23:38:14.548576+00:00] q131 cat4 F1=0.80 EM=0 chars=1791 pred="Ed Sheeran ('Perfect')"
[2026-05-08T23:38:18.863398+00:00] q132 cat4 F1=0.50 EM=0 chars=1882 pred='Seven years.'
[2026-05-08T23:38:23.331792+00:00] q133 cat4 F1=0.00 EM=0 chars=1777 pred='No information available.'
[2026-05-08T23:38:28.649417+00:00] q134 cat4 F1=0.00 EM=0 chars=1930 pred='No information available.'
[2026-05-08T23:38:32.698574+00:00] q135 cat4 F1=0.00 EM=0 chars=1746 pred="Melanie's son was in a car accident during a road trip in Oc"
[2026-05-08T23:38:39.486200+00:00] q136 cat4 F1=0.75 EM=0 chars=1928 pred='Reading (a book Caroline recommended) and painting.'
[2026-05-08T23:38:45.076434+00:00] q137 cat4 F1=0.00 EM=0 chars=1875 pred='No information available.'
[2026-05-08T23:38:49.932997+00:00] q138 cat4 F1=0.00 EM=0 chars=1923 pred='No information available.'
[2026-05-08T23:38:54.265252+00:00] q139 cat4 F1=0.31 EM=0 chars=1959 pred='Transgender poetry.'
[2026-05-08T23:38:58.289203+00:00] q140 cat4 F1=0.00 EM=0 chars=2105 pred='No information available.'
[2026-05-08T23:39:08.381321+00:00] q141 cat4 F1=0.20 EM=0 chars=1972 pred='Freedom, authenticity, and embracing her womanhood.'
[2026-05-08T23:39:13.667520+00:00] q142 cat4 F1=0.00 EM=0 chars=2011 pred='Both describe the other as making **"life\'s struggles more b'
[2026-05-08T23:39:19.138728+00:00] q143 cat4 F1=0.21 EM=0 chars=1815 pred="Melanie's son was in a car accident during a road trip in Oc"
[2026-05-08T23:39:23.076376+00:00] q144 cat4 F1=0.36 EM=0 chars=1685 pred='He was okay.'
[2026-05-08T23:39:27.365580+00:00] q145 cat4 F1=0.00 EM=0 chars=1657 pred='The accident reinforced Melanie\'s belief that "life is preci'
[2026-05-08T23:39:31.964389+00:00] q146 cat4 F1=0.00 EM=0 chars=1745 pred="Melanie's children **enjoyed the Grand Canyon despite the ac"
[2026-05-08T23:39:37.700259+00:00] q147 cat4 F1=0.12 EM=0 chars=1826 pred='The accident reinforced Melanie\'s belief that **"life is pre'
[2026-05-08T23:39:42.091721+00:00] q148 cat4 F1=0.00 EM=0 chars=1781 pred='No information available.'
[2026-05-08T23:39:46.532071+00:00] q149 cat4 F1=0.00 EM=0 chars=1694 pred='Strong love and support.'
[2026-05-08T23:39:50.422351+00:00] q150 cat4 F1=0.00 EM=0 chars=1708 pred='Melanie felt "strong love and support" from her family durin'
[2026-05-08T23:39:54.280763+00:00] q151 cat4 F1=0.27 EM=0 chars=1700 pred='Melanie went on a hiking trail with her family the day after'
[2026-05-08T23:40:01.846846+00:00] q152 cat5 F1=1.00 EM=1 chars=2021 pred='Not mentioned in the conversation'
[2026-05-08T23:40:06.193085+00:00] q153 cat5 F1=1.00 EM=1 chars=2008 pred='Not mentioned in the conversation'
[2026-05-08T23:40:14.627481+00:00] q154 cat5 F1=1.00 EM=1 chars=1861 pred='Not mentioned in the conversation'
[2026-05-08T23:40:19.226297+00:00] q155 cat5 F1=1.00 EM=1 chars=1791 pred='Not mentioned in the conversation'
[2026-05-08T23:40:23.623713+00:00] q156 cat5 F1=1.00 EM=1 chars=1814 pred='Not mentioned in the conversation'
[2026-05-08T23:40:27.936800+00:00] q157 cat5 F1=1.00 EM=1 chars=1869 pred='Not mentioned in the conversation'
[2026-05-08T23:40:32.118199+00:00] q158 cat5 F1=1.00 EM=1 chars=1697 pred='Not mentioned in the conversation'
[2026-05-08T23:40:35.962782+00:00] q159 cat5 F1=1.00 EM=1 chars=1679 pred='Not mentioned in the conversation'
[2026-05-08T23:40:40.774310+00:00] q160 cat5 F1=1.00 EM=1 chars=2141 pred='Not mentioned in the conversation'
[2026-05-08T23:40:46.008166+00:00] q161 cat5 F1=1.00 EM=1 chars=2001 pred='Not mentioned in the conversation'
[2026-05-08T23:40:50.903750+00:00] q162 cat5 F1=1.00 EM=1 chars=2015 pred='Not mentioned in the conversation'
[2026-05-08T23:40:56.463952+00:00] q163 cat5 F1=1.00 EM=1 chars=2093 pred='Not mentioned in the conversation'
[2026-05-08T23:41:01.232474+00:00] q164 cat5 F1=1.00 EM=1 chars=1867 pred='Not mentioned in the conversation'
[2026-05-08T23:41:05.821672+00:00] q165 cat5 F1=1.00 EM=1 chars=2018 pred='Not mentioned in the conversation'
[2026-05-08T23:41:10.812017+00:00] q166 cat5 F1=1.00 EM=1 chars=1681 pred='Not mentioned in the conversation'
[2026-05-08T23:41:15.585193+00:00] q167 cat5 F1=1.00 EM=1 chars=1891 pred='No'
[2026-05-08T23:41:19.442104+00:00] q168 cat5 F1=1.00 EM=1 chars=1697 pred='Not mentioned in the conversation'
[2026-05-08T23:41:24.298569+00:00] q169 cat5 F1=1.00 EM=1 chars=1910 pred='Not mentioned in the conversation'
[2026-05-08T23:41:29.684448+00:00] q170 cat5 F1=1.00 EM=1 chars=1863 pred='Not mentioned in the conversation'
[2026-05-08T23:41:34.134780+00:00] q171 cat5 F1=1.00 EM=1 chars=1807 pred='Not mentioned in the conversation'
[2026-05-08T23:41:39.370482+00:00] q172 cat5 F1=1.00 EM=1 chars=1951 pred='Not mentioned in the conversation'
[2026-05-08T23:41:43.754861+00:00] q173 cat5 F1=1.00 EM=1 chars=1925 pred='Not mentioned in the conversation'
[2026-05-08T23:41:48.857408+00:00] q174 cat5 F1=1.00 EM=1 chars=1740 pred='Not mentioned in the conversation'
[2026-05-08T23:41:54.614359+00:00] q175 cat5 F1=1.00 EM=1 chars=2012 pred='Not mentioned in the conversation'
[2026-05-08T23:41:58.860691+00:00] q176 cat5 F1=1.00 EM=1 chars=1833 pred='Not mentioned in the conversation'
[2026-05-08T23:42:04.731208+00:00] q177 cat5 F1=1.00 EM=1 chars=1868 pred='Not mentioned in the conversation'
[2026-05-08T23:42:09.943972+00:00] q178 cat5 F1=1.00 EM=1 chars=1620 pred='No'
[2026-05-08T23:42:13.799467+00:00] q179 cat5 F1=1.00 EM=1 chars=1946 pred='Not mentioned in the conversation'
[2026-05-08T23:42:18.158891+00:00] q180 cat5 F1=1.00 EM=1 chars=1717 pred='Not mentioned in the conversation'
[2026-05-08T23:42:22.658801+00:00] q181 cat5 F1=1.00 EM=1 chars=1718 pred='Not mentioned in the conversation'
[2026-05-08T23:42:26.646714+00:00] q182 cat5 F1=1.00 EM=1 chars=1836 pred='Not mentioned in the conversation'
[2026-05-08T23:42:30.842008+00:00] q183 cat5 F1=1.00 EM=1 chars=1756 pred='Not mentioned in the conversation'
[2026-05-08T23:42:36.600476+00:00] q184 cat5 F1=1.00 EM=1 chars=1640 pred='Not mentioned in the conversation'
[2026-05-08T23:42:41.162064+00:00] q185 cat5 F1=1.00 EM=1 chars=1674 pred='Not mentioned in the conversation'
[2026-05-08T23:42:45.448093+00:00] q186 cat5 F1=1.00 EM=1 chars=1780 pred='Not mentioned in the conversation'
[2026-05-08T23:42:50.433429+00:00] q187 cat5 F1=1.00 EM=1 chars=1946 pred='Not mentioned in the conversation'
[2026-05-08T23:42:55.316423+00:00] q188 cat5 F1=1.00 EM=1 chars=1895 pred='Not mentioned in the conversation'
[2026-05-08T23:42:59.640651+00:00] q189 cat5 F1=1.00 EM=1 chars=1757 pred='Not mentioned in the conversation'
[2026-05-08T23:43:04.119673+00:00] q190 cat5 F1=1.00 EM=1 chars=1947 pred='Not mentioned in the conversation'
[2026-05-08T23:43:08.663599+00:00] q191 cat5 F1=1.00 EM=1 chars=1801 pred='Not mentioned in the conversation'
[2026-05-08T23:43:12.979245+00:00] q192 cat5 F1=1.00 EM=1 chars=1916 pred='Not mentioned in the conversation'
[2026-05-08T23:43:17.517336+00:00] q193 cat5 F1=1.00 EM=1 chars=2025 pred='Not mentioned in the conversation'
[2026-05-08T23:43:22.693581+00:00] q194 cat5 F1=1.00 EM=1 chars=1970 pred='Not mentioned in the conversation'
[2026-05-08T23:43:26.846895+00:00] q195 cat5 F1=1.00 EM=1 chars=1892 pred='Not mentioned in the conversation'
[2026-05-08T23:43:31.060289+00:00] q196 cat5 F1=1.00 EM=1 chars=1891 pred='Not mentioned in the conversation'
[2026-05-08T23:43:35.059107+00:00] q197 cat5 F1=1.00 EM=1 chars=1770 pred='Not mentioned in the conversation'
[2026-05-08T23:43:39.435332+00:00] q198 cat5 F1=1.00 EM=1 chars=2011 pred='Not mentioned in the conversation'
[2026-05-08T23:43:39.437467+00:00] DONE n=199 F1=0.544 ex5=0.402 wall=994s
