[2026-05-08T22:05:20.020890+00:00] copied /Users/bunny/.openclaw/workspace/cashew/papers/locomo-run/dbs-gte-clean/dbs/conv-26-A.db -> /Users/bunny/.openclaw/workspace/cashew/papers/locomo-run/qe-ablation/cashew-qe-gte/conv-26.db
[2026-05-08T22:05:20.026851+00:00] conv=conv-26 questions=199 qe=True embed=thenlper/gte-large src=/Users/bunny/.openclaw/workspace/cashew/papers/locomo-run/dbs-gte-clean/dbs/conv-26-A.db
Warning: You are sending unauthenticated requests to the HF Hub. Please set a HF_TOKEN to enable higher rate limits and faster downloads.
WARNING:huggingface_hub.utils._http:Warning: You are sending unauthenticated requests to the HF Hub. Please set a HF_TOKEN to enable higher rate limits and faster downloads.
Loading weights:   0%|          | 0/391 [00:00<?, ?it/s]Loading weights: 100%|██████████| 391/391 [00:00<00:00, 6107.66it/s]
[1mBertModel LOAD REPORT[0m from: thenlper/gte-large
Key                     | Status     |  | 
------------------------+------------+--+-
embeddings.position_ids | UNEXPECTED |  | 

[3mNotes:
- UNEXPECTED[3m	:can be ignored when loading from different task/architecture; not ok if you expect identical arch.[0m
[2026-05-08T22:05:29.962940+00:00] q0 cat2 F1=1.00 EM=1 chars=4751 pred='7 May 2023'
[2026-05-08T22:05:35.217099+00:00] q1 cat2 F1=0.67 EM=0 chars=3113 pred='circa 2022'
[2026-05-08T22:05:42.153021+00:00] q2 cat3 F1=0.33 EM=0 chars=6429 pred='Counseling and mental health.'
[2026-05-08T22:05:47.770715+00:00] q3 cat1 F1=1.00 EM=1 chars=5862 pred='Adoption agencies.'
[2026-05-08T22:05:53.684193+00:00] q4 cat1 F1=0.67 EM=0 chars=6392 pred='Caroline is a transgender woman.'
[2026-05-08T22:05:58.863130+00:00] q5 cat2 F1=0.50 EM=0 chars=4725 pred='Late May 2023'
[2026-05-08T22:06:03.527124+00:00] q6 cat2 F1=1.00 EM=1 chars=5184 pred='June 2023'
[2026-05-08T22:06:09.553032+00:00] q7 cat1 F1=0.13 EM=0 chars=6066 pred='Single; went through a difficult breakup at some point after'
[2026-05-08T22:06:14.823165+00:00] q8 cat2 F1=0.50 EM=0 chars=4298 pred='Early June 2023'
[2026-05-08T22:06:22.248485+00:00] q9 cat2 F1=0.00 EM=0 chars=3822 pred='The retrieved memory does not contain a specific date for wh'
[2026-05-08T22:06:29.476233+00:00] q10 cat2 F1=0.00 EM=0 chars=7380 pred='Around 2019'
[2026-05-08T22:06:34.409304+00:00] q11 cat1 F1=1.00 EM=1 chars=4908 pred='Sweden'
[2026-05-08T22:06:41.528517+00:00] q12 cat2 F1=0.22 EM=0 chars=5929 pred='Approximately May 2005 (about 21 years ago).\n\nBut to answer '
[2026-05-08T22:06:46.769493+00:00] q13 cat1 F1=0.28 EM=0 chars=5970 pred='Counseling and mental health, specifically focused on workin'
[2026-05-08T22:06:55.961327+00:00] q14 cat3 F1=0.00 EM=0 chars=7099 pred='Unlikely — her desire to become a counselor is rooted in "he'
[2026-05-08T22:07:00.930480+00:00] q15 cat1 F1=0.19 EM=0 chars=6224 pred='Running, reading, playing violin, painting, pottery, hiking '
[2026-05-08T22:07:06.559140+00:00] q16 cat2 F1=0.67 EM=0 chars=4490 pred='Early July 2023'
[2026-05-08T22:07:11.718823+00:00] q17 cat2 F1=1.00 EM=1 chars=5089 pred='July 2023'
[2026-05-08T22:07:17.554263+00:00] q18 cat1 F1=0.55 EM=0 chars=3908 pred='Mountains (week of 19–25 June 2023), a forest, and the beach'
[2026-05-08T22:07:23.187820+00:00] q19 cat1 F1=0.22 EM=0 chars=3866 pred='Dinosaurs, learning about animals, nature, playing outdoors,'
[2026-05-08T22:07:28.300777+00:00] q20 cat2 F1=0.67 EM=0 chars=5062 pred='7 July 2023'
[2026-05-08T22:07:33.132775+00:00] q21 cat2 F1=0.50 EM=0 chars=6062 pred='Early July 2023'
[2026-05-08T22:07:39.984070+00:00] q22 cat3 F1=0.34 EM=0 chars=5383 pred='Yes — she is "building a children\'s library stocked with cla'
[2026-05-08T22:07:46.013474+00:00] q23 cat1 F1=0.10 EM=0 chars=3680 pred="Charlotte's Web (childhood favorite) and a book with a gold "
[2026-05-08T22:07:52.547735+00:00] q24 cat1 F1=0.50 EM=0 chars=6798 pred='Running, pottery, painting, playing clarinet/violin, and rea'
[2026-05-08T22:07:57.361485+00:00] q25 cat2 F1=1.00 EM=1 chars=4743 pred='10 July 2023'
[2026-05-08T22:08:03.108959+00:00] q26 cat2 F1=0.00 EM=0 chars=5193 pred='12 July 2023'
[2026-05-08T22:08:09.385623+00:00] q27 cat3 F1=0.14 EM=0 chars=6114 pred='No information available.'
[2026-05-08T22:08:14.737632+00:00] q28 cat2 F1=0.57 EM=0 chars=4426 pred='July 2023'
[2026-05-08T22:08:19.583343+00:00] q29 cat2 F1=0.57 EM=0 chars=4996 pred='July 2023'
[2026-05-08T22:08:25.347977+00:00] q30 cat3 F1=0.28 EM=0 chars=5636 pred="No. Melanie is described as a supporter of Caroline's LGBTQ "
[2026-05-08T22:08:31.433123+00:00] q31 cat2 F1=0.50 EM=0 chars=3969 pred='19–25 June 2023'
[2026-05-08T22:08:38.181367+00:00] q32 cat1 F1=0.15 EM=0 chars=5646 pred='Caroline attended an LGBTQ support group (May 7, 2023), an L'
[2026-05-08T22:08:43.563732+00:00] q33 cat2 F1=0.25 EM=0 chars=3801 pred='11 August 2023'
[2026-05-08T22:08:49.464725+00:00] q34 cat1 F1=0.06 EM=0 chars=5701 pred='Caroline organized a **talent show for kids at the LGBTQ+ yo'
[2026-05-08T22:08:54.767659+00:00] q35 cat2 F1=0.44 EM=0 chars=4264 pred='3 July 2023'
[2026-05-08T22:09:00.257358+00:00] q36 cat2 F1=0.57 EM=0 chars=4896 pred='July 2023'
[2026-05-08T22:09:06.547902+00:00] q37 cat1 F1=0.00 EM=0 chars=5289 pred='A sunflower, a horse on a wooden wall, and a sunset-inspired'
[2026-05-08T22:09:12.730665+00:00] q38 cat1 F1=0.32 EM=0 chars=5076 pred='Beach camping, mountain camping (exploring nature, roasting '
[2026-05-08T22:09:22.186589+00:00] q39 cat1 F1=0.20 EM=0 chars=5390 pred='Caroline volunteers at an LGBTQ+ youth center, joined a ment'
[2026-05-08T22:09:29.686984+00:00] q40 cat1 F1=0.00 EM=0 chars=4627 pred='Once (swimming with her kids on May 8, 2023).'
[2026-05-08T22:09:34.919879+00:00] q41 cat2 F1=0.50 EM=0 chars=4478 pred='18 July 2023'
[2026-05-08T22:09:41.232670+00:00] q42 cat3 F1=0.18 EM=0 chars=5498 pred='National park — Melanie loves camping, hiking, and nature, w'
[2026-05-08T22:09:47.381587+00:00] q43 cat1 F1=0.10 EM=0 chars=5773 pred='Caroline makes paintings — primarily focused on themes of tr'
[2026-05-08T22:09:52.661748+00:00] q44 cat2 F1=0.80 EM=0 chars=5118 pred='13 August 2023'
[2026-05-08T22:09:58.677309+00:00] q45 cat2 F1=0.50 EM=0 chars=3305 pred='11 August 2023'
[2026-05-08T22:10:04.970848+00:00] q46 cat3 F1=0.24 EM=0 chars=6423 pred='Yes — Melanie is "a supporter of Caroline\'s LGBTQ advocacy w'
[2026-05-08T22:10:11.001412+00:00] q47 cat1 F1=1.00 EM=1 chars=7006 pred='Her **friends, family, and mentors**.'
[2026-05-08T22:10:17.443921+00:00] q48 cat1 F1=0.12 EM=0 chars=5600 pred='Melanie made a bowl with a colorful, patterned design, a bow'
[2026-05-08T22:10:22.359381+00:00] q49 cat2 F1=0.67 EM=0 chars=5413 pred='Summer 2022'
[2026-05-08T22:10:28.396177+00:00] q50 cat3 F1=0.00 EM=0 chars=6487 pred='Progressive/left-leaning — she is an LGBTQ rights advocate, '
[2026-05-08T22:10:35.176206+00:00] q51 cat1 F1=0.19 EM=0 chars=4927 pred='Melanie has painted: a sunflower, autumn-themed paintings, a'
[2026-05-08T22:10:41.036374+00:00] q52 cat1 F1=0.29 EM=0 chars=4315 pred="Melanie's pets are a black dog named Oliver and a cat named "
[2026-05-08T22:10:46.891998+00:00] q53 cat2 F1=0.57 EM=0 chars=4906 pred='August 2023'
[2026-05-08T22:10:52.431026+00:00] q54 cat2 F1=0.57 EM=0 chars=5605 pred='August 2023'
[2026-05-08T22:10:58.310214+00:00] q55 cat1 F1=1.00 EM=0 chars=5275 pred='A sunset.'
[2026-05-08T22:11:08.277947+00:00] q56 cat1 F1=0.21 EM=0 chars=5955 pred='Cross and heart necklace (symbolizing love, faith, and stren'
[2026-05-08T22:11:14.924989+00:00] q57 cat2 F1=0.57 EM=0 chars=5959 pred='August 2023'
[2026-05-08T22:11:20.955642+00:00] q58 cat2 F1=1.00 EM=1 chars=4775 pred='24 August 2023'
[2026-05-08T22:11:27.254409+00:00] q59 cat3 F1=0.10 EM=0 chars=6442 pred='Not clearly religious, though she owns a cross-and-heart nec'
[2026-05-08T22:11:33.659803+00:00] q60 cat1 F1=1.00 EM=1 chars=4738 pred='Clarinet and violin.'
[2026-05-08T22:11:39.535102+00:00] q61 cat1 F1=0.44 EM=0 chars=5467 pred="'Summer Sounds' (around August 2023) and Matt Patterson (13 "
[2026-05-08T22:11:43.628934+00:00] q62 cat2 F1=1.00 EM=1 chars=5685 pred='27 August 2023'
[2026-05-08T22:11:48.596070+00:00] q63 cat2 F1=1.00 EM=1 chars=4666 pred='September 2023'
[2026-05-08T22:11:54.946931+00:00] q64 cat3 F1=0.21 EM=0 chars=4557 pred="Yes — Melanie's musical taste spans classical composers and "
[2026-05-08T22:12:01.283874+00:00] q65 cat1 F1=0.18 EM=0 chars=5657 pred='Lost some close friends who could not accept her, found rema'
[2026-05-08T22:12:07.091498+00:00] q66 cat1 F1=0.33 EM=0 chars=4972 pred='Exploring nature, hiking trails, and roasting marshmallows a'
[2026-05-08T22:12:11.572447+00:00] q67 cat2 F1=0.22 EM=0 chars=5930 pred='Late summer/early fall 2023'
[2026-05-08T22:12:16.966126+00:00] q68 cat2 F1=0.00 EM=0 chars=4477 pred='7 years'
[2026-05-08T22:12:24.731612+00:00] q69 cat3 F1=0.10 EM=0 chars=4700 pred='Supportive, authentic, and encouraging — someone who makes l'
[2026-05-08T22:12:31.770278+00:00] q70 cat1 F1=0.19 EM=0 chars=5320 pred='LGBTQ support group (May 7, 2023); LGBT pride event (June 20'
[2026-05-08T22:12:38.136010+00:00] q71 cat1 F1=0.00 EM=0 chars=5221 pred='A book Caroline recommended (specific title not recorded in '
[2026-05-08T22:12:43.114566+00:00] q72 cat2 F1=1.00 EM=1 chars=4692 pred='2022'
[2026-05-08T22:12:48.125296+00:00] q73 cat2 F1=1.00 EM=1 chars=4881 pred='September 2023'
[2026-05-08T22:12:53.594136+00:00] q74 cat2 F1=0.57 EM=0 chars=4824 pred='October 2023'
[2026-05-08T22:13:00.683422+00:00] q75 cat1 F1=0.00 EM=0 chars=4301 pred='At least three, including a youngest daughter who recently l'
[2026-05-08T22:13:05.945271+00:00] q76 cat1 F1=1.00 EM=1 chars=4281 pred='October 19, 2023.'
[2026-05-08T22:13:12.471962+00:00] q77 cat3 F1=0.04 EM=0 chars=5699 pred="Based on the memory, it's unlikely soon — the accident on th"
[2026-05-08T22:13:18.146091+00:00] q78 cat1 F1=0.17 EM=0 chars=5731 pred='Pink running sneakers and wooden family figurines (bought 21'
[2026-05-08T22:13:23.642756+00:00] q79 cat2 F1=0.50 EM=0 chars=6342 pred='20 October 2023'
[2026-05-08T22:13:29.748787+00:00] q80 cat2 F1=1.00 EM=1 chars=4651 pred='21 October 2023'
[2026-05-08T22:13:36.107234+00:00] q81 cat3 F1=0.17 EM=0 chars=5155 pred='No — Caroline moved from Sweden ~4 years ago, has a close su'
[2026-05-08T22:13:41.285425+00:00] q82 cat4 F1=0.80 EM=0 chars=6494 pred='Mental health awareness.'
[2026-05-08T22:13:46.817908+00:00] q83 cat4 F1=0.00 EM=0 chars=5854 pred='She found it "rewarding and thought-provoking."'
[2026-05-08T22:13:53.526832+00:00] q84 cat4 F1=0.24 EM=0 chars=4600 pred='Daily running, reading, and playing violin — believing looki'
[2026-05-08T22:13:59.292664+00:00] q85 cat4 F1=0.00 EM=0 chars=5385 pred='Caroline had a picnic with her support network in early July'
[2026-05-08T22:14:04.700994+00:00] q86 cat4 F1=1.00 EM=1 chars=5099 pred='LGBTQ+ individuals'
[2026-05-08T22:14:09.904598+00:00] q87 cat4 F1=0.48 EM=0 chars=5566 pred='Because it explicitly supports LGBTQ+ prospective parents, c'
[2026-05-08T22:14:15.818325+00:00] q88 cat4 F1=0.32 EM=0 chars=6343 pred='Providing a safe, loving home for children who need it — a l'
[2026-05-08T22:14:21.831883+00:00] q89 cat4 F1=0.10 EM=0 chars=5720 pred='Melanie is considering adoption herself, inspired by her fri'
[2026-05-08T22:14:27.565610+00:00] q90 cat4 F1=0.22 EM=0 chars=3995 pred='Five years as of June 2023 (married around 2018).'
[2026-05-08T22:14:33.801782+00:00] q91 cat4 F1=0.46 EM=0 chars=5711 pred='Love, faith, and strength; it connects her to her roots and '
[2026-05-08T22:14:38.836416+00:00] q92 cat4 F1=1.00 EM=1 chars=6485 pred='Sweden'
[2026-05-08T22:14:44.779011+00:00] q93 cat4 F1=0.40 EM=0 chars=7145 pred='A necklace with a cross and a heart.'
[2026-05-08T22:14:51.029676+00:00] q94 cat4 F1=0.17 EM=0 chars=5077 pred="The memory describes Caroline's hand-painted bowl (not Melan"
[2026-05-08T22:14:56.709276+00:00] q95 cat4 F1=0.59 EM=0 chars=3911 pred='Sat around a campfire, explored nature, roasted marshmallows'
[2026-05-08T22:15:02.865796+00:00] q96 cat4 F1=0.37 EM=0 chars=5897 pred='Counseling and mental health work focused on working with tr'
[2026-05-08T22:15:10.525690+00:00] q97 cat4 F1=0.26 EM=0 chars=4763 pred='An LGBTQ+ counseling workshop on Friday 23 June 2023, where '
[2026-05-08T22:15:16.133182+00:00] q98 cat4 F1=0.71 EM=0 chars=5580 pred='Therapeutic methods and approaches for working with trans pe'
[2026-05-08T22:15:21.734033+00:00] q99 cat4 F1=0.37 EM=0 chars=6101 pred='Her own experience receiving mental health support and couns'
[2026-05-08T22:15:27.724273+00:00] q100 cat4 F1=0.46 EM=0 chars=7732 pred='A **safe, inviting space for personal growth**.'
[2026-05-08T22:15:33.556328+00:00] q101 cat4 F1=0.10 EM=0 chars=5538 pred='Yes — Melanie made a bowl with a black and white flower desi'
[2026-05-08T22:15:42.535741+00:00] q102 cat4 F1=0.57 EM=0 chars=6274 pred='Classics, multicultural stories, and educational books.'
[2026-05-08T22:15:47.942218+00:00] q103 cat4 F1=1.00 EM=1 chars=5905 pred="Charlotte's Web"
[2026-05-08T22:15:54.234949+00:00] q104 cat4 F1=0.00 EM=0 chars=5251 pred='No information available.'
[2026-05-08T22:15:59.240423+00:00] q105 cat4 F1=0.13 EM=0 chars=6518 pred='Self-acceptance and that tough times are temporary — hope an'
[2026-05-08T22:16:07.194787+00:00] q106 cat4 F1=0.33 EM=0 chars=5673 pred='Running (increasing her running distance).'
[2026-05-08T22:16:13.113839+00:00] q107 cat4 F1=0.00 EM=0 chars=5834 pred='Stress-relief and mental health strategy.'
[2026-05-08T22:16:18.888569+00:00] q108 cat4 F1=0.67 EM=0 chars=5148 pred='Stress-relief and mental health.'
[2026-05-08T22:16:25.400594+00:00] q109 cat4 F1=0.00 EM=0 chars=4724 pred='A cup with a dog face on it.'
[2026-05-08T22:16:30.775532+00:00] q110 cat4 F1=1.00 EM=1 chars=5004 pred='A cup with a dog face on it.'
[2026-05-08T22:16:37.222227+00:00] q111 cat4 F1=0.17 EM=0 chars=6182 pred='Painting together, especially nature-inspired paintings such'
[2026-05-08T22:16:44.143341+00:00] q112 cat4 F1=0.07 EM=0 chars=4523 pred='The memory does not mention a painting project in July 2023 '
[2026-05-08T22:16:51.630156+00:00] q113 cat4 F1=0.09 EM=0 chars=4755 pred='Caroline found the council meeting "inspiring and emotional"'
[2026-05-08T22:16:57.555627+00:00] q114 cat4 F1=0.00 EM=0 chars=5609 pred='No information available.'
[2026-05-08T22:17:02.686106+00:00] q115 cat4 F1=0.65 EM=0 chars=4890 pred='Flowers represent growth, beauty, and appreciating small mom'
[2026-05-08T22:17:09.965990+00:00] q116 cat4 F1=0.08 EM=0 chars=5000 pred='A beach visit inspired her sunset painting; her trans experi'
[2026-05-08T22:17:15.828789+00:00] q117 cat4 F1=0.89 EM=0 chars=3782 pred='Roughly once or twice a year.'
[2026-05-08T22:17:21.790950+00:00] q118 cat4 F1=1.00 EM=1 chars=3621 pred='The Perseid meteor shower.'
[2026-05-08T22:17:27.562129+00:00] q119 cat4 F1=0.80 EM=0 chars=5393 pred='Tiny and deeply in awe of the universe.'
[2026-05-08T22:17:36.152850+00:00] q120 cat4 F1=0.40 EM=0 chars=4343 pred="Her daughter's birthday."
[2026-05-08T22:17:42.392670+00:00] q121 cat4 F1=1.00 EM=1 chars=4056 pred='Matt Patterson'
[2026-05-08T22:17:49.860477+00:00] q122 cat4 F1=0.00 EM=0 chars=5018 pred='No information available.'
[2026-05-08T22:17:56.111925+00:00] q123 cat4 F1=0.67 EM=0 chars=4645 pred='A guinea pig named Oscar.'
[2026-05-08T22:18:01.962452+00:00] q124 cat4 F1=0.27 EM=0 chars=3935 pred='A black dog named Oliver and a cat (named Bailey or Luna — s'
[2026-05-08T22:18:06.880238+00:00] q125 cat4 F1=1.00 EM=1 chars=4676 pred="In Melanie's slipper."
[2026-05-08T22:18:12.367651+00:00] q126 cat4 F1=0.67 EM=0 chars=6141 pred='Horseback riding through fields.'
[2026-05-08T22:18:18.053275+00:00] q127 cat4 F1=0.38 EM=0 chars=7195 pred='A stained glass window representing her transgender journey '
[2026-05-08T22:18:24.460936+00:00] q128 cat4 F1=0.00 EM=0 chars=6202 pred='No information available.'
[2026-05-08T22:18:30.102611+00:00] q129 cat4 F1=1.00 EM=1 chars=5686 pred="'Brave' by Sara Bareilles"
[2026-05-08T22:18:35.862475+00:00] q130 cat4 F1=1.00 EM=1 chars=4589 pred='Bach and Mozart'
[2026-05-08T22:18:41.258381+00:00] q131 cat4 F1=0.80 EM=0 chars=5466 pred="Ed Sheeran's 'Perfect'"
[2026-05-08T22:18:45.978020+00:00] q132 cat4 F1=0.50 EM=0 chars=4167 pred='Seven years.'
[2026-05-08T22:18:51.972079+00:00] q133 cat4 F1=0.00 EM=0 chars=5388 pred='No information available.'
[2026-05-08T22:18:57.114524+00:00] q134 cat4 F1=0.00 EM=0 chars=6673 pred='No information available.'
[2026-05-08T22:19:02.679458+00:00] q135 cat4 F1=0.00 EM=0 chars=5713 pred="Melanie's son was in a car accident during a road trip in Oc"
[2026-05-08T22:19:08.024753+00:00] q136 cat4 F1=0.75 EM=0 chars=4856 pred='Reading (a book Caroline recommended) and painting.'
[2026-05-08T22:19:13.465895+00:00] q137 cat4 F1=0.00 EM=0 chars=5806 pred='No information available.'
[2026-05-08T22:19:19.236226+00:00] q138 cat4 F1=0.00 EM=0 chars=6214 pred='No information available.'
[2026-05-08T22:19:25.132458+00:00] q139 cat4 F1=0.38 EM=0 chars=5249 pred='The poetry reading was **transgender** poetry, which Carolin'
[2026-05-08T22:19:30.402257+00:00] q140 cat4 F1=0.00 EM=0 chars=6520 pred='No information available.'
[2026-05-08T22:19:36.296232+00:00] q141 cat4 F1=0.20 EM=0 chars=5021 pred='Freedom, authenticity, and embracing her womanhood.'
[2026-05-08T22:19:42.631918+00:00] q142 cat4 F1=0.00 EM=0 chars=5379 pred='Both describe the other as making "life\'s struggles more bea'
[2026-05-08T22:19:47.854826+00:00] q143 cat4 F1=0.25 EM=0 chars=3986 pred="Melanie's son was in a car accident during the road trip. He"
[2026-05-08T22:19:53.043628+00:00] q144 cat4 F1=0.36 EM=0 chars=3238 pred='He was okay.'
[2026-05-08T22:19:58.754383+00:00] q145 cat4 F1=0.00 EM=0 chars=4392 pred='The accident reinforced Melanie\'s belief that "life is preci'
[2026-05-08T22:20:04.588059+00:00] q146 cat4 F1=0.00 EM=0 chars=4041 pred='Melanie\'s children "enjoyed the Grand Canyon despite the acc'
[2026-05-08T22:20:10.092786+00:00] q147 cat4 F1=0.12 EM=0 chars=5621 pred='The accident reinforced Melanie\'s belief that "life is preci'
[2026-05-08T22:20:16.517285+00:00] q148 cat4 F1=0.00 EM=0 chars=5200 pred='No information available.'
[2026-05-08T22:20:22.888686+00:00] q149 cat4 F1=0.33 EM=0 chars=4825 pred='Joy, love, motivation, and support.'
[2026-05-08T22:20:31.257991+00:00] q150 cat4 F1=0.17 EM=0 chars=5133 pred='Melanie\'s family provided "strong love and support" during h'
[2026-05-08T22:20:39.101535+00:00] q151 cat4 F1=0.35 EM=0 chars=5633 pred='Went on a hiking trail with her family on October 19, 2023.'
[2026-05-08T22:20:45.116604+00:00] q152 cat5 F1=1.00 EM=1 chars=6972 pred='Not mentioned in the conversation'
[2026-05-08T22:20:50.658685+00:00] q153 cat5 F1=1.00 EM=1 chars=4510 pred='Not mentioned in the conversation'
[2026-05-08T22:20:56.490260+00:00] q154 cat5 F1=1.00 EM=1 chars=5553 pred='Not mentioned in the conversation'
[2026-05-08T22:21:01.696716+00:00] q155 cat5 F1=1.00 EM=1 chars=5056 pred='Not mentioned in the conversation'
[2026-05-08T22:21:08.101383+00:00] q156 cat5 F1=1.00 EM=1 chars=5002 pred='Not mentioned in the conversation'
[2026-05-08T22:21:13.817149+00:00] q157 cat5 F1=1.00 EM=1 chars=5365 pred='Not mentioned in the conversation'
[2026-05-08T22:21:19.298480+00:00] q158 cat5 F1=1.00 EM=1 chars=5059 pred='Not mentioned in the conversation'
[2026-05-08T22:21:25.733940+00:00] q159 cat5 F1=1.00 EM=1 chars=4350 pred='Not mentioned in the conversation'
[2026-05-08T22:21:31.256839+00:00] q160 cat5 F1=1.00 EM=1 chars=6850 pred='Not mentioned in the conversation'
[2026-05-08T22:21:36.427450+00:00] q161 cat5 F1=1.00 EM=1 chars=5654 pred='Not mentioned in the conversation'
[2026-05-08T22:21:42.375179+00:00] q162 cat5 F1=1.00 EM=1 chars=5286 pred='Not mentioned in the conversation'
[2026-05-08T22:21:48.452952+00:00] q163 cat5 F1=1.00 EM=1 chars=7271 pred='Not mentioned in the conversation'
[2026-05-08T22:21:53.626111+00:00] q164 cat5 F1=1.00 EM=1 chars=5588 pred='Not mentioned in the conversation'
[2026-05-08T22:21:58.264861+00:00] q165 cat5 F1=1.00 EM=1 chars=6231 pred='Not mentioned in the conversation'
[2026-05-08T22:22:05.685119+00:00] q166 cat5 F1=1.00 EM=1 chars=5439 pred='Not mentioned in the conversation'
[2026-05-08T22:22:12.867659+00:00] q167 cat5 F1=1.00 EM=1 chars=5037 pred='No'
[2026-05-08T22:22:17.368101+00:00] q168 cat5 F1=1.00 EM=1 chars=6829 pred='Not mentioned in the conversation'
[2026-05-08T22:22:22.486859+00:00] q169 cat5 F1=1.00 EM=1 chars=6776 pred='Not mentioned in the conversation'
[2026-05-08T22:22:27.795313+00:00] q170 cat5 F1=1.00 EM=1 chars=7570 pred='Not mentioned in the conversation'
[2026-05-08T22:22:33.554688+00:00] q171 cat5 F1=1.00 EM=1 chars=4518 pred='Not mentioned in the conversation'
[2026-05-08T22:22:42.144541+00:00] q172 cat5 F1=1.00 EM=1 chars=4824 pred='Not mentioned in the conversation'
[2026-05-08T22:22:47.388381+00:00] q173 cat5 F1=1.00 EM=1 chars=5563 pred='Not mentioned in the conversation'
[2026-05-08T22:22:52.875485+00:00] q174 cat5 F1=1.00 EM=1 chars=4924 pred='Not mentioned in the conversation'
[2026-05-08T22:22:59.064937+00:00] q175 cat5 F1=1.00 EM=1 chars=6339 pred='Not mentioned in the conversation'
[2026-05-08T22:23:04.342546+00:00] q176 cat5 F1=1.00 EM=1 chars=5114 pred='Not mentioned in the conversation'
[2026-05-08T22:23:09.664068+00:00] q177 cat5 F1=1.00 EM=1 chars=5220 pred='Not mentioned in the conversation'
[2026-05-08T22:23:14.898552+00:00] q178 cat5 F1=1.00 EM=1 chars=4198 pred='No'
[2026-05-08T22:23:20.243787+00:00] q179 cat5 F1=1.00 EM=1 chars=5154 pred='Not mentioned in the conversation'
[2026-05-08T22:23:26.817621+00:00] q180 cat5 F1=1.00 EM=1 chars=4994 pred='Not mentioned in the conversation'
[2026-05-08T22:23:32.473248+00:00] q181 cat5 F1=1.00 EM=1 chars=5123 pred='Not mentioned in the conversation'
[2026-05-08T22:23:37.931499+00:00] q182 cat5 F1=1.00 EM=1 chars=4864 pred='Not mentioned in the conversation'
[2026-05-08T22:23:43.195069+00:00] q183 cat5 F1=1.00 EM=1 chars=5983 pred='Not mentioned in the conversation'
[2026-05-08T22:23:48.963401+00:00] q184 cat5 F1=1.00 EM=1 chars=4233 pred='Not mentioned in the conversation'
[2026-05-08T22:23:57.768679+00:00] q185 cat5 F1=1.00 EM=1 chars=5242 pred='Not mentioned in the conversation'
[2026-05-08T22:24:03.054589+00:00] q186 cat5 F1=1.00 EM=1 chars=6188 pred='Not mentioned in the conversation'
[2026-05-08T22:24:07.738486+00:00] q187 cat5 F1=1.00 EM=1 chars=6043 pred='Not mentioned in the conversation'
[2026-05-08T22:24:14.214462+00:00] q188 cat5 F1=1.00 EM=1 chars=6607 pred='Not mentioned in the conversation'
[2026-05-08T22:24:19.566101+00:00] q189 cat5 F1=1.00 EM=1 chars=6024 pred='Not mentioned in the conversation'
[2026-05-08T22:24:24.372851+00:00] q190 cat5 F1=1.00 EM=1 chars=6156 pred='Not mentioned in the conversation'
[2026-05-08T22:24:30.144961+00:00] q191 cat5 F1=1.00 EM=1 chars=5413 pred='Not mentioned in the conversation'
[2026-05-08T22:24:35.099611+00:00] q192 cat5 F1=1.00 EM=1 chars=4991 pred='Not mentioned in the conversation'
[2026-05-08T22:24:41.492101+00:00] q193 cat5 F1=1.00 EM=1 chars=6136 pred='Not mentioned in the conversation'
[2026-05-08T22:24:47.274475+00:00] q194 cat5 F1=1.00 EM=1 chars=5268 pred='Not mentioned in the conversation'
[2026-05-08T22:24:52.821248+00:00] q195 cat5 F1=1.00 EM=1 chars=5841 pred='Not mentioned in the conversation'
[2026-05-08T22:24:58.213446+00:00] q196 cat5 F1=1.00 EM=1 chars=5369 pred='Not mentioned in the conversation'
[2026-05-08T22:25:03.062407+00:00] q197 cat5 F1=1.00 EM=1 chars=5923 pred='Not mentioned in the conversation'
[2026-05-08T22:25:08.327828+00:00] q198 cat5 F1=1.00 EM=1 chars=6322 pred='Not mentioned in the conversation'
[2026-05-08T22:25:08.330438+00:00] DONE n=199 F1=0.547 ex5=0.407 wall=1188s
