[2026-05-08T22:05:20.020893+00:00] copied /Users/bunny/.openclaw/workspace/cashew/papers/locomo-run/dbs-gte-clean/dbs/conv-26-A.db -> /Users/bunny/.openclaw/workspace/cashew/papers/locomo-run/qe-ablation/cashew-gte-baseline/conv-26.db
[2026-05-08T22:05:20.026813+00:00] conv=conv-26 questions=199 qe=False embed=thenlper/gte-large src=/Users/bunny/.openclaw/workspace/cashew/papers/locomo-run/dbs-gte-clean/dbs/conv-26-A.db
[2026-05-08T22:05:22.598849+00:00] q0 cat2 F1=1.00 EM=1 chars=1847 pred='7 May 2023'
[2026-05-08T22:05:24.798615+00:00] q1 cat2 F1=0.67 EM=0 chars=1911 pred='circa 2022'
[2026-05-08T22:05:26.799318+00:00] q2 cat3 F1=0.25 EM=0 chars=2091 pred='Counseling or mental health work.'
[2026-05-08T22:05:29.518190+00:00] q3 cat1 F1=1.00 EM=1 chars=1877 pred='Adoption agencies.'
[2026-05-08T22:05:31.524323+00:00] q4 cat1 F1=0.67 EM=0 chars=1808 pred='Caroline is a transgender woman.'
[2026-05-08T22:05:33.778408+00:00] q5 cat2 F1=0.50 EM=0 chars=1889 pred='Late May 2023'
[2026-05-08T22:05:38.898042+00:00] q6 cat2 F1=1.00 EM=1 chars=1959 pred='June 2023'
[2026-05-08T22:05:41.063482+00:00] q7 cat1 F1=0.29 EM=0 chars=1873 pred='Single (pursuing adoption as a single parent).'
[2026-05-08T22:05:43.598959+00:00] q8 cat2 F1=0.50 EM=0 chars=1781 pred='Early June 2023'
[2026-05-08T22:05:46.516841+00:00] q9 cat2 F1=0.00 EM=0 chars=1937 pred="The retrieved memory doesn't contain a specific date for whe"
[2026-05-08T22:05:48.300054+00:00] q10 cat2 F1=0.00 EM=0 chars=2036 pred='Around 2019'
[2026-05-08T22:05:50.820866+00:00] q11 cat1 F1=1.00 EM=1 chars=1932 pred='Sweden'
[2026-05-08T22:05:54.543195+00:00] q12 cat2 F1=0.18 EM=0 chars=1885 pred='Approximately May 2005 (around 21 years before 2026).'
[2026-05-08T22:06:01.428031+00:00] q13 cat1 F1=0.50 EM=0 chars=2139 pred='Counseling or mental health work, specifically focused on wo'
[2026-05-08T22:06:04.196161+00:00] q14 cat3 F1=0.00 EM=0 chars=2187 pred='Probably not — "Caroline\'s own struggles with mental health '
[2026-05-08T22:06:06.782218+00:00] q15 cat1 F1=0.27 EM=0 chars=1636 pred='Running, reading, playing violin, hiking in mountains, explo'
[2026-05-08T22:06:09.811585+00:00] q16 cat2 F1=0.67 EM=0 chars=2042 pred='Early July 2023'
[2026-05-08T22:06:11.643871+00:00] q17 cat2 F1=1.00 EM=1 chars=2013 pred='July 2023'
[2026-05-08T22:06:14.059317+00:00] q18 cat1 F1=0.43 EM=0 chars=1940 pred='In the mountains (week of 19–25 June 2023), in a forest, and'
[2026-05-08T22:06:16.615954+00:00] q19 cat1 F1=0.57 EM=0 chars=1768 pred='Dinosaurs, animals, nature, and playing outdoors.'
[2026-05-08T22:06:19.602116+00:00] q20 cat2 F1=0.67 EM=0 chars=1736 pred='7 July 2023'
[2026-05-08T22:06:21.437860+00:00] q21 cat2 F1=0.50 EM=0 chars=1793 pred='Early July 2023'
[2026-05-08T22:06:24.563932+00:00] q22 cat3 F1=0.37 EM=0 chars=1856 pred='Yes, likely — she is "building a children\'s library stocked '
[2026-05-08T22:06:27.147400+00:00] q23 cat1 F1=0.10 EM=0 chars=1815 pred="Charlotte's Web (childhood favorite) and a book with a gold "
[2026-05-08T22:06:29.826613+00:00] q24 cat1 F1=0.50 EM=0 chars=1874 pred='Pottery, painting, running, playing clarinet/violin, and rea'
[2026-05-08T22:06:32.642116+00:00] q25 cat2 F1=1.00 EM=1 chars=2086 pred='10 July 2023'
[2026-05-08T22:06:36.968042+00:00] q26 cat2 F1=0.00 EM=0 chars=1749 pred='12 July 2023'
[2026-05-08T22:06:39.268256+00:00] q27 cat3 F1=0.14 EM=0 chars=2003 pred='No information available.'
[2026-05-08T22:06:41.009227+00:00] q28 cat2 F1=0.57 EM=0 chars=1922 pred='July 2023'
[2026-05-08T22:06:46.780790+00:00] q29 cat2 F1=0.57 EM=0 chars=2042 pred='July 2023'
[2026-05-08T22:06:49.912914+00:00] q30 cat3 F1=0.32 EM=0 chars=1951 pred='No, Melanie is not described as a member of the LGBTQ commun'
[2026-05-08T22:06:52.790456+00:00] q31 cat2 F1=0.50 EM=0 chars=2031 pred='19–25 June 2023'
[2026-05-08T22:06:56.496132+00:00] q32 cat1 F1=0.17 EM=0 chars=2001 pred='Caroline attended an LGBT pride event in June 2023 with her '
[2026-05-08T22:06:58.308991+00:00] q33 cat2 F1=0.25 EM=0 chars=2010 pred='11 August 2023'
[2026-05-08T22:07:01.347995+00:00] q34 cat1 F1=0.07 EM=0 chars=1921 pred='Caroline is organizing a talent show for kids at the LGBTQ+ '
[2026-05-08T22:07:03.561895+00:00] q35 cat2 F1=0.44 EM=0 chars=2031 pred='3 July 2023'
[2026-05-08T22:07:07.224160+00:00] q36 cat2 F1=0.57 EM=0 chars=1866 pred='July 2023'
[2026-05-08T22:07:09.145725+00:00] q37 cat1 F1=0.00 EM=0 chars=1911 pred='A sunflower (and is planning autumn-themed paintings).'
[2026-05-08T22:07:11.927987+00:00] q38 cat1 F1=0.32 EM=0 chars=1743 pred='Beach camping, hiking in mountains, exploring forests, roast'
[2026-05-08T22:07:16.269536+00:00] q39 cat1 F1=0.29 EM=0 chars=1893 pred='Volunteering at an LGBTQ+ youth center, joining a mentorship'
[2026-05-08T22:07:19.687274+00:00] q40 cat1 F1=0.00 EM=0 chars=1647 pred='At least twice: she went swimming with her kids on May 8, 20'
[2026-05-08T22:07:21.522937+00:00] q41 cat2 F1=0.50 EM=0 chars=1963 pred='18 July 2023'
[2026-05-08T22:07:24.109018+00:00] q42 cat3 F1=0.18 EM=0 chars=1907 pred='National park — Melanie loves camping, hiking, and nature, a'
[2026-05-08T22:07:27.146956+00:00] q43 cat1 F1=0.14 EM=0 chars=1884 pred='Caroline makes paintings — primarily abstract art and visual'
[2026-05-08T22:07:29.028961+00:00] q44 cat2 F1=0.80 EM=0 chars=1747 pred='13 August 2023'
[2026-05-08T22:07:30.803902+00:00] q45 cat2 F1=0.50 EM=0 chars=2057 pred='11 August 2023'
[2026-05-08T22:07:33.589760+00:00] q46 cat3 F1=0.21 EM=0 chars=1946 pred='Yes — Melanie is "a supporter of Caroline\'s LGBTQ advocacy w'
[2026-05-08T22:07:35.902008+00:00] q47 cat1 F1=1.00 EM=1 chars=2178 pred='Her **friends, family, and mentors**.'
[2026-05-08T22:07:38.480742+00:00] q48 cat1 F1=0.17 EM=0 chars=1943 pred='A cup with a dog face on it (kids), a bowl with a colorful p'
[2026-05-08T22:07:40.608083+00:00] q49 cat2 F1=0.67 EM=0 chars=2000 pred='Summer 2022'
[2026-05-08T22:07:43.202666+00:00] q50 cat3 F1=0.00 EM=0 chars=1837 pred='Progressive/liberal — passionate about LGBTQ rights and comm'
[2026-05-08T22:07:46.737864+00:00] q51 cat1 F1=0.18 EM=0 chars=1911 pred='Melanie has painted: a sunflower, autumn-themed paintings, a'
[2026-05-08T22:07:49.398829+00:00] q52 cat1 F1=0.35 EM=0 chars=1543 pred='Oliver (dog) and Bailey or Luna (cat) — the memory contains '
[2026-05-08T22:07:51.593199+00:00] q53 cat2 F1=0.57 EM=0 chars=1954 pred='August 2023'
[2026-05-08T22:07:54.762660+00:00] q54 cat2 F1=0.25 EM=0 chars=1876 pred='Late July 2023'
[2026-05-08T22:07:58.088134+00:00] q55 cat1 F1=0.07 EM=0 chars=1795 pred='A sunset / sunflower — Caroline painted **a sunset** and Mel'
[2026-05-08T22:08:00.944979+00:00] q56 cat1 F1=0.17 EM=0 chars=2039 pred='Cross and heart necklace, rainbow flag, eagle imagery, and b'
[2026-05-08T22:08:03.739463+00:00] q57 cat2 F1=0.57 EM=0 chars=2005 pred='August 2023'
[2026-05-08T22:08:05.641879+00:00] q58 cat2 F1=1.00 EM=1 chars=2042 pred='24 August 2023'
[2026-05-08T22:08:09.097115+00:00] q59 cat3 F1=0.17 EM=0 chars=1970 pred='Not clearly religious, though she owns a cross-and-heart nec'
[2026-05-08T22:08:11.480620+00:00] q60 cat1 F1=0.67 EM=0 chars=1838 pred='Melanie plays **clarinet** and **violin**.'
[2026-05-08T22:08:14.135791+00:00] q61 cat1 F1=1.00 EM=1 chars=1794 pred="'Summer Sounds' and Matt Patterson."
[2026-05-08T22:08:16.662050+00:00] q62 cat2 F1=1.00 EM=1 chars=1719 pred='27 August 2023'
[2026-05-08T22:08:18.606618+00:00] q63 cat2 F1=1.00 EM=1 chars=1790 pred='September 2023'
[2026-05-08T22:08:21.394980+00:00] q64 cat3 F1=0.18 EM=0 chars=1733 pred="Yes — Melanie's musical taste spans classical composers (Bac"
[2026-05-08T22:08:24.822614+00:00] q65 cat1 F1=0.11 EM=0 chars=2049 pred='Lost some close friends who could not accept her, but found '
[2026-05-08T22:08:27.197617+00:00] q66 cat1 F1=0.44 EM=0 chars=1932 pred='Exploring nature, roasting marshmallows, and hiking.'
[2026-05-08T22:08:29.016306+00:00] q67 cat2 F1=0.22 EM=0 chars=1915 pred='Late summer/early fall 2023'
[2026-05-08T22:08:30.829503+00:00] q68 cat2 F1=0.00 EM=0 chars=1914 pred='7 years'
[2026-05-08T22:08:33.248307+00:00] q69 cat3 F1=0.09 EM=0 chars=2085 pred="Mutually supportive, makes life's struggles more bearable, p"
[2026-05-08T22:08:36.559378+00:00] q70 cat1 F1=0.15 EM=0 chars=1889 pred='Caroline attended: a **transgender conference on 10 July 202'
[2026-05-08T22:08:38.664701+00:00] q71 cat1 F1=0.00 EM=0 chars=2013 pred='A book with a gold coin on the cover.'
[2026-05-08T22:08:40.831878+00:00] q72 cat2 F1=1.00 EM=1 chars=1803 pred='2022'
[2026-05-08T22:08:43.441786+00:00] q73 cat2 F1=1.00 EM=1 chars=1685 pred='September 2023'
[2026-05-08T22:08:45.259416+00:00] q74 cat2 F1=0.57 EM=0 chars=1865 pred='October 2023'
[2026-05-08T22:08:47.482505+00:00] q75 cat1 F1=0.00 EM=0 chars=1698 pred='At least three, including a youngest daughter who recently l'
[2026-05-08T22:08:49.681770+00:00] q76 cat1 F1=1.00 EM=1 chars=1946 pred='October 19, 2023'
[2026-05-08T22:08:52.329469+00:00] q77 cat3 F1=0.00 EM=0 chars=1957 pred="Unlikely soon — Melanie's son was in a car accident during t"
[2026-05-08T22:08:54.784784+00:00] q78 cat1 F1=0.17 EM=0 chars=1776 pred='Pink running sneakers and wooden family figurines (bought 21'
[2026-05-08T22:08:57.855769+00:00] q79 cat2 F1=0.50 EM=0 chars=1908 pred='20 October 2023'
[2026-05-08T22:09:00.544763+00:00] q80 cat2 F1=1.00 EM=1 chars=1675 pred='21 October 2023'
[2026-05-08T22:09:02.923575+00:00] q81 cat3 F1=0.20 EM=0 chars=2024 pred='No information available.'
[2026-05-08T22:09:04.928924+00:00] q82 cat4 F1=0.80 EM=0 chars=1999 pred='Mental health awareness.'
[2026-05-08T22:09:07.427434+00:00] q83 cat4 F1=0.00 EM=0 chars=1929 pred='Melanie found the charity race **rewarding and thought-provo'
[2026-05-08T22:09:09.778405+00:00] q84 cat4 F1=0.40 EM=0 chars=1801 pred='Daily running, reading, and playing violin.'
[2026-05-08T22:09:12.173169+00:00] q85 cat4 F1=0.00 EM=0 chars=1800 pred='Picnic with support network and a special trip with Melanie '
[2026-05-08T22:09:14.734851+00:00] q86 cat4 F1=0.40 EM=0 chars=1934 pred='LGBTQ+ prospective parents'
[2026-05-08T22:09:17.248975+00:00] q87 cat4 F1=0.48 EM=0 chars=1955 pred='Because it **explicitly supports LGBTQ+ prospective parents*'
[2026-05-08T22:09:19.654178+00:00] q88 cat4 F1=0.32 EM=0 chars=1940 pred='Providing a safe, loving home for children who need it — a l'
[2026-05-08T22:09:21.654801+00:00] q89 cat4 F1=0.10 EM=0 chars=1925 pred='Melanie is considering adoption herself, inspired by her fri'
[2026-05-08T22:09:24.053941+00:00] q90 cat4 F1=0.22 EM=0 chars=1812 pred='Five years as of June 2023 (married around 2018).'
[2026-05-08T22:09:26.467217+00:00] q91 cat4 F1=1.00 EM=1 chars=2019 pred='Love, faith, and strength.'
[2026-05-08T22:09:28.290049+00:00] q92 cat4 F1=1.00 EM=1 chars=1829 pred='Sweden'
[2026-05-08T22:09:30.870964+00:00] q93 cat4 F1=0.40 EM=0 chars=1999 pred='A necklace with a cross and a heart.'
[2026-05-08T22:09:34.019785+00:00] q94 cat4 F1=0.00 EM=0 chars=2036 pred='No information available.\n\n(The hand-painted bowl belonging '
[2026-05-08T22:09:36.778278+00:00] q95 cat4 F1=0.75 EM=0 chars=1990 pred='Sat around a campfire, explored nature, roasted marshmallows'
[2026-05-08T22:09:39.055725+00:00] q96 cat4 F1=0.37 EM=0 chars=2255 pred='Counseling and mental health work focused on supporting tran'
[2026-05-08T22:09:41.604329+00:00] q97 cat4 F1=0.26 EM=0 chars=1813 pred='An LGBTQ+ counseling workshop on Friday 23 June 2023, where '
[2026-05-08T22:09:43.994253+00:00] q98 cat4 F1=0.71 EM=0 chars=2139 pred='Therapeutic methods and approaches for working with trans pe'
[2026-05-08T22:09:46.628843+00:00] q99 cat4 F1=0.31 EM=0 chars=2233 pred='Her own experience receiving mental health support, and want'
[2026-05-08T22:09:49.466781+00:00] q100 cat4 F1=0.20 EM=0 chars=2025 pred='A safe, loving home.'
[2026-05-08T22:09:51.850306+00:00] q101 cat4 F1=0.10 EM=0 chars=1822 pred='Yes — Melanie made a bowl with a black and white flower desi'
[2026-05-08T22:09:54.356520+00:00] q102 cat4 F1=0.57 EM=0 chars=2038 pred='Classics, multicultural stories, and educational books.'
[2026-05-08T22:09:56.258402+00:00] q103 cat4 F1=1.00 EM=1 chars=1718 pred="Charlotte's Web"
[2026-05-08T22:09:58.355834+00:00] q104 cat4 F1=0.00 EM=0 chars=2000 pred='A book with a gold coin on the cover.'
[2026-05-08T22:10:01.527191+00:00] q105 cat4 F1=0.13 EM=0 chars=1958 pred='Self-acceptance and that tough times are temporary — hope an'
[2026-05-08T22:10:04.441516+00:00] q106 cat4 F1=0.33 EM=0 chars=1804 pred='Running (increasing her running distance).'
[2026-05-08T22:10:06.949533+00:00] q107 cat4 F1=0.00 EM=0 chars=1857 pred='Stress-relief and mental health strategy.'
[2026-05-08T22:10:09.810969+00:00] q108 cat4 F1=0.86 EM=0 chars=1814 pred='Her **stress-relief and mental health**.'
[2026-05-08T22:10:12.297696+00:00] q109 cat4 F1=0.00 EM=0 chars=1987 pred='A cup with a dog face on it.'
[2026-05-08T22:10:14.291054+00:00] q110 cat4 F1=1.00 EM=1 chars=1931 pred='A cup with a dog face on it.'
[2026-05-08T22:10:16.848878+00:00] q111 cat4 F1=0.17 EM=0 chars=1982 pred='Painting — specifically nature-inspired paintings such as su'
[2026-05-08T22:10:19.592524+00:00] q112 cat4 F1=0.05 EM=0 chars=1881 pred='In July 2023, Melanie took her kids to a pottery workshop — '
[2026-05-08T22:10:22.671137+00:00] q113 cat4 F1=0.00 EM=0 chars=1922 pred='Inspiring and emotional (content not specified beyond that).'
[2026-05-08T22:10:25.105532+00:00] q114 cat4 F1=0.00 EM=0 chars=1869 pred='No information available.'
[2026-05-08T22:10:27.505838+00:00] q115 cat4 F1=0.55 EM=0 chars=1709 pred="Flowers were an important part of Melanie's wedding decor an"
[2026-05-08T22:10:29.786588+00:00] q116 cat4 F1=0.00 EM=0 chars=1830 pred='No information available.'
[2026-05-08T22:10:32.012114+00:00] q117 cat4 F1=0.89 EM=0 chars=1684 pred='Roughly once or twice a year.'
[2026-05-08T22:10:36.152466+00:00] q118 cat4 F1=0.00 EM=0 chars=1990 pred='Melanie went camping in the mountains exploring nature, hiki'
[2026-05-08T22:10:38.128417+00:00] q119 cat4 F1=0.80 EM=0 chars=1804 pred='Tiny and deeply in awe of the universe.'
[2026-05-08T22:10:40.958231+00:00] q120 cat4 F1=0.40 EM=0 chars=1704 pred="Her daughter's birthday."
[2026-05-08T22:10:43.572937+00:00] q121 cat4 F1=1.00 EM=1 chars=1776 pred='Matt Patterson'
[2026-05-08T22:10:45.574492+00:00] q122 cat4 F1=0.00 EM=0 chars=2046 pred='No information available.'
[2026-05-08T22:10:48.044424+00:00] q123 cat4 F1=0.67 EM=0 chars=1709 pred='A guinea pig named Oscar.'
[2026-05-08T22:10:50.879467+00:00] q124 cat4 F1=0.24 EM=0 chars=1547 pred='A black dog named Oliver and a cat (named Bailey or Luna — t'
[2026-05-08T22:10:53.062373+00:00] q125 cat4 F1=1.00 EM=1 chars=1686 pred="In Melanie's slipper."
[2026-05-08T22:10:55.233927+00:00] q126 cat4 F1=0.67 EM=0 chars=1754 pred='Horseback riding through fields.'
[2026-05-08T22:10:57.787357+00:00] q127 cat4 F1=0.38 EM=0 chars=2018 pred='A stained glass window representing her transgender journey '
[2026-05-08T22:10:59.911248+00:00] q128 cat4 F1=0.00 EM=0 chars=1757 pred='No information available.'
[2026-05-08T22:11:02.577180+00:00] q129 cat4 F1=1.00 EM=1 chars=1899 pred="'Brave' by Sara Bareilles"
[2026-05-08T22:11:05.604651+00:00] q130 cat4 F1=1.00 EM=1 chars=1775 pred='Bach and Mozart.'
[2026-05-08T22:11:07.975919+00:00] q131 cat4 F1=0.80 EM=0 chars=1791 pred="Ed Sheeran ('Perfect')"
[2026-05-08T22:11:10.364509+00:00] q132 cat4 F1=0.50 EM=0 chars=1820 pred='Seven years.'
[2026-05-08T22:11:12.679354+00:00] q133 cat4 F1=0.00 EM=0 chars=1764 pred='No information available.'
[2026-05-08T22:11:14.889716+00:00] q134 cat4 F1=0.00 EM=0 chars=1918 pred='No information available.'
[2026-05-08T22:11:16.997665+00:00] q135 cat4 F1=0.00 EM=0 chars=1699 pred="Melanie's son was in a car accident during a road trip in Oc"
[2026-05-08T22:11:19.187392+00:00] q136 cat4 F1=0.75 EM=0 chars=1928 pred='Reading (a book Caroline recommended) and painting.'
[2026-05-08T22:11:21.293669+00:00] q137 cat4 F1=0.00 EM=0 chars=1869 pred='No information available.'
[2026-05-08T22:11:23.406893+00:00] q138 cat4 F1=0.00 EM=0 chars=1841 pred='No information available.'
[2026-05-08T22:11:25.951945+00:00] q139 cat4 F1=0.31 EM=0 chars=1908 pred='Transgender poetry.'
[2026-05-08T22:11:28.942563+00:00] q140 cat4 F1=0.00 EM=0 chars=2105 pred='No information available.'
[2026-05-08T22:11:32.316305+00:00] q141 cat4 F1=0.20 EM=0 chars=1902 pred='Freedom, authenticity, and embracing her womanhood.'
[2026-05-08T22:11:35.236170+00:00] q142 cat4 F1=0.00 EM=0 chars=1932 pred='Both describe the other as making **"life\'s struggles more b'
[2026-05-08T22:11:37.851021+00:00] q143 cat4 F1=0.21 EM=0 chars=1810 pred="Melanie's son was in a car accident during a road trip in Oc"
[2026-05-08T22:11:40.103567+00:00] q144 cat4 F1=0.36 EM=0 chars=1685 pred='He was okay.'
[2026-05-08T22:11:42.092218+00:00] q145 cat4 F1=0.00 EM=0 chars=1662 pred='Melanie believed "life is precious and family must be cheris'
[2026-05-08T22:11:44.796955+00:00] q146 cat4 F1=0.00 EM=0 chars=1623 pred='Melanie\'s children "enjoyed the Grand Canyon despite the acc'
[2026-05-08T22:11:47.162772+00:00] q147 cat4 F1=0.12 EM=0 chars=1851 pred='The accident reinforced Melanie\'s belief that "life is preci'
[2026-05-08T22:11:49.149609+00:00] q148 cat4 F1=0.00 EM=0 chars=1817 pred='No information available.'
[2026-05-08T22:11:51.491076+00:00] q149 cat4 F1=0.00 EM=0 chars=1683 pred='Love and support.'
[2026-05-08T22:11:54.340169+00:00] q150 cat4 F1=0.17 EM=0 chars=1686 pred='Melanie\'s family provided her with "strong love and support"'
[2026-05-08T22:11:56.783102+00:00] q151 cat4 F1=0.27 EM=0 chars=1730 pred='Melanie went on a hiking trail with her family the day after'
[2026-05-08T22:11:59.035436+00:00] q152 cat5 F1=1.00 EM=1 chars=1881 pred='Not mentioned in the conversation'
[2026-05-08T22:12:01.041023+00:00] q153 cat5 F1=1.00 EM=1 chars=1664 pred='Not mentioned in the conversation'
[2026-05-08T22:12:03.257649+00:00] q154 cat5 F1=1.00 EM=1 chars=1843 pred='Not mentioned in the conversation'
[2026-05-08T22:12:05.393402+00:00] q155 cat5 F1=1.00 EM=1 chars=1791 pred='Not mentioned in the conversation'
[2026-05-08T22:12:08.044326+00:00] q156 cat5 F1=1.00 EM=1 chars=1805 pred='Not mentioned in the conversation'
[2026-05-08T22:12:09.958821+00:00] q157 cat5 F1=1.00 EM=1 chars=1894 pred='Not mentioned in the conversation'
[2026-05-08T22:12:12.061319+00:00] q158 cat5 F1=1.00 EM=1 chars=1692 pred='Not mentioned in the conversation'
[2026-05-08T22:12:14.541326+00:00] q159 cat5 F1=1.00 EM=1 chars=1646 pred='Not mentioned in the conversation'
[2026-05-08T22:12:16.875482+00:00] q160 cat5 F1=1.00 EM=1 chars=2153 pred='Not mentioned in the conversation'
[2026-05-08T22:12:20.747417+00:00] q161 cat5 F1=1.00 EM=1 chars=2040 pred='Not mentioned in the conversation'
[2026-05-08T22:12:22.557910+00:00] q162 cat5 F1=1.00 EM=1 chars=1997 pred='Not mentioned in the conversation'
[2026-05-08T22:12:24.809359+00:00] q163 cat5 F1=1.00 EM=1 chars=2280 pred='Not mentioned in the conversation'
[2026-05-08T22:12:26.930982+00:00] q164 cat5 F1=1.00 EM=1 chars=1867 pred='Not mentioned in the conversation'
[2026-05-08T22:12:29.370823+00:00] q165 cat5 F1=1.00 EM=1 chars=2077 pred='Not mentioned in the conversation'
[2026-05-08T22:12:33.149175+00:00] q166 cat5 F1=1.00 EM=1 chars=1638 pred='Not mentioned in the conversation'
[2026-05-08T22:12:35.858878+00:00] q167 cat5 F1=1.00 EM=1 chars=1985 pred='No'
[2026-05-08T22:12:37.933587+00:00] q168 cat5 F1=1.00 EM=1 chars=1840 pred='Not mentioned in the conversation'
[2026-05-08T22:12:40.344482+00:00] q169 cat5 F1=1.00 EM=1 chars=1916 pred='Not mentioned in the conversation'
[2026-05-08T22:12:42.064142+00:00] q170 cat5 F1=1.00 EM=1 chars=1865 pred='Not mentioned in the conversation'
[2026-05-08T22:12:45.130210+00:00] q171 cat5 F1=1.00 EM=1 chars=1807 pred='Not mentioned in the conversation'
[2026-05-08T22:12:47.080312+00:00] q172 cat5 F1=1.00 EM=1 chars=1911 pred='Not mentioned in the conversation'
[2026-05-08T22:12:49.855481+00:00] q173 cat5 F1=1.00 EM=1 chars=1925 pred='Not mentioned in the conversation'
[2026-05-08T22:12:52.158557+00:00] q174 cat5 F1=1.00 EM=1 chars=1735 pred='Not mentioned in the conversation'
[2026-05-08T22:12:54.776097+00:00] q175 cat5 F1=1.00 EM=1 chars=1979 pred='Not mentioned in the conversation'
[2026-05-08T22:12:57.043693+00:00] q176 cat5 F1=1.00 EM=1 chars=1833 pred='Not mentioned in the conversation'
[2026-05-08T22:13:00.603081+00:00] q177 cat5 F1=1.00 EM=1 chars=1860 pred='Not mentioned in the conversation'
[2026-05-08T22:13:02.429588+00:00] q178 cat5 F1=1.00 EM=1 chars=1620 pred='No'
[2026-05-08T22:13:05.056773+00:00] q179 cat5 F1=1.00 EM=1 chars=1942 pred='Not mentioned in the conversation'
[2026-05-08T22:13:07.737662+00:00] q180 cat5 F1=1.00 EM=1 chars=1717 pred='Not mentioned in the conversation'
[2026-05-08T22:13:09.853116+00:00] q181 cat5 F1=1.00 EM=1 chars=1718 pred='Not mentioned in the conversation'
[2026-05-08T22:13:11.707561+00:00] q182 cat5 F1=1.00 EM=1 chars=1843 pred='Not mentioned in the conversation'
[2026-05-08T22:13:13.946127+00:00] q183 cat5 F1=1.00 EM=1 chars=1756 pred='Not mentioned in the conversation'
[2026-05-08T22:13:16.124599+00:00] q184 cat5 F1=1.00 EM=1 chars=1640 pred='Not mentioned in the conversation'
[2026-05-08T22:13:19.296964+00:00] q185 cat5 F1=1.00 EM=1 chars=1674 pred='Not mentioned in the conversation'
[2026-05-08T22:13:21.703225+00:00] q186 cat5 F1=1.00 EM=1 chars=1780 pred='Not mentioned in the conversation'
[2026-05-08T22:13:23.581296+00:00] q187 cat5 F1=1.00 EM=1 chars=1999 pred='Not mentioned in the conversation'
[2026-05-08T22:13:25.864195+00:00] q188 cat5 F1=1.00 EM=1 chars=1962 pred='Not mentioned in the conversation'
[2026-05-08T22:13:28.199153+00:00] q189 cat5 F1=1.00 EM=1 chars=1776 pred='Not mentioned in the conversation'
[2026-05-08T22:13:30.042746+00:00] q190 cat5 F1=1.00 EM=1 chars=1947 pred='Not mentioned in the conversation'
[2026-05-08T22:13:32.285218+00:00] q191 cat5 F1=1.00 EM=1 chars=1825 pred='Not mentioned in the conversation'
[2026-05-08T22:13:35.713217+00:00] q192 cat5 F1=1.00 EM=1 chars=1916 pred='Not mentioned in the conversation'
[2026-05-08T22:13:37.800523+00:00] q193 cat5 F1=1.00 EM=1 chars=1926 pred='Not mentioned in the conversation'
[2026-05-08T22:13:39.853151+00:00] q194 cat5 F1=1.00 EM=1 chars=1880 pred='Not mentioned in the conversation'
[2026-05-08T22:13:42.116786+00:00] q195 cat5 F1=1.00 EM=1 chars=1892 pred='Not mentioned in the conversation'
[2026-05-08T22:13:44.398696+00:00] q196 cat5 F1=1.00 EM=1 chars=1779 pred='Not mentioned in the conversation'
[2026-05-08T22:13:46.658124+00:00] q197 cat5 F1=1.00 EM=1 chars=1770 pred='Not mentioned in the conversation'
[2026-05-08T22:13:48.647319+00:00] q198 cat5 F1=1.00 EM=1 chars=2006 pred='Not mentioned in the conversation'
[2026-05-08T22:13:48.649519+00:00] DONE n=199 F1=0.537 ex5=0.394 wall=509s
