[2026-05-08T23:27:22.537932+00:00] copied /Users/bunny/.openclaw/workspace/cashew/papers/locomo-run/dbs-gte-clean/dbs/conv-26-A.db -> /Users/bunny/.openclaw/workspace/cashew/papers/locomo-run/qe-ablation/cashew-uniform-gte+qe/conv-26.db
[2026-05-08T23:27:22.542598+00:00] conv=conv-26 questions=199 qe=True embed=thenlper/gte-large src=/Users/bunny/.openclaw/workspace/cashew/papers/locomo-run/dbs-gte-clean/dbs/conv-26-A.db
Warning: You are sending unauthenticated requests to the HF Hub. Please set a HF_TOKEN to enable higher rate limits and faster downloads.
WARNING:huggingface_hub.utils._http:Warning: You are sending unauthenticated requests to the HF Hub. Please set a HF_TOKEN to enable higher rate limits and faster downloads.
Loading weights:   0%|          | 0/391 [00:00<?, ?it/s]Loading weights: 100%|██████████| 391/391 [00:00<00:00, 6311.54it/s]
[1mBertModel LOAD REPORT[0m from: thenlper/gte-large
Key                     | Status     |  | 
------------------------+------------+--+-
embeddings.position_ids | UNEXPECTED |  | 

[3mNotes:
- UNEXPECTED[3m	:can be ignored when loading from different task/architecture; not ok if you expect identical arch.[0m
[2026-05-08T23:27:35.173440+00:00] q0 cat2 F1=1.00 EM=1 chars=5325 pred='7 May 2023'
[2026-05-08T23:27:42.365618+00:00] q1 cat2 F1=0.67 EM=0 chars=2924 pred='Circa 2022'
[2026-05-08T23:27:50.759157+00:00] q2 cat3 F1=0.11 EM=0 chars=5835 pred='Counseling and mental health (specifically focused on workin'
[2026-05-08T23:27:57.806486+00:00] q3 cat1 F1=0.36 EM=0 chars=6159 pred='Caroline was researching adoption agencies as of May 2023.'
[2026-05-08T23:28:05.421562+00:00] q4 cat1 F1=0.20 EM=0 chars=5816 pred='Caroline is a transgender woman and visual artist whose work'
[2026-05-08T23:28:14.030605+00:00] q5 cat2 F1=0.50 EM=0 chars=4793 pred='Late May 2023'
[2026-05-08T23:28:21.047650+00:00] q6 cat2 F1=1.00 EM=1 chars=4744 pred='June 2023'
[2026-05-08T23:28:28.745142+00:00] q7 cat1 F1=0.00 EM=0 chars=6517 pred='Caroline went through a difficult breakup at some point afte'
[2026-05-08T23:28:35.280705+00:00] q8 cat2 F1=0.50 EM=0 chars=4727 pred='Early June 2023'
[2026-05-08T23:28:44.535587+00:00] q9 cat2 F1=0.25 EM=0 chars=2919 pred='Early July 2023'
[2026-05-08T23:28:52.886169+00:00] q10 cat2 F1=0.20 EM=0 chars=6827 pred='Since 2019 (approximately four years before June 2023).'
[2026-05-08T23:29:03.957002+00:00] q11 cat1 F1=1.00 EM=1 chars=4810 pred='Sweden'
[2026-05-08T23:29:11.307388+00:00] q12 cat2 F1=0.20 EM=0 chars=5786 pred='Around 2005 (approximately 21 years before 2026).'
[2026-05-08T23:29:19.884104+00:00] q13 cat1 F1=0.45 EM=0 chars=6596 pred='Counseling and mental health, specifically focused on workin'
[2026-05-08T23:29:29.852926+00:00] q14 cat3 F1=0.09 EM=0 chars=4626 pred='Likely not — her motivation to support others is "rooted in '
[2026-05-08T23:29:42.811125+00:00] q15 cat1 F1=0.25 EM=0 chars=5600 pred='Painting, pottery, running, reading, playing violin, playing'
[2026-05-08T23:29:51.015703+00:00] q16 cat2 F1=0.67 EM=0 chars=4112 pred='Early July 2023'
[2026-05-08T23:29:58.569399+00:00] q17 cat2 F1=1.00 EM=1 chars=4995 pred='July 2023'
[2026-05-08T23:30:07.825732+00:00] q18 cat1 F1=1.00 EM=1 chars=3808 pred='Mountains, forest, and beach.'
[2026-05-08T23:30:17.702013+00:00] q19 cat1 F1=0.10 EM=0 chars=4237 pred='Playing outdoors, learning new things about nature, summer b'
[2026-05-08T23:30:24.774985+00:00] q20 cat2 F1=0.67 EM=0 chars=5216 pred='7 July 2023'
[2026-05-08T23:30:32.477250+00:00] q21 cat2 F1=0.50 EM=0 chars=6268 pred='Early July 2023'
[2026-05-08T23:30:40.661628+00:00] q22 cat3 F1=0.33 EM=0 chars=6052 pred="Yes — she is building a children's library stocked with clas"
[2026-05-08T23:30:48.286330+00:00] q23 cat1 F1=0.19 EM=0 chars=4401 pred="Charlotte's Web (childhood favorite) and a book with a gold "
[2026-05-08T23:30:56.098578+00:00] q24 cat1 F1=0.50 EM=0 chars=6749 pred='Running, pottery, painting, playing clarinet/violin, and rea'
[2026-05-08T23:31:04.753572+00:00] q25 cat2 F1=1.00 EM=1 chars=5463 pred='10 July 2023'
[2026-05-08T23:31:12.402849+00:00] q26 cat2 F1=0.00 EM=0 chars=4258 pred='12 July 2023'
[2026-05-08T23:31:20.632440+00:00] q27 cat3 F1=0.15 EM=0 chars=4158 pred='No information available. The memory shows Caroline is explo'
[2026-05-08T23:31:31.387361+00:00] q28 cat2 F1=0.57 EM=0 chars=4323 pred='July 2023'
[2026-05-08T23:31:40.540726+00:00] q29 cat2 F1=0.57 EM=0 chars=4417 pred='July 2023'
[2026-05-08T23:31:47.431387+00:00] q30 cat3 F1=0.27 EM=0 chars=4408 pred='No information available. Melanie is described as a supporte'
[2026-05-08T23:31:56.901543+00:00] q31 cat2 F1=0.50 EM=0 chars=3513 pred='19 June 2023'
[2026-05-08T23:32:05.037964+00:00] q32 cat1 F1=0.19 EM=0 chars=6627 pred='LGBTQ support group (May 7, 2023); LGBT pride event with her'
[2026-05-08T23:32:13.037374+00:00] q33 cat2 F1=0.25 EM=0 chars=3601 pred='Late June 2023'
[2026-05-08T23:32:21.294447+00:00] q34 cat1 F1=0.08 EM=0 chars=3956 pred='Caroline organized a talent show for kids at the LGBTQ+ yout'
[2026-05-08T23:32:29.158789+00:00] q35 cat2 F1=0.44 EM=0 chars=3858 pred='3 July 2023'
[2026-05-08T23:32:37.019205+00:00] q36 cat2 F1=0.57 EM=0 chars=4855 pred='July 2023'
[2026-05-08T23:32:46.863486+00:00] q37 cat1 F1=0.00 EM=0 chars=3470 pred='A horse on a wooden wall, and a sunflower.'
[2026-05-08T23:32:55.597705+00:00] q38 cat1 F1=0.29 EM=0 chars=4499 pred='Camping in the mountains, hiking, exploring nature, roasting'
[2026-05-08T23:33:04.419709+00:00] q39 cat1 F1=0.20 EM=0 chars=5393 pred='Volunteering at an LGBTQ+ youth center, joining a mentorship'
[2026-05-08T23:33:14.091600+00:00] q40 cat1 F1=0.00 EM=0 chars=4522 pred='Once (she went swimming with her kids on May 8, 2023; beach '
[2026-05-08T23:33:22.893129+00:00] q41 cat2 F1=0.50 EM=0 chars=3339 pred='18 July 2023'
[2026-05-08T23:33:30.402673+00:00] q42 cat3 F1=0.24 EM=0 chars=4998 pred='National park — nature brings her "peace, serenity, and help'
[2026-05-08T23:33:39.105616+00:00] q43 cat1 F1=0.20 EM=0 chars=5087 pred='Paintings, stained glass art, abstract art, and drawings of '
[2026-05-08T23:33:48.114261+00:00] q44 cat2 F1=0.80 EM=0 chars=3996 pred='13 August 2023'
[2026-05-08T23:33:54.462490+00:00] q45 cat2 F1=0.50 EM=0 chars=2775 pred='11 August 2023'
[2026-05-08T23:34:02.764197+00:00] q46 cat3 F1=0.32 EM=0 chars=6207 pred='Yes — Melanie is "a supporter of Caroline\'s LGBTQ advocacy w'
[2026-05-08T23:34:11.562357+00:00] q47 cat1 F1=1.00 EM=1 chars=6828 pred='Her **friends, family, and mentors**.'
[2026-05-08T23:34:19.097370+00:00] q48 cat1 F1=0.17 EM=0 chars=4511 pred='A cup with a dog face on it (kids), a bowl with a colorful p'
[2026-05-08T23:34:27.121978+00:00] q49 cat2 F1=0.67 EM=0 chars=3802 pred='Summer 2022'
[2026-05-08T23:34:35.386512+00:00] q50 cat3 F1=0.00 EM=0 chars=6351 pred='Progressive/left-leaning — she is "passionate about LGBTQ ri'
[2026-05-08T23:34:46.733757+00:00] q51 cat1 F1=0.17 EM=0 chars=3172 pred='Melanie has painted landscapes, still life, a sunflower, aut'
[2026-05-08T23:34:55.690303+00:00] q52 cat1 F1=0.35 EM=0 chars=3690 pred='Oliver (dog) and Bailey/Luna (cat) — the memory contains con'
[2026-05-08T23:35:03.530422+00:00] q53 cat2 F1=0.57 EM=0 chars=4111 pred='August 2023'
[2026-05-08T23:35:16.163477+00:00] q54 cat2 F1=0.57 EM=0 chars=3999 pred='August 2023'
[2026-05-08T23:35:23.746398+00:00] q55 cat1 F1=1.00 EM=0 chars=5329 pred='A sunset.'
[2026-05-08T23:35:31.924453+00:00] q56 cat1 F1=0.15 EM=0 chars=5486 pred='The rainbow flag and eagle imagery (symbols of trans communi'
[2026-05-08T23:35:40.197512+00:00] q57 cat2 F1=0.57 EM=0 chars=5990 pred='August 2023'
[2026-05-08T23:35:50.736279+00:00] q58 cat2 F1=1.00 EM=1 chars=4014 pred='24 August 2023'
[2026-05-08T23:35:58.614992+00:00] q59 cat3 F1=0.18 EM=0 chars=5669 pred='Not clearly religious — she owns a cross-and-heart necklace '
[2026-05-08T23:36:05.831824+00:00] q60 cat1 F1=1.00 EM=1 chars=3782 pred='Clarinet and violin.'
[2026-05-08T23:36:13.040530+00:00] q61 cat1 F1=1.00 EM=1 chars=5115 pred='Summer Sounds and Matt Patterson.'
[2026-05-08T23:36:21.170178+00:00] q62 cat2 F1=1.00 EM=1 chars=5947 pred='27 August 2023'
[2026-05-08T23:36:28.760411+00:00] q63 cat2 F1=1.00 EM=1 chars=4322 pred='September 2023'
[2026-05-08T23:36:36.889454+00:00] q64 cat3 F1=0.21 EM=0 chars=4326 pred="Yes — Melanie's musical taste spans classical composers (Bac"
[2026-05-08T23:36:48.157169+00:00] q65 cat1 F1=0.17 EM=0 chars=5502 pred='Lost some close friends who could not accept her, found rema'
[2026-05-08T23:36:56.354922+00:00] q66 cat1 F1=0.19 EM=0 chars=5225 pred='Explores nature, roasts marshmallows, and hikes during campi'
[2026-05-08T23:37:04.150974+00:00] q67 cat2 F1=0.22 EM=0 chars=4723 pred='Late summer/early fall 2023'
[2026-05-08T23:37:10.521135+00:00] q68 cat2 F1=0.00 EM=0 chars=3596 pred='7 years'
[2026-05-08T23:37:17.866631+00:00] q69 cat3 F1=0.17 EM=0 chars=4411 pred='Mutually supportive, encouraging, and a strong advocate for '
[2026-05-08T23:37:26.172410+00:00] q70 cat1 F1=0.21 EM=0 chars=5078 pred='LGBTQ support group (May 7, 2023), LGBT pride event with her'
[2026-05-08T23:37:33.765801+00:00] q71 cat1 F1=0.00 EM=0 chars=4134 pred='A book with a gold coin on the cover (recommended by Carolin'
[2026-05-08T23:37:42.432838+00:00] q72 cat2 F1=1.00 EM=1 chars=4521 pred='2022'
[2026-05-08T23:37:48.972407+00:00] q73 cat2 F1=1.00 EM=1 chars=4916 pred='September 2023'
[2026-05-08T23:37:56.306429+00:00] q74 cat2 F1=0.57 EM=0 chars=4122 pred='October 2023'
[2026-05-08T23:38:03.647703+00:00] q75 cat1 F1=0.00 EM=0 chars=2330 pred='At least three, including a youngest daughter who recently l'
[2026-05-08T23:38:13.495514+00:00] q76 cat1 F1=1.00 EM=1 chars=3174 pred='October 19, 2023'
[2026-05-08T23:38:22.748791+00:00] q77 cat3 F1=0.07 EM=0 chars=5509 pred='Likely yes — the accident "reinforced Melanie\'s belief that '
[2026-05-08T23:38:30.531268+00:00] q78 cat1 F1=0.17 EM=0 chars=5566 pred='Pink running sneakers and wooden family figurines (bought 21'
[2026-05-08T23:38:37.266540+00:00] q79 cat2 F1=0.50 EM=0 chars=6322 pred='20 October 2023'
[2026-05-08T23:38:45.183734+00:00] q80 cat2 F1=1.00 EM=1 chars=4755 pred='21 October 2023'
[2026-05-08T23:38:52.238868+00:00] q81 cat3 F1=0.20 EM=0 chars=5798 pred='No information available.'
[2026-05-08T23:38:59.975757+00:00] q82 cat4 F1=0.80 EM=0 chars=5900 pred='Mental health awareness.'
[2026-05-08T23:39:08.474352+00:00] q83 cat4 F1=0.00 EM=0 chars=5904 pred='She found it **rewarding and thought-provoking**.'
[2026-05-08T23:39:16.778846+00:00] q84 cat4 F1=0.20 EM=0 chars=4221 pred='Daily running, reading, and playing violin, plus pottery as '
[2026-05-08T23:39:24.112372+00:00] q85 cat4 F1=0.00 EM=0 chars=4017 pred='Caroline and Melanie made plans in August 2023 to arrange a '
[2026-05-08T23:39:31.896675+00:00] q86 cat4 F1=1.00 EM=1 chars=5117 pred='LGBTQ+ individuals'
[2026-05-08T23:39:42.568143+00:00] q87 cat4 F1=0.48 EM=0 chars=5310 pred='Because it **explicitly supports LGBTQ+ prospective parents*'
[2026-05-08T23:39:50.595865+00:00] q88 cat4 F1=0.32 EM=0 chars=5449 pred='Providing a safe, loving home for children who need it — a l'
[2026-05-08T23:40:00.046330+00:00] q89 cat4 F1=0.10 EM=0 chars=3529 pred='Melanie is considering adoption herself, inspired by her fri'
[2026-05-08T23:40:08.587807+00:00] q90 cat4 F1=0.22 EM=0 chars=3895 pred='Five years as of June 2023 (married around 2018).'
[2026-05-08T23:40:16.553114+00:00] q91 cat4 F1=0.46 EM=0 chars=6088 pred='Love, faith, and strength; it connects her to her roots and '
[2026-05-08T23:40:23.369589+00:00] q92 cat4 F1=1.00 EM=1 chars=5270 pred='Sweden'
[2026-05-08T23:40:30.671465+00:00] q93 cat4 F1=0.40 EM=0 chars=6713 pred='A necklace with a cross and a heart.'
[2026-05-08T23:40:38.026305+00:00] q94 cat4 F1=1.00 EM=1 chars=4934 pred='Art and self-expression.'
[2026-05-08T23:40:47.000920+00:00] q95 cat4 F1=0.48 EM=0 chars=3156 pred='Explored nature, roasted marshmallows, hiked, sat around a c'
[2026-05-08T23:40:54.944104+00:00] q96 cat4 F1=0.31 EM=0 chars=3872 pred='Counseling and mental health work specifically focused on wo'
[2026-05-08T23:41:03.481407+00:00] q97 cat4 F1=0.26 EM=0 chars=5151 pred='An LGBTQ+ counseling workshop on Friday 23 June 2023, where '
[2026-05-08T23:41:10.566567+00:00] q98 cat4 F1=0.71 EM=0 chars=5899 pred='Therapeutic methods and approaches for working with trans pe'
[2026-05-08T23:41:18.816868+00:00] q99 cat4 F1=0.34 EM=0 chars=4348 pred='Her own experience receiving mental health support, and want'
[2026-05-08T23:41:26.778374+00:00] q100 cat4 F1=0.46 EM=0 chars=6894 pred='A safe, inviting space for personal growth.'
[2026-05-08T23:41:35.148787+00:00] q101 cat4 F1=0.10 EM=0 chars=5659 pred='Yes — Melanie made a bowl with a black and white flower desi'
[2026-05-08T23:41:42.151212+00:00] q102 cat4 F1=0.57 EM=0 chars=5755 pred='Classics, multicultural stories, and educational books.'
[2026-05-08T23:41:49.439596+00:00] q103 cat4 F1=1.00 EM=1 chars=5199 pred="Charlotte's Web"
[2026-05-08T23:41:59.582216+00:00] q104 cat4 F1=0.50 EM=0 chars=3705 pred="'Becoming Nicole' by Amy Ellis Nutt."
[2026-05-08T23:42:09.554144+00:00] q105 cat4 F1=0.13 EM=0 chars=5038 pred='Self-acceptance and that tough times are temporary — hope an'
[2026-05-08T23:42:23.873570+00:00] q106 cat4 F1=0.33 EM=0 chars=5471 pred='Running (increasing her running distance).'
[2026-05-08T23:42:30.924057+00:00] q107 cat4 F1=0.00 EM=0 chars=4775 pred='Stress-relief and mental health strategy.'
[2026-05-08T23:42:38.759451+00:00] q108 cat4 F1=0.67 EM=0 chars=4520 pred='Stress-relief and mental health.'
[2026-05-08T23:42:45.996463+00:00] q109 cat4 F1=0.00 EM=0 chars=3611 pred='A cup with a dog face on it.'
[2026-05-08T23:42:54.112860+00:00] q110 cat4 F1=1.00 EM=1 chars=4727 pred='A cup with a dog face on it.'
[2026-05-08T23:43:02.322030+00:00] q111 cat4 F1=0.17 EM=0 chars=6686 pred='Painting together, especially nature-inspired paintings such'
[2026-05-08T23:43:12.710017+00:00] q112 cat4 F1=0.24 EM=0 chars=3671 pred='No information available.\n\n(The memory records a pottery wor'
[2026-05-08T23:43:21.161218+00:00] q113 cat4 F1=0.09 EM=0 chars=4216 pred='Caroline found the council meeting "inspiring and emotional"'
[2026-05-08T23:43:28.959901+00:00] q114 cat4 F1=0.00 EM=0 chars=4946 pred='No information available.'
[2026-05-08T23:43:37.110311+00:00] q115 cat4 F1=0.65 EM=0 chars=5086 pred='Flowers represent growth, beauty, and appreciating small mom'
[2026-05-08T23:43:48.142873+00:00] q116 cat4 F1=0.00 EM=0 chars=4719 pred='Her journey as a trans woman — the red-and-blue painting sym'
[2026-05-08T23:43:56.737809+00:00] q117 cat4 F1=0.89 EM=0 chars=3579 pred='Roughly once or twice a year.'
[2026-05-08T23:44:04.361118+00:00] q118 cat4 F1=1.00 EM=1 chars=3365 pred='The Perseid meteor shower.'
[2026-05-08T23:44:12.115913+00:00] q119 cat4 F1=0.67 EM=0 chars=5376 pred='Melanie felt "tiny and deeply in awe of the universe."'
[2026-05-08T23:44:19.568070+00:00] q120 cat4 F1=0.40 EM=0 chars=3723 pred="Her daughter's birthday."
[2026-05-08T23:44:27.244157+00:00] q121 cat4 F1=1.00 EM=1 chars=4030 pred='Matt Patterson'
[2026-05-08T23:44:35.820287+00:00] q122 cat4 F1=0.00 EM=0 chars=3886 pred='Melanie finds warm, colorful designs calming and uses potter'
[2026-05-08T23:44:43.235728+00:00] q123 cat4 F1=0.33 EM=0 chars=5396 pred='A guinea pig named Oscar who loves eating vegetables, especi'
[2026-05-08T23:44:50.639442+00:00] q124 cat4 F1=0.24 EM=0 chars=4091 pred='A black dog named Oliver and a cat (named Bailey or Luna — t'
[2026-05-08T23:44:57.838940+00:00] q125 cat4 F1=1.00 EM=1 chars=4397 pred="In Melanie's slipper."
[2026-05-08T23:45:08.007987+00:00] q126 cat4 F1=0.67 EM=0 chars=5920 pred='Horseback riding through fields.'
[2026-05-08T23:45:15.906157+00:00] q127 cat4 F1=0.38 EM=0 chars=5733 pred='A stained glass window representing her transgender journey '
[2026-05-08T23:45:24.222479+00:00] q128 cat4 F1=0.00 EM=0 chars=5961 pred='No information available.'
[2026-05-08T23:45:32.592417+00:00] q129 cat4 F1=1.00 EM=1 chars=5289 pred="'Brave' by Sara Bareilles"
[2026-05-08T23:45:39.660971+00:00] q130 cat4 F1=1.00 EM=1 chars=4785 pred='Bach and Mozart.'
[2026-05-08T23:45:47.957510+00:00] q131 cat4 F1=0.80 EM=0 chars=5045 pred="Ed Sheeran ('Perfect')"
[2026-05-08T23:45:56.308807+00:00] q132 cat4 F1=0.50 EM=0 chars=3820 pred='Seven years.'
[2026-05-08T23:46:03.646767+00:00] q133 cat4 F1=0.00 EM=0 chars=6128 pred='No information available.'
[2026-05-08T23:46:11.239147+00:00] q134 cat4 F1=0.00 EM=0 chars=4520 pred='No information available.'
[2026-05-08T23:46:19.633350+00:00] q135 cat4 F1=0.00 EM=0 chars=4598 pred="Melanie's son was in a car accident during a road trip in Oc"
[2026-05-08T23:46:27.359751+00:00] q136 cat4 F1=0.75 EM=0 chars=6150 pred='Reading (a book Caroline recommended) and painting.'
[2026-05-08T23:46:34.830397+00:00] q137 cat4 F1=0.00 EM=0 chars=5145 pred='No information available.'
[2026-05-08T23:46:42.991062+00:00] q138 cat4 F1=0.00 EM=0 chars=5768 pred='No information available.'
[2026-05-08T23:46:50.226784+00:00] q139 cat4 F1=0.36 EM=0 chars=4081 pred='The poetry reading was a **transgender poetry reading**, whi'
[2026-05-08T23:46:57.162675+00:00] q140 cat4 F1=0.00 EM=0 chars=6764 pred='No information available.'
[2026-05-08T23:47:04.983383+00:00] q141 cat4 F1=0.20 EM=0 chars=4227 pred='Freedom, authenticity, and embracing her womanhood.'
[2026-05-08T23:47:12.386926+00:00] q142 cat4 F1=0.00 EM=0 chars=4805 pred='Both describe the other as making "life\'s struggles more bea'
[2026-05-08T23:47:21.500566+00:00] q143 cat4 F1=0.25 EM=0 chars=3679 pred="Melanie's son was in a car accident during the road trip. He"
[2026-05-08T23:47:29.904196+00:00] q144 cat4 F1=0.36 EM=0 chars=2553 pred='He was okay.'
[2026-05-08T23:47:37.606564+00:00] q145 cat4 F1=0.00 EM=0 chars=3948 pred='The accident reinforced Melanie\'s belief that "life is preci'
[2026-05-08T23:47:45.351502+00:00] q146 cat4 F1=0.00 EM=0 chars=2924 pred="Melanie's children enjoyed the Grand Canyon despite the acci"
[2026-05-08T23:47:53.999925+00:00] q147 cat4 F1=0.12 EM=0 chars=4660 pred='The accident reinforced Melanie\'s belief that "life is preci'
[2026-05-08T23:48:02.606413+00:00] q148 cat4 F1=0.00 EM=0 chars=3314 pred='No information available.'
[2026-05-08T23:48:13.994766+00:00] q149 cat4 F1=0.00 EM=0 chars=4353 pred='Strong love and support.'
[2026-05-08T23:48:23.129331+00:00] q150 cat4 F1=0.11 EM=0 chars=4976 pred='Melanie\'s family provided "strong love and support" and she '
[2026-05-08T23:48:33.728958+00:00] q151 cat4 F1=0.27 EM=0 chars=4462 pred='Melanie went on a hiking trail with her family the day after'
[2026-05-08T23:48:42.144177+00:00] q152 cat5 F1=1.00 EM=1 chars=6351 pred='Not mentioned in the conversation'
[2026-05-08T23:48:50.214375+00:00] q153 cat5 F1=1.00 EM=1 chars=3596 pred='Not mentioned in the conversation'
[2026-05-08T23:48:59.688835+00:00] q154 cat5 F1=1.00 EM=1 chars=4740 pred='Not mentioned in the conversation'
[2026-05-08T23:49:07.107074+00:00] q155 cat5 F1=1.00 EM=1 chars=5076 pred='Not mentioned in the conversation'
[2026-05-08T23:49:14.509089+00:00] q156 cat5 F1=1.00 EM=1 chars=4679 pred='Not mentioned in the conversation'
[2026-05-08T23:49:26.026508+00:00] q157 cat5 F1=1.00 EM=1 chars=5609 pred='Not mentioned in the conversation'
[2026-05-08T23:49:34.234168+00:00] q158 cat5 F1=1.00 EM=1 chars=5191 pred='Not mentioned in the conversation'
[2026-05-08T23:49:42.153127+00:00] q159 cat5 F1=1.00 EM=1 chars=4303 pred='Not mentioned in the conversation'
[2026-05-08T23:49:51.217187+00:00] q160 cat5 F1=1.00 EM=1 chars=6208 pred='Not mentioned in the conversation'
[2026-05-08T23:49:59.197527+00:00] q161 cat5 F1=1.00 EM=1 chars=5817 pred='Not mentioned in the conversation'
[2026-05-08T23:50:07.324342+00:00] q162 cat5 F1=1.00 EM=1 chars=5710 pred='Not mentioned in the conversation'
[2026-05-08T23:50:15.280920+00:00] q163 cat5 F1=1.00 EM=1 chars=6918 pred='Not mentioned in the conversation'
[2026-05-08T23:50:22.387639+00:00] q164 cat5 F1=1.00 EM=1 chars=5459 pred='Not mentioned in the conversation'
[2026-05-08T23:50:30.589135+00:00] q165 cat5 F1=1.00 EM=1 chars=5949 pred='Not mentioned in the conversation'
[2026-05-08T23:50:40.988980+00:00] q166 cat5 F1=1.00 EM=1 chars=5717 pred='Not mentioned in the conversation'
[2026-05-08T23:50:48.495854+00:00] q167 cat5 F1=1.00 EM=1 chars=5826 pred='No'
[2026-05-08T23:50:56.291019+00:00] q168 cat5 F1=1.00 EM=1 chars=6623 pred='Not mentioned in the conversation'
[2026-05-08T23:51:02.564079+00:00] q169 cat5 F1=1.00 EM=1 chars=6870 pred='Not mentioned in the conversation'
[2026-05-08T23:51:10.351095+00:00] q170 cat5 F1=1.00 EM=1 chars=6962 pred='Not mentioned in the conversation'
[2026-05-08T23:51:18.230263+00:00] q171 cat5 F1=1.00 EM=1 chars=4394 pred='Not mentioned in the conversation'
[2026-05-08T23:51:26.064017+00:00] q172 cat5 F1=1.00 EM=1 chars=3506 pred='Not mentioned in the conversation'
[2026-05-08T23:51:34.569338+00:00] q173 cat5 F1=1.00 EM=1 chars=4329 pred='Not mentioned in the conversation'
[2026-05-08T23:51:42.128528+00:00] q174 cat5 F1=1.00 EM=1 chars=4612 pred='Not mentioned in the conversation'
[2026-05-08T23:51:49.409418+00:00] q175 cat5 F1=1.00 EM=1 chars=5018 pred='Not mentioned in the conversation'
[2026-05-08T23:51:59.362296+00:00] q176 cat5 F1=1.00 EM=1 chars=5148 pred='Not mentioned in the conversation'
[2026-05-08T23:52:09.107586+00:00] q177 cat5 F1=1.00 EM=1 chars=5416 pred='Not mentioned in the conversation'
[2026-05-08T23:52:20.160817+00:00] q178 cat5 F1=1.00 EM=1 chars=3828 pred='No'
[2026-05-08T23:52:28.979383+00:00] q179 cat5 F1=1.00 EM=1 chars=6310 pred='Not mentioned in the conversation'
[2026-05-08T23:52:35.768639+00:00] q180 cat5 F1=1.00 EM=1 chars=4354 pred='Not mentioned in the conversation'
[2026-05-08T23:52:50.418768+00:00] q181 cat5 F1=1.00 EM=1 chars=5429 pred='Not mentioned in the conversation'
[2026-05-08T23:53:01.335513+00:00] q182 cat5 F1=1.00 EM=1 chars=4479 pred='Not mentioned in the conversation'
[2026-05-08T23:53:10.174707+00:00] q183 cat5 F1=1.00 EM=1 chars=4945 pred='Not mentioned in the conversation'
[2026-05-08T23:53:17.717297+00:00] q184 cat5 F1=1.00 EM=1 chars=4283 pred='Not mentioned in the conversation'
[2026-05-08T23:53:32.776776+00:00] q185 cat5 F1=1.00 EM=1 chars=5013 pred='Not mentioned in the conversation'
[2026-05-08T23:53:45.545577+00:00] q186 cat5 F1=1.00 EM=1 chars=5036 pred='Not mentioned in the conversation'
[2026-05-08T23:53:56.159509+00:00] q187 cat5 F1=1.00 EM=1 chars=6972 pred='Not mentioned in the conversation'
[2026-05-08T23:54:05.596170+00:00] q188 cat5 F1=1.00 EM=1 chars=5886 pred='Not mentioned in the conversation'
[2026-05-08T23:54:19.915666+00:00] q189 cat5 F1=1.00 EM=1 chars=5564 pred='Not mentioned in the conversation'
[2026-05-08T23:54:35.390986+00:00] q190 cat5 F1=1.00 EM=1 chars=6128 pred='Not mentioned in the conversation'
[2026-05-08T23:54:42.549827+00:00] q191 cat5 F1=1.00 EM=1 chars=5744 pred='Not mentioned in the conversation'
[2026-05-08T23:54:50.005731+00:00] q192 cat5 F1=1.00 EM=1 chars=5165 pred='Not mentioned in the conversation'
[2026-05-08T23:55:04.751848+00:00] q193 cat5 F1=1.00 EM=1 chars=5290 pred='Not mentioned in the conversation'
[2026-05-08T23:55:12.091618+00:00] q194 cat5 F1=1.00 EM=1 chars=3698 pred='Not mentioned in the conversation'
[2026-05-08T23:55:20.320248+00:00] q195 cat5 F1=1.00 EM=1 chars=5544 pred='Not mentioned in the conversation'
[2026-05-08T23:55:30.933072+00:00] q196 cat5 F1=1.00 EM=1 chars=4638 pred='Not mentioned in the conversation'
[2026-05-08T23:55:41.673928+00:00] q197 cat5 F1=1.00 EM=1 chars=5703 pred='Not mentioned in the conversation'
[2026-05-08T23:55:48.486220+00:00] q198 cat5 F1=1.00 EM=1 chars=5450 pred='Not mentioned in the conversation'
[2026-05-08T23:55:48.488000+00:00] DONE n=199 F1=0.551 ex5=0.413 wall=1706s
