[2026-05-08T17:11:28.053817+00:00] copied /Users/bunny/.openclaw/workspace/cashew/papers/locomo-run/dbs/conv-26-A.db -> /Users/bunny/.openclaw/workspace/cashew/papers/locomo-run/qe-ablation/cashew-qe-minilm/conv-26.db
[2026-05-08T17:11:28.058459+00:00] conv=conv-26 questions=199 qe=True embed=all-MiniLM-L6-v2 src=/Users/bunny/.openclaw/workspace/cashew/papers/locomo-run/dbs/conv-26-A.db
[2026-05-08T17:11:34.653814+00:00] q0 cat2 F1=1.00 EM=1 chars=5752 pred='7 May 2023'
[2026-05-08T17:11:40.550410+00:00] q1 cat2 F1=1.00 EM=1 chars=4469 pred='2022'
[2026-05-08T17:11:46.577038+00:00] q2 cat3 F1=0.29 EM=0 chars=6291 pred='Counseling and mental health services.'
[2026-05-08T17:11:51.857515+00:00] q3 cat1 F1=1.00 EM=1 chars=7290 pred='Adoption agencies.'
[2026-05-08T17:11:57.578799+00:00] q4 cat1 F1=0.33 EM=0 chars=5700 pred='Caroline is a transgender woman on a personal journey of sel'
[2026-05-08T17:12:03.382275+00:00] q5 cat2 F1=0.50 EM=0 chars=4517 pred='20 May 2023'
[2026-05-08T17:12:08.998167+00:00] q6 cat2 F1=1.00 EM=1 chars=6115 pred='June 2023'
[2026-05-08T17:12:15.123230+00:00] q7 cat1 F1=0.00 EM=0 chars=7191 pred='Went through a significant breakup at some point; current re'
[2026-05-08T17:12:20.348305+00:00] q8 cat2 F1=0.50 EM=0 chars=6042 pred='2 June 2023'
[2026-05-08T17:12:26.307347+00:00] q9 cat2 F1=0.00 EM=0 chars=4490 pred="The retrieved memory doesn't contain a specific date for whe"
[2026-05-08T17:12:31.991901+00:00] q10 cat2 F1=0.00 EM=0 chars=6969 pred='Around 2019'
[2026-05-08T17:12:38.214080+00:00] q11 cat1 F1=1.00 EM=1 chars=5320 pred='Sweden'
[2026-05-08T17:12:45.120364+00:00] q12 cat2 F1=0.00 EM=0 chars=5561 pred='Approximately 2013'
[2026-05-08T17:12:51.730155+00:00] q13 cat1 F1=0.30 EM=0 chars=6928 pred='Counseling or mental health work, motivated by her desire to'
[2026-05-08T17:12:58.691924+00:00] q14 cat3 F1=0.00 EM=0 chars=7565 pred='Unlikely — her motivation "stems from her own personal journ'
[2026-05-08T17:13:04.691765+00:00] q15 cat1 F1=0.21 EM=0 chars=5262 pred='Painting, pottery classes, running, reading, playing violin,'
[2026-05-08T17:13:10.248289+00:00] q16 cat2 F1=0.67 EM=0 chars=4168 pred='Early July 2023'
[2026-05-08T17:13:16.969390+00:00] q17 cat2 F1=0.80 EM=0 chars=5325 pred='10 July 2023'
[2026-05-08T17:13:24.384532+00:00] q18 cat1 F1=0.40 EM=0 chars=6808 pred='In the mountains.'
[2026-05-08T17:13:30.534883+00:00] q19 cat1 F1=0.67 EM=0 chars=6334 pred='Nature.'
[2026-05-08T17:13:37.722523+00:00] q20 cat2 F1=0.67 EM=0 chars=5907 pred='Early July 2023'
[2026-05-08T17:13:43.140190+00:00] q21 cat2 F1=0.50 EM=0 chars=5294 pred='Early July 2023'
[2026-05-08T17:13:49.997666+00:00] q22 cat3 F1=0.43 EM=0 chars=6499 pred="Yes — she is building a children's book library stocked with"
[2026-05-08T17:13:56.599746+00:00] q23 cat1 F1=0.20 EM=0 chars=3104 pred="Charlotte's Web (favorite childhood book); a book Caroline r"
[2026-05-08T17:14:07.623312+00:00] q24 cat1 F1=0.18 EM=0 chars=6188 pred='Running, painting, spending time in nature, reading, and pla'
[2026-05-08T17:14:15.820292+00:00] q25 cat2 F1=1.00 EM=1 chars=5877 pred='10 July 2023'
[2026-05-08T17:14:24.621763+00:00] q26 cat2 F1=0.00 EM=0 chars=5676 pred="The memory excerpts don't contain any information about Mela"
[2026-05-08T17:14:31.245365+00:00] q27 cat3 F1=0.14 EM=0 chars=6159 pred='No information available.'
[2026-05-08T17:14:37.495439+00:00] q28 cat2 F1=0.50 EM=0 chars=5338 pred='7 July 2023'
[2026-05-08T17:14:43.524256+00:00] q29 cat2 F1=0.50 EM=0 chars=6112 pred='7 July 2023'
[2026-05-08T17:14:49.431967+00:00] q30 cat3 F1=0.13 EM=0 chars=6071 pred='No information available.'
[2026-05-08T17:14:55.510109+00:00] q31 cat2 F1=0.50 EM=0 chars=6679 pred='19 June 2023'
[2026-05-08T17:15:02.533817+00:00] q32 cat1 F1=0.15 EM=0 chars=5799 pred='Caroline attended an LGBTQ support group on 7 May 2023, an L'
[2026-05-08T17:15:08.431510+00:00] q33 cat2 F1=0.25 EM=0 chars=5645 pred='Late June 2023'
[2026-05-08T17:15:15.240055+00:00] q34 cat1 F1=0.05 EM=0 chars=7369 pred='Caroline volunteered at an LGBTQ+ youth center (late August '
[2026-05-08T17:15:20.649139+00:00] q35 cat2 F1=0.44 EM=0 chars=7011 pred='3 July 2023'
[2026-05-08T17:15:27.173759+00:00] q36 cat2 F1=0.57 EM=0 chars=5316 pred='July 2023'
[2026-05-08T17:15:33.463865+00:00] q37 cat1 F1=0.00 EM=0 chars=5275 pred='A sunflower on canvas.'
[2026-05-08T17:15:39.654364+00:00] q38 cat1 F1=0.13 EM=0 chars=6184 pred='Camping in the mountains (exploring nature, roasting marshma'
[2026-05-08T17:15:45.920298+00:00] q39 cat1 F1=0.06 EM=0 chars=5150 pred='Caroline **volunteers for the LGBTQ+ community**, finding me'
[2026-05-08T17:15:52.707274+00:00] q40 cat1 F1=0.00 EM=0 chars=5577 pred='Once (in July 2023).'
[2026-05-08T17:15:58.489825+00:00] q41 cat2 F1=0.50 EM=0 chars=4892 pred='18 July 2023'
[2026-05-08T17:16:04.692129+00:00] q42 cat3 F1=0.12 EM=0 chars=6172 pred='National park — Melanie loves camping trips with her family '
[2026-05-08T17:16:13.962314+00:00] q43 cat1 F1=0.13 EM=0 chars=6267 pred='Painting and drawing — focused on nature subjects like sunse'
[2026-05-08T17:16:21.174381+00:00] q44 cat2 F1=0.80 EM=0 chars=5510 pred='13 August 2023'
[2026-05-08T17:16:26.893654+00:00] q45 cat2 F1=0.50 EM=0 chars=4257 pred='11 August 2023'
[2026-05-08T17:16:35.983066+00:00] q46 cat3 F1=0.09 EM=0 chars=6703 pred='Based on the memory, there is no direct information about Me'
[2026-05-08T17:16:41.658134+00:00] q47 cat1 F1=1.00 EM=1 chars=7375 pred='Her **friends, family, and mentors**.'
[2026-05-08T17:16:49.220074+00:00] q48 cat1 F1=0.00 EM=0 chars=5556 pred='Their own pots (at a pottery workshop on 7 July 2023); Melan'
[2026-05-08T17:16:56.148166+00:00] q49 cat2 F1=0.67 EM=0 chars=5799 pred='Summer 2022'
[2026-05-08T17:17:02.486824+00:00] q50 cat3 F1=0.00 EM=0 chars=6118 pred='Likely progressive/left-leaning — she is "passionate about L'
[2026-05-08T17:17:09.214275+00:00] q51 cat1 F1=0.00 EM=0 chars=5916 pred='A sunflower on canvas; landscapes and still life; autumn-the'
[2026-05-08T17:17:16.886157+00:00] q52 cat1 F1=0.19 EM=0 chars=3806 pred='Oliver and Bailey (cats), with some records also naming a do'
[2026-05-08T17:17:22.940509+00:00] q53 cat2 F1=0.57 EM=0 chars=5389 pred='August 2023'
[2026-05-08T17:17:28.691419+00:00] q54 cat2 F1=0.57 EM=0 chars=6389 pred='August 2023'
[2026-05-08T17:17:34.959916+00:00] q55 cat1 F1=0.50 EM=0 chars=6537 pred='Sunsets (nature-inspired paintings).'
[2026-05-08T17:17:42.416799+00:00] q56 cat1 F1=0.27 EM=0 chars=6608 pred='Rainbow flag, eagle imagery, and a cross-and-heart necklace '
[2026-05-08T17:17:49.661774+00:00] q57 cat2 F1=0.29 EM=0 chars=6461 pred='Mid-August 2023'
[2026-05-08T17:17:55.941101+00:00] q58 cat2 F1=0.67 EM=0 chars=3902 pred='25 August 2023'
[2026-05-08T17:18:01.786335+00:00] q59 cat3 F1=0.00 EM=0 chars=5843 pred='No information available.'
[2026-05-08T17:18:07.325978+00:00] q60 cat1 F1=1.00 EM=1 chars=2951 pred='Violin and clarinet.'
[2026-05-08T17:18:13.580284+00:00] q61 cat1 F1=0.80 EM=0 chars=5337 pred="'Summer Sounds' (a pop band) and Matt Patterson."
[2026-05-08T17:18:19.488448+00:00] q62 cat2 F1=1.00 EM=1 chars=5860 pred='27 August 2023'
[2026-05-08T17:18:26.420033+00:00] q63 cat2 F1=1.00 EM=1 chars=4614 pred='September 2023'
[2026-05-08T17:18:32.689137+00:00] q64 cat3 F1=0.20 EM=0 chars=4980 pred='Yes — Melanie enjoys classical music (Bach, Mozart) and is i'
[2026-05-08T17:18:40.491269+00:00] q65 cat1 F1=0.15 EM=0 chars=6854 pred='Some close friends distanced themselves and could not accept'
[2026-05-08T17:18:47.296854+00:00] q66 cat1 F1=0.29 EM=0 chars=5969 pred='Explore nature, roast marshmallows, hike, and camp in forest'
[2026-05-08T17:18:53.875972+00:00] q67 cat2 F1=0.50 EM=0 chars=5294 pred='6-7 September 2023'
[2026-05-08T17:18:58.972784+00:00] q68 cat2 F1=0.50 EM=0 chars=4825 pred='approximately 2016'
[2026-05-08T17:19:07.402374+00:00] q69 cat3 F1=0.18 EM=0 chars=5603 pred='Courageous, authentically self-expressive, and a source of m'
[2026-05-08T17:19:14.028167+00:00] q70 cat1 F1=0.08 EM=0 chars=5881 pred='Caroline gave a public talk at a school event about her tran'
[2026-05-08T17:19:19.989347+00:00] q71 cat1 F1=0.00 EM=0 chars=5324 pred='The memory states Melanie was reading "a book Caroline recom'
[2026-05-08T17:19:25.606273+00:00] q72 cat2 F1=1.00 EM=1 chars=4255 pred='2022'
[2026-05-08T17:19:30.754882+00:00] q73 cat2 F1=1.00 EM=1 chars=5371 pred='September 2023'
[2026-05-08T17:19:36.042830+00:00] q74 cat2 F1=0.57 EM=0 chars=5748 pred='October 2023'
[2026-05-08T17:19:42.424821+00:00] q75 cat1 F1=0.00 EM=0 chars=5146 pred='At least three children, including a youngest daughter who r'
[2026-05-08T17:19:48.172258+00:00] q76 cat1 F1=1.00 EM=1 chars=3775 pred='October 19, 2023'
[2026-05-08T17:19:53.886455+00:00] q77 cat3 F1=0.20 EM=0 chars=5026 pred='No information available.'
[2026-05-08T17:19:59.658671+00:00] q78 cat1 F1=0.13 EM=0 chars=5804 pred='Wooden family figurines (21 October 2023) and pink running s'
[2026-05-08T17:20:06.487695+00:00] q79 cat2 F1=0.50 EM=0 chars=6507 pred='20 October 2023'
[2026-05-08T17:20:11.715567+00:00] q80 cat2 F1=1.00 EM=1 chars=4261 pred='21 October 2023'
[2026-05-08T17:20:17.764972+00:00] q81 cat3 F1=0.20 EM=0 chars=5854 pred='No information available.'
[2026-05-08T17:20:24.291350+00:00] q82 cat4 F1=0.80 EM=0 chars=5339 pred='Mental health awareness.'
[2026-05-08T17:20:29.868641+00:00] q83 cat4 F1=0.00 EM=0 chars=4965 pred='She found it **rewarding and thought-provoking**.'
[2026-05-08T17:20:38.211579+00:00] q84 cat4 F1=0.41 EM=0 chars=5421 pred='Daily self-care through running, reading, or playing violin '
[2026-05-08T17:20:43.976791+00:00] q85 cat4 F1=0.00 EM=0 chars=5645 pred='Planning a special outdoor trip with Melanie, just the two o'
[2026-05-08T17:20:50.266305+00:00] q86 cat4 F1=1.00 EM=1 chars=5143 pred='LGBTQ+ individuals'
[2026-05-08T17:20:56.192673+00:00] q87 cat4 F1=0.43 EM=0 chars=6024 pred='Because it supports LGBTQ+ adoptive parents.'
[2026-05-08T17:21:02.637853+00:00] q88 cat4 F1=0.21 EM=0 chars=5725 pred='Starting the adoption process and creating a loving home for'
[2026-05-08T17:21:08.340708+00:00] q89 cat4 F1=0.18 EM=0 chars=6577 pred='Melanie was inspired by Caroline\'s example and "wants to emb'
[2026-05-08T17:21:13.856346+00:00] q90 cat4 F1=0.33 EM=0 chars=5670 pred='5 years as of June 2023 (married around 2018).'
[2026-05-08T17:21:19.630476+00:00] q91 cat4 F1=1.00 EM=1 chars=5549 pred='Love, faith, and strength.'
[2026-05-08T17:21:26.310992+00:00] q92 cat4 F1=1.00 EM=1 chars=5761 pred='Sweden'
[2026-05-08T17:21:31.694852+00:00] q93 cat4 F1=0.40 EM=0 chars=5899 pred='A necklace with a cross and heart.'
[2026-05-08T17:21:41.305789+00:00] q94 cat4 F1=0.00 EM=0 chars=5804 pred='Her wedding day (the black and white flower design connects '
[2026-05-08T17:21:48.878648+00:00] q95 cat4 F1=0.71 EM=0 chars=6699 pred='Hiking, campfire marshmallow roasting, exploring nature, and'
[2026-05-08T17:21:55.512342+00:00] q96 cat4 F1=0.43 EM=0 chars=5876 pred='Working with trans people to help them with self-acceptance '
[2026-05-08T17:22:00.855835+00:00] q97 cat4 F1=0.30 EM=0 chars=5961 pred='An LGBTQ+ counseling workshop on Friday 23 June 2023, which '
[2026-05-08T17:22:06.605716+00:00] q98 cat4 F1=0.75 EM=0 chars=4835 pred='Therapeutic methods for working with trans people.'
[2026-05-08T17:22:13.432999+00:00] q99 cat4 F1=0.34 EM=0 chars=6312 pred='Her own lived experience with mental health struggles and th'
[2026-05-08T17:22:19.659979+00:00] q100 cat4 F1=0.20 EM=0 chars=6684 pred='A safe and loving home'
[2026-05-08T17:22:25.950123+00:00] q101 cat4 F1=0.12 EM=0 chars=3376 pred='Yes — Melanie made a black and white flower-design bowl in h'
[2026-05-08T17:22:31.697126+00:00] q102 cat4 F1=0.57 EM=0 chars=5728 pred='Classics, multicultural stories, and educational books.'
[2026-05-08T17:22:38.266568+00:00] q103 cat4 F1=1.00 EM=1 chars=5923 pred="Charlotte's Web"
[2026-05-08T17:22:44.448531+00:00] q104 cat4 F1=0.00 EM=0 chars=4305 pred='The memory does not specify the title of the book Caroline r'
[2026-05-08T17:22:49.554072+00:00] q105 cat4 F1=0.00 EM=0 chars=6370 pred='Hope and a sense of connection.'
[2026-05-08T17:22:55.691653+00:00] q106 cat4 F1=0.29 EM=0 chars=4690 pred='To de-stress and increase her running distance.'
[2026-05-08T17:23:01.878283+00:00] q107 cat4 F1=0.55 EM=0 chars=5099 pred='To de-stress and improve her mental health.'
[2026-05-08T17:23:09.725967+00:00] q108 cat4 F1=0.57 EM=0 chars=4780 pred='Mental health improvement and de-stressing.'
[2026-05-08T17:23:17.070344+00:00] q109 cat4 F1=0.12 EM=0 chars=5547 pred="Melanie's kids made a clay cup with a dog face on it, and th"
[2026-05-08T17:23:25.717149+00:00] q110 cat4 F1=0.92 EM=0 chars=3555 pred='A clay cup with a dog face on it.'
[2026-05-08T17:23:31.755091+00:00] q111 cat4 F1=0.20 EM=0 chars=6029 pred='Painting together, particularly nature-inspired paintings su'
[2026-05-08T17:23:38.954697+00:00] q112 cat4 F1=0.00 EM=0 chars=4898 pred='No information available.'
[2026-05-08T17:23:44.574128+00:00] q113 cat4 F1=0.00 EM=0 chars=4483 pred='Caroline found it **inspiring and emotional**.'
[2026-05-08T17:23:50.098288+00:00] q114 cat4 F1=0.00 EM=0 chars=6817 pred='No information available.'
[2026-05-08T17:23:55.552913+00:00] q115 cat4 F1=0.67 EM=0 chars=5166 pred='Flowers represent growth, beauty, and appreciating small mom'
[2026-05-08T17:24:01.272702+00:00] q116 cat4 F1=0.00 EM=0 chars=6031 pred='No information available.'
[2026-05-08T17:24:07.117654+00:00] q117 cat4 F1=1.00 EM=1 chars=4992 pred='Once or twice a year.'
[2026-05-08T17:24:13.917059+00:00] q118 cat4 F1=0.00 EM=0 chars=7616 pred='Nature, hiking trails, and campfires (with marshmallow roast'
[2026-05-08T17:24:19.982578+00:00] q119 cat4 F1=0.12 EM=0 chars=5344 pred='"awe-inspiring" — she describes it as one of her most awe-in'
[2026-05-08T17:24:25.528268+00:00] q120 cat4 F1=0.40 EM=0 chars=4360 pred="Her daughter's birthday."
[2026-05-08T17:24:31.106673+00:00] q121 cat4 F1=1.00 EM=1 chars=3587 pred='Matt Patterson'
[2026-05-08T17:24:37.808297+00:00] q122 cat4 F1=0.08 EM=0 chars=5919 pred='Melanie is drawn to bright, eye-catching colors and patterns'
[2026-05-08T17:24:43.490003+00:00] q123 cat4 F1=0.67 EM=0 chars=6364 pred='A guinea pig named Oscar.'
[2026-05-08T17:24:50.097148+00:00] q124 cat4 F1=0.13 EM=0 chars=4280 pred='The memory contains conflicting facts. The most specific/rec'
[2026-05-08T17:24:56.175709+00:00] q125 cat4 F1=1.00 EM=1 chars=4030 pred="In Melanie's slipper."
[2026-05-08T17:25:03.255692+00:00] q126 cat4 F1=0.67 EM=0 chars=5281 pred='Horseback riding through fields.'
[2026-05-08T17:25:09.441183+00:00] q127 cat4 F1=0.43 EM=0 chars=5999 pred='A stained glass window depicting time, change, and her journ'
[2026-05-08T17:25:15.557397+00:00] q128 cat4 F1=0.00 EM=0 chars=6741 pred='No information available.'
[2026-05-08T17:25:22.709574+00:00] q129 cat4 F1=1.00 EM=1 chars=5511 pred="'Brave' by Sara Bareilles"
[2026-05-08T17:25:28.359934+00:00] q130 cat4 F1=1.00 EM=1 chars=3138 pred='Bach and Mozart.'
[2026-05-08T17:25:34.185448+00:00] q131 cat4 F1=0.80 EM=0 chars=4675 pred="Ed Sheeran's 'Perfect'"
[2026-05-08T17:25:40.985529+00:00] q132 cat4 F1=0.29 EM=0 chars=5202 pred='Seven years (since approximately 2016).'
[2026-05-08T17:25:51.043156+00:00] q133 cat4 F1=0.00 EM=0 chars=5485 pred='No information available.'
[2026-05-08T17:25:58.743297+00:00] q134 cat4 F1=0.59 EM=0 chars=6614 pred='Research agencies or lawyers, gather documents (references, '
[2026-05-08T17:26:04.320649+00:00] q135 cat4 F1=0.00 EM=0 chars=6637 pred="Melanie's son was in a car accident during a road trip in Oc"
[2026-05-08T17:26:10.872538+00:00] q136 cat4 F1=0.29 EM=0 chars=6196 pred='Running, reading, and playing violin.'
[2026-05-08T17:26:17.617379+00:00] q137 cat4 F1=0.00 EM=0 chars=6025 pred='No information available.'
[2026-05-08T17:26:23.386137+00:00] q138 cat4 F1=0.00 EM=0 chars=5302 pred='No information available.'
[2026-05-08T17:26:28.680294+00:00] q139 cat4 F1=0.43 EM=0 chars=5137 pred='A transgender poetry reading.'
[2026-05-08T17:26:34.997537+00:00] q140 cat4 F1=0.00 EM=0 chars=6442 pred='No information available.'
[2026-05-08T17:26:41.619500+00:00] q141 cat4 F1=0.20 EM=0 chars=7141 pred='Freedom and authenticity in her womanhood.'
[2026-05-08T17:26:48.351557+00:00] q142 cat4 F1=0.07 EM=0 chars=6151 pred='A **close, mutually supportive friendship** — each considers'
[2026-05-08T17:26:53.963064+00:00] q143 cat4 F1=0.15 EM=0 chars=6107 pred="Melanie's son was in a car accident during the road trip in "
[2026-05-08T17:26:59.369030+00:00] q144 cat4 F1=0.42 EM=0 chars=3610 pred='He was okay but it was a frightening experience for the whol'
[2026-05-08T17:27:05.999255+00:00] q145 cat4 F1=0.14 EM=0 chars=5768 pred='The accident reinforced her belief that **family is the most'
[2026-05-08T17:27:12.520218+00:00] q146 cat4 F1=0.18 EM=0 chars=4578 pred='The younger children were reassured after the accident.'
[2026-05-08T17:27:19.513176+00:00] q147 cat4 F1=0.22 EM=0 chars=5033 pred='Frightened; the accident reinforced her belief that life is '
[2026-05-08T17:27:25.583312+00:00] q148 cat4 F1=0.11 EM=0 chars=5024 pred='She found "deep satisfaction" watching her children get exci'
[2026-05-08T17:27:33.684411+00:00] q149 cat4 F1=0.67 EM=0 chars=5280 pred='Motivation, strength, and emotional support.'
[2026-05-08T17:27:40.678191+00:00] q150 cat4 F1=0.13 EM=0 chars=5783 pred='She felt deep gratitude and considered herself lucky to have'
[2026-05-08T17:27:46.360211+00:00] q151 cat4 F1=0.35 EM=0 chars=6030 pred='Went on a hiking trail with her family the day after the roa'
[2026-05-08T17:27:53.792206+00:00] q152 cat5 F1=1.00 EM=1 chars=6920 pred='Not mentioned in the conversation'
[2026-05-08T17:27:59.831624+00:00] q153 cat5 F1=1.00 EM=1 chars=5311 pred='Not mentioned in the conversation'
[2026-05-08T17:28:06.315221+00:00] q154 cat5 F1=1.00 EM=1 chars=5330 pred='Not mentioned in the conversation'
[2026-05-08T17:28:12.919139+00:00] q155 cat5 F1=1.00 EM=1 chars=4797 pred='Not mentioned in the conversation'
[2026-05-08T17:28:18.755855+00:00] q156 cat5 F1=1.00 EM=1 chars=5974 pred='Not mentioned in the conversation'
[2026-05-08T17:28:23.979249+00:00] q157 cat5 F1=1.00 EM=1 chars=5708 pred='Not mentioned in the conversation'
[2026-05-08T17:28:29.189205+00:00] q158 cat5 F1=1.00 EM=1 chars=4967 pred='Not mentioned in the conversation'
[2026-05-08T17:28:34.544733+00:00] q159 cat5 F1=1.00 EM=1 chars=5472 pred='Not mentioned in the conversation'
[2026-05-08T17:28:40.130084+00:00] q160 cat5 F1=1.00 EM=1 chars=6086 pred='Not mentioned in the conversation'
[2026-05-08T17:28:45.395853+00:00] q161 cat5 F1=1.00 EM=1 chars=6158 pred='Not mentioned in the conversation'
[2026-05-08T17:28:51.722736+00:00] q162 cat5 F1=1.00 EM=1 chars=6686 pred='Not mentioned in the conversation'
[2026-05-08T17:28:57.866492+00:00] q163 cat5 F1=1.00 EM=1 chars=7228 pred='Not mentioned in the conversation'
[2026-05-08T17:29:03.777520+00:00] q164 cat5 F1=1.00 EM=1 chars=6701 pred='Not mentioned in the conversation'
[2026-05-08T17:29:09.301964+00:00] q165 cat5 F1=1.00 EM=1 chars=5465 pred='Not mentioned in the conversation'
[2026-05-08T17:29:15.294994+00:00] q166 cat5 F1=1.00 EM=1 chars=5689 pred='Not mentioned in the conversation'
[2026-05-08T17:29:21.269647+00:00] q167 cat5 F1=1.00 EM=1 chars=5340 pred='No'
[2026-05-08T17:29:26.917886+00:00] q168 cat5 F1=1.00 EM=1 chars=5556 pred='Not mentioned in the conversation'
[2026-05-08T17:29:32.993074+00:00] q169 cat5 F1=1.00 EM=1 chars=6757 pred='Not mentioned in the conversation'
[2026-05-08T17:29:38.489910+00:00] q170 cat5 F1=1.00 EM=1 chars=6684 pred='Not mentioned in the conversation'
[2026-05-08T17:29:44.370158+00:00] q171 cat5 F1=1.00 EM=1 chars=5375 pred='Not mentioned in the conversation'
[2026-05-08T17:29:51.469665+00:00] q172 cat5 F1=1.00 EM=1 chars=5545 pred='Not mentioned in the conversation'
[2026-05-08T17:29:56.874000+00:00] q173 cat5 F1=1.00 EM=1 chars=6245 pred='Not mentioned in the conversation'
[2026-05-08T17:30:02.881786+00:00] q174 cat5 F1=1.00 EM=1 chars=6312 pred='Not mentioned in the conversation'
[2026-05-08T17:30:08.770325+00:00] q175 cat5 F1=1.00 EM=1 chars=7117 pred='Not mentioned in the conversation'
[2026-05-08T17:30:13.893392+00:00] q176 cat5 F1=1.00 EM=1 chars=5951 pred='Not mentioned in the conversation'
[2026-05-08T17:30:19.914451+00:00] q177 cat5 F1=1.00 EM=1 chars=5192 pred='Not mentioned in the conversation'
[2026-05-08T17:30:26.329210+00:00] q178 cat5 F1=1.00 EM=1 chars=3933 pred='No'
[2026-05-08T17:30:32.368279+00:00] q179 cat5 F1=1.00 EM=1 chars=5199 pred='Not mentioned in the conversation'
[2026-05-08T17:30:43.665032+00:00] q180 cat5 F1=1.00 EM=1 chars=6044 pred='Not mentioned in the conversation'
[2026-05-08T17:30:51.379518+00:00] q181 cat5 F1=1.00 EM=1 chars=5025 pred='Not mentioned in the conversation'
[2026-05-08T17:30:58.068615+00:00] q182 cat5 F1=1.00 EM=1 chars=6199 pred='Not mentioned in the conversation'
[2026-05-08T17:31:04.918047+00:00] q183 cat5 F1=1.00 EM=1 chars=5340 pred='Not mentioned in the conversation'
[2026-05-08T17:31:11.180574+00:00] q184 cat5 F1=1.00 EM=1 chars=3036 pred='Not mentioned in the conversation'
[2026-05-08T17:31:16.555428+00:00] q185 cat5 F1=1.00 EM=1 chars=4815 pred='Not mentioned in the conversation'
[2026-05-08T17:31:22.843983+00:00] q186 cat5 F1=1.00 EM=1 chars=6183 pred='Not mentioned in the conversation'
[2026-05-08T17:31:29.767564+00:00] q187 cat5 F1=1.00 EM=1 chars=6087 pred='Not mentioned in the conversation'
[2026-05-08T17:31:36.956571+00:00] q188 cat5 F1=1.00 EM=1 chars=6872 pred='Not mentioned in the conversation'
[2026-05-08T17:31:43.009754+00:00] q189 cat5 F1=1.00 EM=1 chars=6053 pred='Not mentioned in the conversation'
[2026-05-08T17:31:49.008492+00:00] q190 cat5 F1=1.00 EM=1 chars=4980 pred='Not mentioned in the conversation'
[2026-05-08T17:31:55.495807+00:00] q191 cat5 F1=1.00 EM=1 chars=6478 pred='Not mentioned in the conversation'
[2026-05-08T17:32:01.054530+00:00] q192 cat5 F1=1.00 EM=1 chars=5253 pred='Not mentioned in the conversation'
[2026-05-08T17:32:06.852691+00:00] q193 cat5 F1=1.00 EM=1 chars=8199 pred='Not mentioned in the conversation'
[2026-05-08T17:32:12.384027+00:00] q194 cat5 F1=1.00 EM=1 chars=6442 pred='Not mentioned in the conversation'
[2026-05-08T17:32:17.415517+00:00] q195 cat5 F1=1.00 EM=1 chars=7623 pred='Not mentioned in the conversation'
[2026-05-08T17:32:24.222523+00:00] q196 cat5 F1=1.00 EM=1 chars=6313 pred='Not mentioned in the conversation'
[2026-05-08T17:32:29.548919+00:00] q197 cat5 F1=1.00 EM=1 chars=5950 pred='Not mentioned in the conversation'
[2026-05-08T17:32:35.646990+00:00] q198 cat5 F1=1.00 EM=1 chars=6315 pred='Not mentioned in the conversation'
[2026-05-08T17:32:35.649091+00:00] DONE n=199 F1=0.539 ex5=0.396 wall=1268s
