[2026-05-09T01:56:19.692073+00:00] copied /Users/bunny/.openclaw/workspace/cashew/papers/locomo-run/dbs-gte-clean/dbs/conv-30-A.db -> /Users/bunny/.openclaw/workspace/cashew/papers/locomo-run/qe-ablation/cv-conv30-cashew-uniform-gte+qe/conv-30.db
[2026-05-09T01:56:19.697576+00:00] conv=conv-30 questions=105 qe=True embed=thenlper/gte-large src=/Users/bunny/.openclaw/workspace/cashew/papers/locomo-run/dbs-gte-clean/dbs/conv-30-A.db
Warning: You are sending unauthenticated requests to the HF Hub. Please set a HF_TOKEN to enable higher rate limits and faster downloads.
WARNING:huggingface_hub.utils._http:Warning: You are sending unauthenticated requests to the HF Hub. Please set a HF_TOKEN to enable higher rate limits and faster downloads.
Loading weights:   0%|          | 0/391 [00:00<?, ?it/s]Loading weights: 100%|██████████| 391/391 [00:00<00:00, 16370.75it/s]
[1mBertModel LOAD REPORT[0m from: thenlper/gte-large
Key                     | Status     |  | 
------------------------+------------+--+-
embeddings.position_ids | UNEXPECTED |  | 

[3mNotes:
- UNEXPECTED[3m	:can be ignored when loading from different task/architecture; not ok if you expect identical arch.[0m
[2026-05-09T01:56:33.186229+00:00] q0 cat2 F1=1.00 EM=1 chars=3341 pred='19 January 2023'
[2026-05-09T01:56:42.643466+00:00] q1 cat2 F1=1.00 EM=1 chars=3927 pred='January 2023'
[2026-05-09T01:56:50.861730+00:00] q2 cat4 F1=0.08 EM=0 chars=5920 pred='Jon uses dancing as a way to destress. Gina shares a mutual '
[2026-05-09T01:56:58.099448+00:00] q3 cat1 F1=0.06 EM=0 chars=5751 pred='Both transitioned from employment to entrepreneurship around'
[2026-05-09T01:57:08.455185+00:00] q4 cat4 F1=0.46 EM=0 chars=4640 pred='Jon decided to start a dance studio after losing his banking'
[2026-05-09T01:57:16.173961+00:00] q5 cat1 F1=0.29 EM=0 chars=5192 pred='A waterfront location with an inspiring view, good natural l'
[2026-05-09T01:57:24.278279+00:00] q6 cat2 F1=1.00 EM=1 chars=3610 pred='February 2023'
[2026-05-09T01:57:32.955933+00:00] q7 cat2 F1=0.67 EM=0 chars=4046 pred='Late January 2023'
[2026-05-09T01:57:40.138949+00:00] q8 cat2 F1=0.67 EM=0 chars=5257 pred='Late January 2023'
[2026-05-09T01:57:46.718879+00:00] q9 cat1 F1=1.00 EM=1 chars=5162 pred='Rome'
[2026-05-09T01:57:53.617208+00:00] q10 cat2 F1=0.29 EM=0 chars=4437 pred='The week before June 21, 2023.'
[2026-05-09T01:58:01.511917+00:00] q11 cat2 F1=0.50 EM=0 chars=4196 pred='A few years ago (before 2023, no specific date recorded).'
[2026-05-09T01:58:09.652817+00:00] q12 cat2 F1=0.57 EM=0 chars=5197 pred='The week of 9 March 2023.'
[2026-05-09T01:58:17.229568+00:00] q13 cat2 F1=0.80 EM=0 chars=2276 pred='March 2023'
[2026-05-09T01:58:24.711985+00:00] q14 cat2 F1=0.50 EM=0 chars=3949 pred='May 2023'
[2026-05-09T01:58:32.210073+00:00] q15 cat2 F1=1.00 EM=1 chars=4209 pred='May 2023'
[2026-05-09T01:58:39.559103+00:00] q16 cat2 F1=1.00 EM=1 chars=4843 pred='24 April 2023'
[2026-05-09T01:58:47.274001+00:00] q17 cat1 F1=0.24 EM=0 chars=4137 pred='After losing her job (DoorDash), seeking control over her ow'
[2026-05-09T01:58:58.961366+00:00] q18 cat1 F1=0.00 EM=0 chars=6698 pred="Both pursue independent business ventures — Jon's dance stud"
[2026-05-09T01:59:06.371094+00:00] q19 cat2 F1=1.00 EM=1 chars=4206 pred='10 May 2023'
[2026-05-09T01:59:15.431690+00:00] q20 cat2 F1=0.80 EM=0 chars=3864 pred='May 2023'
[2026-05-09T01:59:24.343239+00:00] q21 cat2 F1=0.00 EM=0 chars=4143 pred='The memory doesn\'t specify when Jon started reading "The Lea'
[2026-05-09T01:59:33.753379+00:00] q22 cat2 F1=0.00 EM=0 chars=4608 pred='The memory does not contain a date for when Gina developed t'
[2026-05-09T01:59:41.414512+00:00] q23 cat1 F1=0.05 EM=0 chars=4016 pred='Gina launched an ad campaign in late January 2023 to grow th'
[2026-05-09T01:59:54.227466+00:00] q24 cat1 F1=0.37 EM=0 chars=4972 pred='Jon attended a business fair on 24 April 2023, attended netw'
[2026-05-09T02:00:00.989749+00:00] q25 cat1 F1=0.07 EM=0 chars=3965 pred='A space where people can express themselves through dance, w'
[2026-05-09T02:00:09.893269+00:00] q26 cat2 F1=0.05 EM=0 chars=5544 pred="The memory doesn't contain a specific date for when Jon rece"
[2026-05-09T02:00:16.531137+00:00] q27 cat1 F1=0.00 EM=0 chars=3972 pred='No information available.'
[2026-05-09T02:00:24.921399+00:00] q28 cat2 F1=0.50 EM=0 chars=5169 pred='Mid-June 2023'
[2026-05-09T02:00:32.830759+00:00] q29 cat1 F1=0.44 EM=0 chars=5555 pred='Paris (late January 2023) and Rome (mid-June 2023).'
[2026-05-09T02:00:41.191223+00:00] q30 cat2 F1=1.00 EM=1 chars=4350 pred='20 June 2023'
[2026-05-09T02:00:48.642841+00:00] q31 cat1 F1=0.11 EM=0 chars=3889 pred='From January 2023 (searching for a location) to the grand op'
[2026-05-09T02:00:56.077643+00:00] q32 cat2 F1=0.57 EM=0 chars=4515 pred='The week before 21 June 2023.'
[2026-05-09T02:01:03.062705+00:00] q33 cat2 F1=1.00 EM=1 chars=5052 pred='20 June 2023'
[2026-05-09T02:01:10.286603+00:00] q34 cat2 F1=0.80 EM=0 chars=4297 pred='Early July 2023'
[2026-05-09T02:01:17.553079+00:00] q35 cat2 F1=0.50 EM=0 chars=4164 pred='March 2023'
[2026-05-09T02:01:24.161779+00:00] q36 cat2 F1=0.33 EM=0 chars=3848 pred='January 20, 2023'
[2026-05-09T02:01:33.481914+00:00] q37 cat2 F1=0.00 EM=0 chars=6186 pred='The retrieved memory contains no mention of Shia LaBeouf. I '
[2026-05-09T02:01:41.169035+00:00] q38 cat2 F1=1.00 EM=1 chars=3113 pred='21 July 2023'
[2026-05-09T02:01:48.589393+00:00] q39 cat4 F1=1.00 EM=1 chars=4013 pred='Contemporary.'
[2026-05-09T02:01:55.997272+00:00] q40 cat4 F1=1.00 EM=1 chars=3537 pred='Contemporary.'
[2026-05-09T02:02:04.430621+00:00] q41 cat4 F1=0.07 EM=0 chars=2935 pred='Attending a dance class with a group of friends on Friday 21'
[2026-05-09T02:02:11.603461+00:00] q42 cat4 F1=0.57 EM=0 chars=4228 pred="A contemporary piece called 'Finding Freedom'."
[2026-05-09T02:02:18.715782+00:00] q43 cat4 F1=0.00 EM=0 chars=4586 pred="The dancers in the photo represent Jon's dance class, showin"
[2026-05-09T02:02:26.936564+00:00] q44 cat4 F1=0.00 EM=0 chars=4032 pred='No information available.'
[2026-05-09T02:02:36.009447+00:00] q45 cat4 F1=0.00 EM=0 chars=4639 pred='Jon received compliments on his dance moves at the festival,'
[2026-05-09T02:02:45.224234+00:00] q46 cat4 F1=1.00 EM=1 chars=4347 pred='Marley flooring'
[2026-05-09T02:02:53.092375+00:00] q47 cat4 F1=0.22 EM=0 chars=4135 pred='A wholesaler replied positively to Gina, enabling her to exp'
[2026-05-09T02:03:01.325718+00:00] q48 cat4 F1=0.00 EM=0 chars=4634 pred='Gina personally designed the interior of her clothing store '
[2026-05-09T02:03:08.396519+00:00] q49 cat4 F1=0.00 EM=0 chars=4035 pred='No information available.'
[2026-05-09T02:03:16.888104+00:00] q50 cat4 F1=0.00 EM=0 chars=4916 pred="Jon credited Gina's encouragement and support as meaningful,"
[2026-05-09T02:03:23.841450+00:00] q51 cat4 F1=0.21 EM=0 chars=5439 pred='Gina personally designed the interior to reflect her own sty'
[2026-05-09T02:03:31.882030+00:00] q52 cat4 F1=0.00 EM=0 chars=5975 pred='No information available.'
[2026-05-09T02:03:43.884360+00:00] q53 cat4 F1=0.22 EM=0 chars=5283 pred='Gina wants shoppers to feel like they\'re in a "cool oasis" a'
[2026-05-09T02:03:51.826509+00:00] q54 cat4 F1=0.00 EM=0 chars=4486 pred='Going well, described as "a wild ride" and "a roller coaster'
[2026-05-09T02:03:59.479914+00:00] q55 cat4 F1=0.29 EM=0 chars=4939 pred='Freedom — specifically dancing without worrying what people '
[2026-05-09T02:04:06.823894+00:00] q56 cat4 F1=0.00 EM=0 chars=4952 pred='No information available.'
[2026-05-09T02:04:14.916591+00:00] q57 cat4 F1=0.00 EM=0 chars=4824 pred='No information available.'
[2026-05-09T02:04:21.617619+00:00] q58 cat4 F1=0.36 EM=0 chars=4526 pred='"as a strategic decision to help his business grow"'
[2026-05-09T02:04:30.499224+00:00] q59 cat4 F1=0.18 EM=0 chars=4870 pred='Gina uses dance as stress relief and fashion as a creative o'
[2026-05-09T02:04:37.646735+00:00] q60 cat4 F1=0.00 EM=0 chars=4552 pred='A stress-buster.'
[2026-05-09T02:04:44.977528+00:00] q61 cat4 F1=1.00 EM=1 chars=4201 pred='A trophy.'
[2026-05-09T02:04:52.852305+00:00] q62 cat4 F1=0.58 EM=0 chars=4913 pred='By **regularly reminding herself of her past successes and p'
[2026-05-09T02:05:02.950786+00:00] q63 cat4 F1=0.36 EM=0 chars=3816 pred='A part-time fashion internship in the fashion department of '
[2026-05-09T02:05:09.626002+00:00] q64 cat4 F1=1.00 EM=1 chars=4050 pred='The fashion department of an international company.'
[2026-05-09T02:05:16.128993+00:00] q65 cat4 F1=1.00 EM=1 chars=5408 pred="'The Lean Startup'"
[2026-05-09T02:05:24.497212+00:00] q66 cat4 F1=0.15 EM=0 chars=3400 pred='Mentoring, guidance, support, encouragement, and a space to '
[2026-05-09T02:05:31.648958+00:00] q67 cat4 F1=0.50 EM=0 chars=3365 pred='Jon uses a clipboard/notepad system to stay organized, set g'
[2026-05-09T02:05:38.892566+00:00] q68 cat4 F1=0.00 EM=0 chars=5160 pred='No information available.'
[2026-05-09T02:05:46.056896+00:00] q69 cat4 F1=0.62 EM=0 chars=4439 pred='To clear his mind while working on his business.'
[2026-05-09T02:05:54.191593+00:00] q70 cat4 F1=1.00 EM=1 chars=4506 pred='A dance studio.'
[2026-05-09T02:06:03.822964+00:00] q71 cat4 F1=0.00 EM=0 chars=3316 pred='Gina believes having a creative space for dancers is deeply '
[2026-05-09T02:06:11.722709+00:00] q72 cat4 F1=0.20 EM=0 chars=4630 pred='Jon feels "excited and ready" after "a long, intense prepara'
[2026-05-09T02:06:19.980755+00:00] q73 cat4 F1=0.00 EM=0 chars=4332 pred='"All her worries vanish as soon as she starts dancing."'
[2026-05-09T02:06:26.538030+00:00] q74 cat4 F1=0.00 EM=0 chars=3462 pred='No information available.'
[2026-05-09T02:06:34.544383+00:00] q75 cat4 F1=0.00 EM=0 chars=4503 pred='No information available.'
[2026-05-09T02:06:43.148045+00:00] q76 cat4 F1=0.25 EM=0 chars=4655 pred='Excited and ready, after a long, intense preparation period.'
[2026-05-09T02:06:50.866185+00:00] q77 cat4 F1=0.00 EM=0 chars=4545 pred='Clothing'
[2026-05-09T02:07:01.094279+00:00] q78 cat4 F1=0.00 EM=0 chars=5062 pred='No information available.'
[2026-05-09T02:07:08.660109+00:00] q79 cat5 F1=1.00 EM=1 chars=4707 pred='Not mentioned in the conversation'
[2026-05-09T02:07:26.970444+00:00] q80 cat4 F1=0.27 EM=0 chars=4038 pred='Jon is "finalizing a business plan and actively seeking inve'
[2026-05-09T02:07:34.579196+00:00] q81 cat4 F1=0.58 EM=0 chars=4399 pred='Gina offered to help Jon create content and manage his socia'
[2026-05-09T02:07:44.284073+00:00] q82 cat5 F1=1.00 EM=1 chars=4859 pred='Not mentioned in the conversation'
[2026-05-09T02:07:50.867375+00:00] q83 cat5 F1=1.00 EM=1 chars=3092 pred='Not mentioned in the conversation'
[2026-05-09T02:08:00.261885+00:00] q84 cat5 F1=1.00 EM=1 chars=3972 pred='Not mentioned in the conversation'
[2026-05-09T02:08:08.391977+00:00] q85 cat5 F1=1.00 EM=1 chars=4665 pred='Not mentioned in the conversation'
[2026-05-09T02:08:15.066341+00:00] q86 cat5 F1=1.00 EM=1 chars=4416 pred='Not mentioned in the conversation'
[2026-05-09T02:08:27.300122+00:00] q87 cat5 F1=1.00 EM=1 chars=5785 pred='Not mentioned in the conversation'
[2026-05-09T02:08:33.913196+00:00] q88 cat5 F1=1.00 EM=1 chars=4339 pred='Not mentioned in the conversation'
[2026-05-09T02:08:43.851754+00:00] q89 cat5 F1=1.00 EM=1 chars=6036 pred='Not mentioned in the conversation'
[2026-05-09T02:08:51.277413+00:00] q90 cat5 F1=1.00 EM=1 chars=5449 pred='Not mentioned in the conversation'
[2026-05-09T02:08:57.981781+00:00] q91 cat5 F1=1.00 EM=1 chars=5394 pred='Not mentioned in the conversation'
[2026-05-09T02:09:05.034679+00:00] q92 cat5 F1=1.00 EM=1 chars=4948 pred='Not mentioned in the conversation'
[2026-05-09T02:09:13.048732+00:00] q93 cat5 F1=1.00 EM=1 chars=4505 pred='Not mentioned in the conversation'
[2026-05-09T02:09:20.358993+00:00] q94 cat5 F1=1.00 EM=1 chars=5147 pred='Not mentioned in the conversation'
[2026-05-09T02:09:27.168094+00:00] q95 cat5 F1=1.00 EM=1 chars=3393 pred='Not mentioned in the conversation'
[2026-05-09T02:09:35.448344+00:00] q96 cat5 F1=1.00 EM=1 chars=6506 pred='Not mentioned in the conversation'
[2026-05-09T02:09:42.171108+00:00] q97 cat5 F1=1.00 EM=1 chars=4156 pred='Not mentioned in the conversation'
[2026-05-09T02:09:49.252557+00:00] q98 cat5 F1=1.00 EM=1 chars=5010 pred='Not mentioned in the conversation'
[2026-05-09T02:09:56.102434+00:00] q99 cat5 F1=1.00 EM=1 chars=4883 pred='Not mentioned in the conversation'
[2026-05-09T02:10:03.360797+00:00] q100 cat5 F1=1.00 EM=1 chars=4309 pred='Not mentioned in the conversation'
[2026-05-09T02:10:09.768148+00:00] q101 cat5 F1=1.00 EM=1 chars=5068 pred='Not mentioned in the conversation'
[2026-05-09T02:10:17.142760+00:00] q102 cat5 F1=1.00 EM=1 chars=4416 pred='Not mentioned in the conversation'
[2026-05-09T02:10:24.034373+00:00] q103 cat5 F1=1.00 EM=1 chars=4754 pred='Not mentioned in the conversation'
[2026-05-09T02:10:35.736247+00:00] q104 cat5 F1=1.00 EM=1 chars=5710 pred='Not mentioned in the conversation'
[2026-05-09T02:10:35.738127+00:00] DONE n=105 F1=0.537 ex5=0.400 wall=856s
